#
# There is insufficient memory for the Java Runtime Environment to continue.
# Native memory allocation (malloc) failed to allocate 209776 bytes for Chunk::new
# Possible reasons:
#   The system is out of physical RAM or swap space
#   The process is running with CompressedOops enabled, and the Java Heap may be blocking the growth of the native heap
# Possible solutions:
#   Reduce memory load on the system
#   Increase physical memory or swap space
#   Check if swap backing store is full
#   Decrease Java heap size (-Xmx/-Xms)
#   Decrease number of Java threads
#   Decrease Java thread stack sizes (-Xss)
#   Set larger code cache with -XX:ReservedCodeCacheSize=
#   JVM is running with Unscaled Compressed Oops mode in which the Java heap is
#     placed in the first 4GB address space. The Java Heap base address is the
#     maximum limit for the native heap growth. Please use -XX:HeapBaseMinAddress
#     to set the Java Heap base and to place the Java Heap above 4GB virtual address.
# This output file may be truncated or incomplete.
#
#  Out of Memory Error (allocation.cpp:389), pid=17152, tid=0x000000000000458c
#
# JRE version: Java(TM) SE Runtime Environment (8.0_202-b08) (build 1.8.0_202-b08)
# Java VM: Java HotSpot(TM) 64-Bit Server VM (25.202-b08 mixed mode windows-amd64 compressed oops)
# Failed to write core dump. Minidumps are not enabled by default on client versions of Windows
#

---------------  T H R E A D  ---------------

Current thread (0x0000000015696000):  JavaThread "C2 CompilerThread0" daemon [_thread_in_native, id=17804, stack(0x0000000016ce0000,0x0000000016de0000)]

Stack: [0x0000000016ce0000,0x0000000016de0000]
[error occurred during error reporting (printing stack bounds), id 0xc0000005]

Native frames: (J=compiled Java code, j=interpreted, Vv=VM code, C=native code)


Current CompileTask:
C2:4136787 9313   !   4       java.util.concurrent.ScheduledThreadPoolExecutor$DelayedWorkQueue::offer (124 bytes)


---------------  P R O C E S S  ---------------

Java Threads: ( => current thread )
  0x00000000183c0800 JavaThread "Forward streams with process: command 'C:\Program Files\Java\jdk1.8.0_202\bin\java.exe' Thread 3" [_thread_in_native, id=6204, stack(0x0000000020300000,0x0000000020400000)]
  0x00000000183bf000 JavaThread "Forward streams with process: command 'C:\Program Files\Java\jdk1.8.0_202\bin\java.exe' Thread 2" [_thread_in_native, id=3156, stack(0x0000000020200000,0x0000000020300000)]
  0x000000001876b800 JavaThread "Run command 'C:\Program Files\Java\jdk1.8.0_202\bin\java.exe'" [_thread_in_native, id=14000, stack(0x000000001f570000,0x000000001f670000)]
  0x000000001876c800 JavaThread "Cache worker for file content cache (C:\Users\WILSON\IdeaProjects\PROJECTO-INTELLICA-HOTEL\.gradle\3.5\fileContent)" [_thread_blocked, id=15848, stack(0x000000001ae30000,0x000000001af30000)]
  0x0000000018763800 JavaThread "Cache worker for task history cache (C:\Users\WILSON\IdeaProjects\PROJECTO-INTELLICA-HOTEL\.gradle\3.5\taskHistory)" [_thread_blocked, id=17828, stack(0x000000001ad30000,0x000000001ae30000)]
  0x0000000018762000 JavaThread "Asynchronous log dispatcher for DefaultDaemonConnection: socket connection from /127.0.0.1:63778 to /127.0.0.1:63928" [_thread_blocked, id=6696, stack(0x000000001ab30000,0x000000001ac30000)]
  0x0000000018765800 JavaThread "Daemon worker Thread 3" [_thread_blocked, id=2508, stack(0x000000001aa30000,0x000000001ab30000)]
  0x0000000018765000 JavaThread "Cancel handler" [_thread_blocked, id=14752, stack(0x000000001a730000,0x000000001a830000)]
  0x0000000018762800 JavaThread "Handler for socket connection from /127.0.0.1:63778 to /127.0.0.1:63928" [_thread_in_native, id=10788, stack(0x00000000013f0000,0x00000000014f0000)]
  0x0000000018768800 JavaThread "Daemon Thread 3" [_thread_blocked, id=14812, stack(0x00000000011f0000,0x00000000012f0000)]
  0x0000000018767000 JavaThread "Memory manager" [_thread_blocked, id=15704, stack(0x000000001f6e0000,0x000000001f7e0000)]
  0x0000000018766800 JavaThread "Cache worker for Artifact transforms cache (C:\Users\WILSON\.gradle\caches\transforms-1)" [_thread_blocked, id=15484, stack(0x000000001b330000,0x000000001b430000)]
  0x0000000018760800 JavaThread "File lock request listener" [_thread_in_native, id=15788, stack(0x000000001b030000,0x000000001b130000)]
  0x000000001875f800 JavaThread "Cache worker for file hash cache (C:\Users\WILSON\.gradle\caches\3.5\fileHashes)" [_thread_blocked, id=388, stack(0x000000001af30000,0x000000001b030000)]
  0x00000000183be800 JavaThread "Daemon periodic checks" [_thread_blocked, id=5656, stack(0x000000001a630000,0x000000001a730000)]
  0x00000000183c0000 JavaThread "Incoming local TCP Connector on port 63778" [_thread_in_native, id=17812, stack(0x000000001a3f0000,0x000000001a4f0000)]
  0x0000000018d86000 JavaThread "Daemon health stats" [_thread_blocked, id=9588, stack(0x0000000019d80000,0x0000000019e80000)]
  0x0000000017010800 JavaThread "Service Thread" daemon [_thread_blocked, id=8216, stack(0x00000000173e0000,0x00000000174e0000)]
  0x00000000156ab800 JavaThread "C1 CompilerThread2" daemon [_thread_blocked, id=10852, stack(0x0000000016ee0000,0x0000000016fe0000)]
  0x000000001569c000 JavaThread "C2 CompilerThread1" daemon [_thread_in_native, id=16476, stack(0x0000000016de0000,0x0000000016ee0000)]
=>0x0000000015696000 JavaThread "C2 CompilerThread0" daemon [_thread_in_native, id=17804, stack(0x0000000016ce0000,0x0000000016de0000)]
  0x0000000015694000 JavaThread "Attach Listener" daemon [_thread_blocked, id=10504, stack(0x0000000016be0000,0x0000000016ce0000)]
  0x0000000015692800 JavaThread "Signal Dispatcher" daemon [_thread_blocked, id=11116, stack(0x0000000016ae0000,0x0000000016be0000)]
  0x0000000002f1b800 JavaThread "Finalizer" daemon [_thread_blocked, id=8232, stack(0x00000000168e0000,0x00000000169e0000)]
  0x0000000002f13000 JavaThread "Reference Handler" daemon [_thread_blocked, id=9812, stack(0x00000000167e0000,0x00000000168e0000)]
  0x0000000002e23000 JavaThread "main" [_thread_blocked, id=13352, stack(0x00000000014f0000,0x00000000015f0000)]

Other Threads:
  0x0000000015657000 VMThread [stack: 0x00000000166e0000,0x00000000167e0000] [id=8956]
  0x0000000017031000 WatcherThread [stack: 0x00000000174e0000,0x00000000175e0000] [id=2236]

VM state:not at safepoint (normal execution)

VM Mutex/Monitor currently owned by a thread: None

heap address: 0x00000000c0000000, size: 1024 MB, Compressed Oops mode: 32-bit
Narrow klass base: 0x0000000000000000, Narrow klass shift: 3
Compressed class space size: 1073741824 Address: 0x0000000100000000

Heap:
 PSYoungGen      total 187392K, used 31532K [0x00000000eab00000, 0x00000000f7d00000, 0x0000000100000000)
  eden space 178688K, 12% used [0x00000000eab00000,0x00000000ec14c898,0x00000000f5980000)
  from space 8704K, 99% used [0x00000000f7480000,0x00000000f7cfe9c8,0x00000000f7d00000)
  to   space 14336K, 0% used [0x00000000f6100000,0x00000000f6100000,0x00000000f6f00000)
 ParOldGen       total 53248K, used 31194K [0x00000000c0000000, 0x00000000c3400000, 0x00000000eab00000)
  object space 53248K, 58% used [0x00000000c0000000,0x00000000c1e769c0,0x00000000c3400000)
 Metaspace       used 43180K, capacity 44518K, committed 44800K, reserved 1087488K
  class space    used 5947K, capacity 6331K, committed 6400K, reserved 1048576K

Card table byte_map: [0x0000000012380000,0x0000000012590000] byte_map_base: 0x0000000011d80000

Marking Bits: (ParMarkBitMap*) 0x000000006bc65ce0
 Begin Bits: [0x0000000012af0000, 0x0000000013af0000)
 End Bits:   [0x0000000013af0000, 0x0000000014af0000)

Polling page: 0x00000000015f0000

CodeCache: size=245760Kb used=27159Kb max_used=27295Kb free=218600Kb
 bounds [0x0000000002fc0000, 0x0000000004aa0000, 0x0000000011fc0000]
 total_blobs=8341 nmethods=7658 adapters=595
 compilation: enabled

Compilation events (10 events):
Event: 4014.176 Thread 0x000000001569c000 9308       4       java.util.concurrent.ThreadPoolExecutor$Worker::unlock (7 bytes)
Event: 4014.181 Thread 0x000000001569c000 nmethod 9308 0x0000000003455050 code [0x00000000034551a0, 0x00000000034552e8]
Event: 4086.861 Thread 0x0000000015696000 9309       4       java.util.concurrent.ThreadPoolExecutor$Worker::lock (6 bytes)
Event: 4086.862 Thread 0x000000001569c000 9310   !   4       org.gradle.internal.concurrent.StoppableExecutorImpl$1::run (59 bytes)
Event: 4086.865 Thread 0x0000000015696000 nmethod 9309 0x000000000323d8d0 code [0x000000000323da20, 0x000000000323db28]
Event: 4086.979 Thread 0x000000001569c000 nmethod 9310 0x0000000003950c10 code [0x0000000003950e20, 0x00000000039518c0]
Event: 4094.265 Thread 0x0000000015696000 9311   !   4       java.util.concurrent.ThreadPoolExecutor::getTask (179 bytes)
Event: 4094.421 Thread 0x0000000015696000 nmethod 9311 0x00000000039a0ad0 code [0x00000000039a0d00, 0x00000000039a18d0]
Event: 4136.639 Thread 0x000000001569c000 9312       4       java.util.concurrent.ScheduledThreadPoolExecutor$DelayedWorkQueue::add (9 bytes)
Event: 4136.642 Thread 0x0000000015696000 9313   !   4       java.util.concurrent.ScheduledThreadPoolExecutor$DelayedWorkQueue::offer (124 bytes)

GC Heap History (10 events):
Event: 113.222 GC heap before
{Heap before GC invocations=14 (full 2):
 PSYoungGen      total 150016K, used 149984K [0x00000000eab00000, 0x00000000f6d00000, 0x0000000100000000)
  eden space 139264K, 100% used [0x00000000eab00000,0x00000000f3300000,0x00000000f3300000)
  from space 10752K, 99% used [0x00000000f3300000,0x00000000f3d78010,0x00000000f3d80000)
  to   space 13312K, 0% used [0x00000000f6000000,0x00000000f6000000,0x00000000f6d00000)
 ParOldGen       total 53248K, used 20274K [0x00000000c0000000, 0x00000000c3400000, 0x00000000eab00000)
  object space 53248K, 38% used [0x00000000c0000000,0x00000000c13cc960,0x00000000c3400000)
 Metaspace       used 41747K, capacity 42704K, committed 42880K, reserved 1085440K
  class space    used 5881K, capacity 6216K, committed 6272K, reserved 1048576K
Event: 113.769 GC heap after
Heap after GC invocations=14 (full 2):
 PSYoungGen      total 179200K, used 7739K [0x00000000eab00000, 0x00000000f6a00000, 0x0000000100000000)
  eden space 168960K, 0% used [0x00000000eab00000,0x00000000eab00000,0x00000000f5000000)
  from space 10240K, 75% used [0x00000000f6000000,0x00000000f678eff8,0x00000000f6a00000)
  to   space 13312K, 0% used [0x00000000f5000000,0x00000000f5000000,0x00000000f5d00000)
 ParOldGen       total 53248K, used 30962K [0x00000000c0000000, 0x00000000c3400000, 0x00000000eab00000)
  object space 53248K, 58% used [0x00000000c0000000,0x00000000c1e3c9c0,0x00000000c3400000)
 Metaspace       used 41747K, capacity 42704K, committed 42880K, reserved 1085440K
  class space    used 5881K, capacity 6216K, committed 6272K, reserved 1048576K
}
Event: 181.357 GC heap before
{Heap before GC invocations=15 (full 2):
 PSYoungGen      total 179200K, used 176699K [0x00000000eab00000, 0x00000000f6a00000, 0x0000000100000000)
  eden space 168960K, 100% used [0x00000000eab00000,0x00000000f5000000,0x00000000f5000000)
  from space 10240K, 75% used [0x00000000f6000000,0x00000000f678eff8,0x00000000f6a00000)
  to   space 13312K, 0% used [0x00000000f5000000,0x00000000f5000000,0x00000000f5d00000)
 ParOldGen       total 53248K, used 30962K [0x00000000c0000000, 0x00000000c3400000, 0x00000000eab00000)
  object space 53248K, 58% used [0x00000000c0000000,0x00000000c1e3c9c0,0x00000000c3400000)
 Metaspace       used 42499K, capacity 43738K, committed 44032K, reserved 1087488K
  class space    used 5928K, capacity 6297K, committed 6400K, reserved 1048576K
Event: 181.586 GC heap after
Heap after GC invocations=15 (full 2):
 PSYoungGen      total 182272K, used 9056K [0x00000000eab00000, 0x00000000f8880000, 0x0000000100000000)
  eden space 168960K, 0% used [0x00000000eab00000,0x00000000eab00000,0x00000000f5000000)
  from space 13312K, 68% used [0x00000000f5000000,0x00000000f58d8000,0x00000000f5d00000)
  to   space 13312K, 0% used [0x00000000f7b80000,0x00000000f7b80000,0x00000000f8880000)
 ParOldGen       total 53248K, used 30970K [0x00000000c0000000, 0x00000000c3400000, 0x00000000eab00000)
  object space 53248K, 58% used [0x00000000c0000000,0x00000000c1e3e9c0,0x00000000c3400000)
 Metaspace       used 42499K, capacity 43738K, committed 44032K, reserved 1087488K
  class space    used 5928K, capacity 6297K, committed 6400K, reserved 1048576K
}
Event: 478.649 GC heap before
{Heap before GC invocations=16 (full 2):
 PSYoungGen      total 182272K, used 178016K [0x00000000eab00000, 0x00000000f8880000, 0x0000000100000000)
  eden space 168960K, 100% used [0x00000000eab00000,0x00000000f5000000,0x00000000f5000000)
  from space 13312K, 68% used [0x00000000f5000000,0x00000000f58d8000,0x00000000f5d00000)
  to   space 13312K, 0% used [0x00000000f7b80000,0x00000000f7b80000,0x00000000f8880000)
 ParOldGen       total 53248K, used 30970K [0x00000000c0000000, 0x00000000c3400000, 0x00000000eab00000)
  object space 53248K, 58% used [0x00000000c0000000,0x00000000c1e3e9c0,0x00000000c3400000)
 Metaspace       used 42833K, capacity 44186K, committed 44288K, reserved 1087488K
  class space    used 5946K, capacity 6329K, committed 6400K, reserved 1048576K
Event: 478.777 GC heap after
Heap after GC invocations=16 (full 2):
 PSYoungGen      total 204800K, used 9920K [0x00000000eab00000, 0x00000000f8580000, 0x0000000100000000)
  eden space 194560K, 0% used [0x00000000eab00000,0x00000000eab00000,0x00000000f6900000)
  from space 10240K, 96% used [0x00000000f7b80000,0x00000000f8530020,0x00000000f8580000)
  to   space 13824K, 0% used [0x00000000f6a80000,0x00000000f6a80000,0x00000000f7800000)
 ParOldGen       total 53248K, used 30978K [0x00000000c0000000, 0x00000000c3400000, 0x00000000eab00000)
  object space 53248K, 58% used [0x00000000c0000000,0x00000000c1e409c0,0x00000000c3400000)
 Metaspace       used 42833K, capacity 44186K, committed 44288K, reserved 1087488K
  class space    used 5946K, capacity 6329K, committed 6400K, reserved 1048576K
}
Event: 1044.171 GC heap before
{Heap before GC invocations=17 (full 2):
 PSYoungGen      total 204800K, used 204480K [0x00000000eab00000, 0x00000000f8580000, 0x0000000100000000)
  eden space 194560K, 100% used [0x00000000eab00000,0x00000000f6900000,0x00000000f6900000)
  from space 10240K, 96% used [0x00000000f7b80000,0x00000000f8530020,0x00000000f8580000)
  to   space 13824K, 0% used [0x00000000f6a80000,0x00000000f6a80000,0x00000000f7800000)
 ParOldGen       total 53248K, used 30978K [0x00000000c0000000, 0x00000000c3400000, 0x00000000eab00000)
  object space 53248K, 58% used [0x00000000c0000000,0x00000000c1e409c0,0x00000000c3400000)
 Metaspace       used 43099K, capacity 44390K, committed 44544K, reserved 1087488K
  class space    used 5947K, capacity 6331K, committed 6400K, reserved 1048576K
Event: 1044.770 GC heap after
Heap after GC invocations=17 (full 2):
 PSYoungGen      total 196608K, used 9978K [0x00000000eab00000, 0x00000000f7d00000, 0x0000000100000000)
  eden space 186368K, 0% used [0x00000000eab00000,0x00000000eab00000,0x00000000f6100000)
  from space 10240K, 97% used [0x00000000f6a80000,0x00000000f743e9a8,0x00000000f7480000)
  to   space 8704K, 0% used [0x00000000f7480000,0x00000000f7480000,0x00000000f7d00000)
 ParOldGen       total 53248K, used 30986K [0x00000000c0000000, 0x00000000c3400000, 0x00000000eab00000)
  object space 53248K, 58% used [0x00000000c0000000,0x00000000c1e429c0,0x00000000c3400000)
 Metaspace       used 43099K, capacity 44390K, committed 44544K, reserved 1087488K
  class space    used 5947K, capacity 6331K, committed 6400K, reserved 1048576K
}
Event: 3810.626 GC heap before
{Heap before GC invocations=18 (full 2):
 PSYoungGen      total 196608K, used 196346K [0x00000000eab00000, 0x00000000f7d00000, 0x0000000100000000)
  eden space 186368K, 100% used [0x00000000eab00000,0x00000000f6100000,0x00000000f6100000)
  from space 10240K, 97% used [0x00000000f6a80000,0x00000000f743e9a8,0x00000000f7480000)
  to   space 8704K, 0% used [0x00000000f7480000,0x00000000f7480000,0x00000000f7d00000)
 ParOldGen       total 53248K, used 30986K [0x00000000c0000000, 0x00000000c3400000, 0x00000000eab00000)
  object space 53248K, 58% used [0x00000000c0000000,0x00000000c1e429c0,0x00000000c3400000)
 Metaspace       used 43179K, capacity 44518K, committed 44800K, reserved 1087488K
  class space    used 5947K, capacity 6331K, committed 6400K, reserved 1048576K
Event: 3810.789 GC heap after
Heap after GC invocations=18 (full 2):
 PSYoungGen      total 187392K, used 8698K [0x00000000eab00000, 0x00000000f7d00000, 0x0000000100000000)
  eden space 178688K, 0% used [0x00000000eab00000,0x00000000eab00000,0x00000000f5980000)
  from space 8704K, 99% used [0x00000000f7480000,0x00000000f7cfe9c8,0x00000000f7d00000)
  to   space 14336K, 0% used [0x00000000f6100000,0x00000000f6100000,0x00000000f6f00000)
 ParOldGen       total 53248K, used 31194K [0x00000000c0000000, 0x00000000c3400000, 0x00000000eab00000)
  object space 53248K, 58% used [0x00000000c0000000,0x00000000c1e769c0,0x00000000c3400000)
 Metaspace       used 43179K, capacity 44518K, committed 44800K, reserved 1087488K
  class space    used 5947K, capacity 6331K, committed 6400K, reserved 1048576K
}

Deoptimization events (10 events):
Event: 116.478 Thread 0x000000001875e000 Uncommon trap: reason=unstable_if action=reinterpret pc=0x00000000035cc598 method=com.google.common.collect.MapMakerInternalMap$Segment.getEntry(Ljava/lang/Object;I)Lcom/google/common/collect/MapMakerInternalMap$ReferenceEntry; @ 40
Event: 116.498 Thread 0x000000001875e000 Uncommon trap: reason=class_check action=maybe_recompile pc=0x00000000040e3c08 method=org.gradle.api.internal.DefaultDomainObjectCollection.isEmpty()Z @ 1
Event: 178.646 Thread 0x0000000018765000 Uncommon trap: reason=class_check action=maybe_recompile pc=0x00000000043c3ce0 method=java.lang.reflect.Array.newInstance(Ljava/lang/Class;I)Ljava/lang/Object; @ 2
Event: 180.723 Thread 0x000000001875e000 Uncommon trap: reason=null_check action=make_not_entrant pc=0x00000000046c2c20 method=org.gradle.api.internal.collections.CollectionFilter.filter(Ljava/lang/Object;)Ljava/lang/Object; @ 5
Event: 181.948 Thread 0x000000001875e000 Uncommon trap: reason=null_check action=make_not_entrant pc=0x0000000003758c4c method=java.lang.ThreadLocal$ThreadLocalMap.getEntryAfterMiss(Ljava/lang/ThreadLocal;ILjava/lang/ThreadLocal$ThreadLocalMap$Entry;)Ljava/lang/ThreadLocal$ThreadLocalMap$Entry; 
Event: 472.645 Thread 0x00000000183c0800 Uncommon trap: reason=class_check action=maybe_recompile pc=0x00000000043c3ce0 method=java.lang.reflect.Array.newInstance(Ljava/lang/Class;I)Ljava/lang/Object; @ 2
Event: 473.053 Thread 0x0000000018765000 Uncommon trap: reason=null_check action=make_not_entrant pc=0x00000000047b4538 method=sun.nio.fs.NativeBuffers.getNativeBufferFromCache(I)Lsun/nio/fs/NativeBuffer; @ 6
Event: 473.055 Thread 0x0000000018765000 Uncommon trap: reason=null_check action=make_not_entrant pc=0x00000000047b53cc method=sun.nio.fs.NativeBuffers.releaseNativeBuffer(Lsun/nio/fs/NativeBuffer;)V @ 6
Event: 604.891 Thread 0x0000000018762800 Uncommon trap: reason=class_check action=maybe_recompile pc=0x00000000043c3ce0 method=java.lang.reflect.Array.newInstance(Ljava/lang/Class;I)Ljava/lang/Object; @ 2
Event: 1151.535 Thread 0x0000000018767000 Uncommon trap: reason=unstable_if action=reinterpret pc=0x0000000004536740 method=java.util.concurrent.locks.AbstractQueuedSynchronizer$ConditionObject.awaitNanos(J)J @ 73

Classes redefined (0 events):
No events

Internal exceptions (10 events):
Event: 57.621 Thread 0x00000000183bd800 Exception <a 'java/lang/NoSuchMethodError': <clinit>> (0x00000000f259e568) thrown at [C:\re\workspace\8-2-build-windows-amd64-cygwin\jdk8u202\12323\hotspot\src\share\vm\prims\jni.cpp, line 1614]
Event: 57.865 Thread 0x00000000183c0800 Exception <a 'java/lang/NoSuchMethodError': <clinit>> (0x00000000f26692c0) thrown at [C:\re\workspace\8-2-build-windows-amd64-cygwin\jdk8u202\12323\hotspot\src\share\vm\prims\jni.cpp, line 1614]
Event: 114.856 Thread 0x000000001875e000 Implicit null exception at 0x0000000003dcafc9 to 0x0000000003dcc355
Event: 119.006 Thread 0x000000001875e000 Exception <a 'java/lang/reflect/InvocationTargetException'> (0x00000000f14040b0) thrown at [C:\re\workspace\8-2-build-windows-amd64-cygwin\jdk8u202\12323\hotspot\src\share\vm\runtime\reflection.cpp, line 1092]
Event: 180.723 Thread 0x000000001875e000 Implicit null exception at 0x00000000046c2adf to 0x00000000046c2c0d
Event: 181.948 Thread 0x000000001875e000 Implicit null exception at 0x00000000037589ce to 0x0000000003758c19
Event: 184.592 Thread 0x000000001875e000 Exception <a 'java/lang/reflect/InvocationTargetException'> (0x00000000ee952ff8) thrown at [C:\re\workspace\8-2-build-windows-amd64-cygwin\jdk8u202\12323\hotspot\src\share\vm\runtime\reflection.cpp, line 1092]
Event: 473.052 Thread 0x0000000018765000 Implicit null exception at 0x00000000047b42bd to 0x00000000047b4529
Event: 473.055 Thread 0x0000000018765000 Implicit null exception at 0x00000000047b50de to 0x00000000047b53bd
Event: 504.552 Thread 0x0000000018765000 Exception <a 'java/lang/reflect/InvocationTargetException'> (0x00000000ed0e9bd0) thrown at [C:\re\workspace\8-2-build-windows-amd64-cygwin\jdk8u202\12323\hotspot\src\share\vm\runtime\reflection.cpp, line 1092]

Events (10 events):
Event: 4086.887 Thread 0x0000000015696000 flushing nmethod 0x000000000398e6d0
Event: 4086.891 Thread 0x0000000015696000 flushing nmethod 0x00000000039a0410
Event: 4086.912 Thread 0x0000000015696000 flushing nmethod 0x00000000039fa8d0
Event: 4086.926 Thread 0x0000000015696000 flushing nmethod 0x0000000003a2e710
Event: 4086.954 Thread 0x0000000015696000 flushing nmethod 0x0000000003a81490
Event: 4086.988 Thread 0x000000001569c000 flushing nmethod 0x0000000003aa8890
Event: 4087.004 Thread 0x000000001569c000 flushing nmethod 0x0000000003aec5d0
Event: 4087.040 Thread 0x000000001569c000 flushing nmethod 0x0000000003bc2bd0
Event: 4087.048 Thread 0x000000001569c000 flushing nmethod 0x0000000003c0b190
Event: 4094.437 Thread 0x0000000015696000 flushing nmethod 0x0000000003c65150


Dynamic libraries:
0x00007ff7f9d10000 - 0x00007ff7f9d47000 	C:\Program Files\Java\jdk1.8.0_202\bin\java.exe
0x00007ff8758f0000 - 0x00007ff875ae5000 	C:\WINDOWS\SYSTEM32\ntdll.dll
0x00007ff874eb0000 - 0x00007ff874f6d000 	C:\WINDOWS\System32\KERNEL32.DLL
0x00007ff873670000 - 0x00007ff87393d000 	C:\WINDOWS\System32\KERNELBASE.dll
0x00007ff874ff0000 - 0x00007ff87509e000 	C:\WINDOWS\System32\ADVAPI32.dll
0x00007ff8746a0000 - 0x00007ff87473e000 	C:\WINDOWS\System32\msvcrt.dll
0x00007ff8743c0000 - 0x00007ff87445c000 	C:\WINDOWS\System32\sechost.dll
0x00007ff874870000 - 0x00007ff874995000 	C:\WINDOWS\System32\RPCRT4.dll
0x00007ff874170000 - 0x00007ff874310000 	C:\WINDOWS\System32\USER32.dll
0x00007ff873070000 - 0x00007ff873092000 	C:\WINDOWS\System32\win32u.dll
0x00007ff8750a0000 - 0x00007ff8750ca000 	C:\WINDOWS\System32\GDI32.dll
0x00007ff873560000 - 0x00007ff87366b000 	C:\WINDOWS\System32\gdi32full.dll
0x00007ff8730d0000 - 0x00007ff87316d000 	C:\WINDOWS\System32\msvcp_win.dll
0x00007ff8733d0000 - 0x00007ff8734d0000 	C:\WINDOWS\System32\ucrtbase.dll
0x00007ff85b8c0000 - 0x00007ff85bb5a000 	C:\WINDOWS\WinSxS\amd64_microsoft.windows.common-controls_6595b64144ccf1df_6.0.19041.1110_none_60b5254171f9507e\COMCTL32.dll
0x00007ff874090000 - 0x00007ff8740c0000 	C:\WINDOWS\System32\IMM32.DLL
0x000000006c620000 - 0x000000006c6f2000 	C:\Program Files\Java\jdk1.8.0_202\jre\bin\msvcr100.dll
0x000000006b440000 - 0x000000006bce5000 	C:\Program Files\Java\jdk1.8.0_202\jre\bin\server\jvm.dll
0x00007ff8753b0000 - 0x00007ff8753b8000 	C:\WINDOWS\System32\PSAPI.DLL
0x00007ff84e4d0000 - 0x00007ff84e4f7000 	C:\WINDOWS\SYSTEM32\WINMM.dll
0x00007ff868c70000 - 0x00007ff868c7a000 	C:\WINDOWS\SYSTEM32\VERSION.dll
0x00007ff844810000 - 0x00007ff844819000 	C:\WINDOWS\SYSTEM32\WSOCK32.dll
0x00007ff8749a0000 - 0x00007ff874a0b000 	C:\WINDOWS\System32\WS2_32.dll
0x00007ff869b80000 - 0x00007ff869b8f000 	C:\Program Files\Java\jdk1.8.0_202\jre\bin\verify.dll
0x00007ff869b50000 - 0x00007ff869b79000 	C:\Program Files\Java\jdk1.8.0_202\jre\bin\java.dll
0x00007ff869600000 - 0x00007ff869616000 	C:\Program Files\Java\jdk1.8.0_202\jre\bin\zip.dll
0x00007ff873940000 - 0x00007ff874084000 	C:\WINDOWS\System32\SHELL32.dll
0x00007ff870b50000 - 0x00007ff8712e4000 	C:\WINDOWS\SYSTEM32\windows.storage.dll
0x00007ff8753c0000 - 0x00007ff875714000 	C:\WINDOWS\System32\combase.dll
0x00007ff872990000 - 0x00007ff8729bc000 	C:\WINDOWS\SYSTEM32\Wldp.dll
0x00007ff874310000 - 0x00007ff8743bd000 	C:\WINDOWS\System32\SHCORE.dll
0x00007ff874f70000 - 0x00007ff874fc5000 	C:\WINDOWS\System32\shlwapi.dll
0x00007ff872f40000 - 0x00007ff872f5f000 	C:\WINDOWS\SYSTEM32\profapi.dll
0x00007ff8695e0000 - 0x00007ff8695fa000 	C:\Program Files\Java\jdk1.8.0_202\jre\bin\net.dll
0x00007ff85df00000 - 0x00007ff85e0ec000 	C:\WINDOWS\SYSTEM32\urlmon.dll
0x00007ff85e490000 - 0x00007ff85e741000 	C:\WINDOWS\SYSTEM32\iertutil.dll
0x00007ff85de10000 - 0x00007ff85de38000 	C:\WINDOWS\SYSTEM32\srvcli.dll
0x00007ff8724f0000 - 0x00007ff8724fc000 	C:\WINDOWS\SYSTEM32\netutils.dll
0x00007ff8726f0000 - 0x00007ff87275a000 	C:\WINDOWS\system32\mswsock.dll
0x00007ff85c270000 - 0x00007ff85c282000 	C:\Program Files\Java\jdk1.8.0_202\jre\bin\nio.dll
0x00007ff859600000 - 0x00007ff85961e000 	C:\Users\WILSON\.gradle\native\25\windows-amd64\native-platform.dll
0x00007ff8728f0000 - 0x00007ff872908000 	C:\WINDOWS\SYSTEM32\CRYPTSP.dll
0x00007ff872070000 - 0x00007ff8720a4000 	C:\WINDOWS\system32\rsaenh.dll
0x00007ff8730a0000 - 0x00007ff8730c7000 	C:\WINDOWS\System32\bcrypt.dll
0x00007ff872f00000 - 0x00007ff872f2e000 	C:\WINDOWS\SYSTEM32\USERENV.dll
0x00007ff8734d0000 - 0x00007ff873552000 	C:\WINDOWS\System32\bcryptprimitives.dll
0x00007ff8728e0000 - 0x00007ff8728ec000 	C:\WINDOWS\SYSTEM32\CRYPTBASE.dll
0x00007ff8723e0000 - 0x00007ff87241b000 	C:\WINDOWS\SYSTEM32\IPHLPAPI.DLL
0x00007ff874a10000 - 0x00007ff874a18000 	C:\WINDOWS\System32\NSI.dll
0x00007ff860ab0000 - 0x00007ff860ac7000 	C:\WINDOWS\SYSTEM32\dhcpcsvc6.DLL
0x00007ff864a30000 - 0x00007ff864a4d000 	C:\WINDOWS\SYSTEM32\dhcpcsvc.DLL
0x00007ff872420000 - 0x00007ff8724eb000 	C:\WINDOWS\SYSTEM32\DNSAPI.dll
0x00007ff85c0e0000 - 0x00007ff85c0ed000 	C:\Program Files\Java\jdk1.8.0_202\jre\bin\management.dll

VM Arguments:
jvm_args: -XX:MaxPermSize=256m -XX:+HeapDumpOnOutOfMemoryError -Xmx1024m -Dfile.encoding=UTF-8 -Duser.country=US -Duser.language=en -Duser.variant 
java_command: org.gradle.launcher.daemon.bootstrap.GradleDaemon 3.5
java_class_path (initial): C:\Users\WILSON\.gradle\wrapper\dists\gradle-3.5-all\exhrs6ca08n232b14ue48lbye\gradle-3.5\lib\gradle-launcher-3.5.jar
Launcher Type: SUN_STANDARD

Environment Variables:
PATH=C:\Program Files\Common Files\Oracle\Java\javapath;C:\Program Files (x86)\Common Files\Oracle\Java\javapath;C:\WINDOWS\system32;C:\WINDOWS;C:\WINDOWS\System32\Wbem;C:\WINDOWS\System32\WindowsPowerShell\v1.0\;C:\Program Files\Microsoft\Web Platform Installer\;C:\Program Files (x86)\PowerShell\7\;C:\WINDOWS\System32\OpenSSH\;C:\Program Files\Git\cmd;C:\grails-3.3.5\bin;C:\Program Files\Microsoft SQL Server\Client SDK\ODBC\110\Tools\Binn\;C:\Program Files (x86)\Microsoft SQL Server\120\Tools\Binn\;C:\Program Files\Microsoft SQL Server\120\Tools\Binn\;C:\Program Files\Microsoft SQL Server\120\DTS\Binn\;C:\Program Files (x86)\Microsoft SQL Server\120\Tools\Binn\ManagementStudio\;C:\Program Files (x86)\Microsoft SQL Server\120\DTS\Binn\;C:\Users\WILSON\AppData\Local\Microsoft\WindowsApps;C:\Users\WILSON\AppData\Local\Programs\Microsoft VS Code\bin;C:\php-7.4.28-nts-Win32-vc15-x64;
USERNAME=WILSON
OS=Windows_NT
PROCESSOR_IDENTIFIER=Intel64 Family 6 Model 142 Stepping 9, GenuineIntel



---------------  S Y S T E M  ---------------

OS: Windows 10.0 , 64 bit Build 19041 (10.0.19041.1706)

CPU:total 4 (initial active 4) (2 cores per cpu, 2 threads per core) family 6 model 142 stepping 9, cmov, cx8, fxsr, mmx, sse, sse2, sse3, ssse3, sse4.1, sse4.2, popcnt, avx, avx2, aes, clmul, erms, 3dnowpref, lzcnt, ht, tsc, tscinvbit, bmi1, bmi2, adx

Memory: 4k page, physical 3554520k(52240k free), swap 14564568k(0k free)

vm_info: Java HotSpot(TM) 64-Bit Server VM (25.202-b08) for windows-amd64 JRE (1.8.0_202-b08), built on Dec 15 2018 19:54:30 by "java_re" with MS VC++ 10.0 (VS2010)

time: Thu Aug 10 10:01:14 2023
timezone: South Africa Standard Time
elapsed time: 4136 seconds (0d 1h 8m 56s)

