#
# There is insufficient memory for the Java Runtime Environment to continue.
# Native memory allocation (malloc) failed to allocate 32744 bytes for ChunkPool::allocate
# Possible reasons:
#   The system is out of physical RAM or swap space
#   The process is running with CompressedOops enabled, and the Java Heap may be blocking the growth of the native heap
# Possible solutions:
#   Reduce memory load on the system
#   Increase physical memory or swap space
#   Check if swap backing store is full
#   Decrease Java heap size (-Xmx/-Xms)
#   Decrease number of Java threads
#   Decrease Java thread stack sizes (-Xss)
#   Set larger code cache with -XX:ReservedCodeCacheSize=
#   JVM is running with Unscaled Compressed Oops mode in which the Java heap is
#     placed in the first 4GB address space. The Java Heap base address is the
#     maximum limit for the native heap growth. Please use -XX:HeapBaseMinAddress
#     to set the Java Heap base and to place the Java Heap above 4GB virtual address.
# This output file may be truncated or incomplete.
#
#  Out of Memory Error (allocation.cpp:272), pid=7600, tid=0x0000000000000b14
#
# JRE version: Java(TM) SE Runtime Environment (8.0_202-b08) (build 1.8.0_202-b08)
# Java VM: Java HotSpot(TM) 64-Bit Server VM (25.202-b08 mixed mode windows-amd64 compressed oops)
# Failed to write core dump. Minidumps are not enabled by default on client versions of Windows
#

---------------  T H R E A D  ---------------

Current thread (0x0000000017e2b800):  JavaThread "Daemon worker" [_thread_in_vm, id=2836, stack(0x000000001a3a0000,0x000000001a4a0000)]

Stack: [0x000000001a3a0000,0x000000001a4a0000]
[error occurred during error reporting (printing stack bounds), id 0xc0000005]

Native frames: (J=compiled Java code, j=interpreted, Vv=VM code, C=native code)

Java frames: (J=compiled Java code, j=interpreted, Vv=VM code)
j  java.lang.Class.getDeclaredMethods0(Z)[Ljava/lang/reflect/Method;+0
J 1234 C1 java.lang.Class.privateGetDeclaredMethods(Z)[Ljava/lang/reflect/Method; (67 bytes) @ 0x0000000002b7589c [0x0000000002b75580+0x31c]
J 1454 C1 java.lang.Class.getDeclaredMethod(Ljava/lang/String;[Ljava/lang/Class;)Ljava/lang/reflect/Method; (67 bytes) @ 0x0000000002c1b904 [0x0000000002c1b820+0xe4]
j  org.gradle.internal.metaobject.BeanDynamicObject.<clinit>()V+21
v  ~StubRoutines::call_stub
j  org.gradle.api.internal.AsmBackedClassGenerator$MixInExtensibleDynamicObject.wrap(Ljava/lang/Object;Ljava/lang/Class;Lorg/gradle/internal/metaobject/DynamicObject;)Lorg/gradle/internal/metaobject/AbstractDynamicObject;+9
j  org.gradle.api.internal.AsmBackedClassGenerator$MixInExtensibleDynamicObject.<init>(Ljava/lang/Object;Ljava/lang/Class;Lorg/gradle/internal/metaobject/DynamicObject;)V+5
j  org.gradle.initialization.DefaultSettings_Decorated.getAsDynamicObject()Lorg/gradle/internal/metaobject/DynamicObject;+22
j  org.gradle.initialization.SettingsFactory.createSettings(Lorg/gradle/api/internal/GradleInternal;Ljava/io/File;Lorg/gradle/groovy/scripts/ScriptSource;Ljava/util/Map;Lorg/gradle/StartParameter;Lorg/gradle/api/internal/initialization/ClassLoaderScope;)Lorg/gradle/api/internal/SettingsInternal;+69
j  org.gradle.initialization.ScriptEvaluatingSettingsProcessor.process(Lorg/gradle/api/internal/GradleInternal;Lorg/gradle/initialization/SettingsLocation;Lorg/gradle/api/internal/initialization/ClassLoaderScope;Lorg/gradle/StartParameter;)Lorg/gradle/api/internal/SettingsInternal;+37
j  org.gradle.initialization.PropertiesLoadingSettingsProcessor.process(Lorg/gradle/api/internal/GradleInternal;Lorg/gradle/initialization/SettingsLocation;Lorg/gradle/api/internal/initialization/ClassLoaderScope;Lorg/gradle/StartParameter;)Lorg/gradle/api/internal/SettingsInternal;+22
j  org.gradle.initialization.NotifyingSettingsProcessor$1.transform(Lorg/gradle/internal/operations/BuildOperationContext;)Lorg/gradle/api/internal/SettingsInternal;+23
j  org.gradle.initialization.NotifyingSettingsProcessor$1.transform(Ljava/lang/Object;)Ljava/lang/Object;+5
j  org.gradle.internal.progress.DefaultBuildOperationExecutor.run(Lorg/gradle/internal/progress/BuildOperationDetails;Lorg/gradle/api/Transformer;)Ljava/lang/Object;+276
j  org.gradle.initialization.NotifyingSettingsProcessor.process(Lorg/gradle/api/internal/GradleInternal;Lorg/gradle/initialization/SettingsLocation;Lorg/gradle/api/internal/initialization/ClassLoaderScope;Lorg/gradle/StartParameter;)Lorg/gradle/api/internal/SettingsInternal;+34
j  org.gradle.initialization.DefaultSettingsLoader.findSettingsAndLoadIfAppropriate(Lorg/gradle/api/internal/GradleInternal;Lorg/gradle/StartParameter;)Lorg/gradle/api/internal/SettingsInternal;+50
j  org.gradle.initialization.DefaultSettingsLoader.findAndLoadSettings(Lorg/gradle/api/internal/GradleInternal;)Lorg/gradle/api/internal/SettingsInternal;+10
j  org.gradle.internal.composite.CompositeBuildSettingsLoader.findAndLoadSettings(Lorg/gradle/api/internal/GradleInternal;)Lorg/gradle/api/internal/SettingsInternal;+5
j  org.gradle.initialization.NotifyingSettingsLoader.findAndLoadSettings(Lorg/gradle/api/internal/GradleInternal;)Lorg/gradle/api/internal/SettingsInternal;+5
j  org.gradle.initialization.DefaultGradleLauncher.doBuildStages(Lorg/gradle/initialization/DefaultGradleLauncher$Stage;)V+47
j  org.gradle.initialization.DefaultGradleLauncher.doBuild(Lorg/gradle/initialization/DefaultGradleLauncher$Stage;)Lorg/gradle/BuildResult;+17
j  org.gradle.initialization.DefaultGradleLauncher.run()Lorg/gradle/BuildResult;+4
j  org.gradle.launcher.exec.GradleBuildController.run()Lorg/gradle/api/internal/GradleInternal;+4
j  org.gradle.tooling.internal.provider.runner.BuildModelActionRunner.run(Lorg/gradle/internal/invocation/BuildAction;Lorg/gradle/internal/invocation/BuildController;)V+48
j  org.gradle.launcher.exec.ChainingBuildActionRunner.run(Lorg/gradle/internal/invocation/BuildAction;Lorg/gradle/internal/invocation/BuildController;)V+34
j  org.gradle.tooling.internal.provider.runner.RunAsBuildOperationBuildActionRunner$1.execute(Lorg/gradle/internal/operations/BuildOperationContext;)V+15
j  org.gradle.tooling.internal.provider.runner.RunAsBuildOperationBuildActionRunner$1.execute(Ljava/lang/Object;)V+5
j  org.gradle.internal.Transformers$4.transform(Ljava/lang/Object;)Ljava/lang/Object;+5
j  org.gradle.internal.progress.DefaultBuildOperationExecutor.run(Lorg/gradle/internal/progress/BuildOperationDetails;Lorg/gradle/api/Transformer;)Ljava/lang/Object;+276
j  org.gradle.internal.progress.DefaultBuildOperationExecutor.run(Ljava/lang/String;Lorg/gradle/api/Action;)V+12
j  org.gradle.tooling.internal.provider.runner.RunAsBuildOperationBuildActionRunner.run(Lorg/gradle/internal/invocation/BuildAction;Lorg/gradle/internal/invocation/BuildController;)V+16
j  org.gradle.tooling.internal.provider.runner.SubscribableBuildActionRunner.run(Lorg/gradle/internal/invocation/BuildAction;Lorg/gradle/internal/invocation/BuildController;)V+37
j  org.gradle.launcher.exec.ChainingBuildActionRunner.run(Lorg/gradle/internal/invocation/BuildAction;Lorg/gradle/internal/invocation/BuildController;)V+34
j  org.gradle.launcher.exec.InProcessBuildActionExecuter.execute(Lorg/gradle/internal/invocation/BuildAction;Lorg/gradle/initialization/BuildRequestContext;Lorg/gradle/launcher/exec/BuildActionParameters;Lorg/gradle/internal/service/ServiceRegistry;)Ljava/lang/Object;+64
j  org.gradle.launcher.exec.InProcessBuildActionExecuter.execute(Lorg/gradle/internal/invocation/BuildAction;Lorg/gradle/initialization/BuildRequestContext;Ljava/lang/Object;Lorg/gradle/internal/service/ServiceRegistry;)Ljava/lang/Object;+9
j  org.gradle.tooling.internal.provider.ContinuousBuildActionExecuter.execute(Lorg/gradle/internal/invocation/BuildAction;Lorg/gradle/initialization/BuildRequestContext;Lorg/gradle/launcher/exec/BuildActionParameters;Lorg/gradle/internal/service/ServiceRegistry;)Ljava/lang/Object;+28
j  org.gradle.tooling.internal.provider.ContinuousBuildActionExecuter.execute(Lorg/gradle/internal/invocation/BuildAction;Lorg/gradle/initialization/BuildRequestContext;Ljava/lang/Object;Lorg/gradle/internal/service/ServiceRegistry;)Ljava/lang/Object;+9
j  org.gradle.tooling.internal.provider.ServicesSetupBuildActionExecuter.execute(Lorg/gradle/internal/invocation/BuildAction;Lorg/gradle/initialization/BuildRequestContext;Lorg/gradle/launcher/exec/BuildActionParameters;Lorg/gradle/internal/service/ServiceRegistry;)Ljava/lang/Object;+85
j  org.gradle.tooling.internal.provider.ServicesSetupBuildActionExecuter.execute(Lorg/gradle/internal/invocation/BuildAction;Lorg/gradle/initialization/BuildRequestContext;Ljava/lang/Object;Lorg/gradle/internal/service/ServiceRegistry;)Ljava/lang/Object;+9
j  org.gradle.launcher.daemon.server.exec.ExecuteBuild.doBuild(Lorg/gradle/launcher/daemon/server/api/DaemonCommandExecution;Lorg/gradle/launcher/daemon/protocol/Build;)V+114
j  org.gradle.launcher.daemon.server.exec.BuildCommandOnly.execute(Lorg/gradle/launcher/daemon/server/api/DaemonCommandExecution;)V+49
j  org.gradle.launcher.daemon.server.api.DaemonCommandExecution.proceed()Z+28
j  org.gradle.launcher.daemon.server.exec.WatchForDisconnection.execute(Lorg/gradle/launcher/daemon/server/api/DaemonCommandExecution;)V+19
j  org.gradle.launcher.daemon.server.api.DaemonCommandExecution.proceed()Z+28
j  org.gradle.launcher.daemon.server.exec.ResetDeprecationLogger.execute(Lorg/gradle/launcher/daemon/server/api/DaemonCommandExecution;)V+4
j  org.gradle.launcher.daemon.server.api.DaemonCommandExecution.proceed()Z+28
j  org.gradle.launcher.daemon.server.exec.RequestStopIfSingleUsedDaemon.execute(Lorg/gradle/launcher/daemon/server/api/DaemonCommandExecution;)V+33
j  org.gradle.launcher.daemon.server.api.DaemonCommandExecution.proceed()Z+28
j  org.gradle.launcher.daemon.server.exec.ForwardClientInput$2.call()Ljava/lang/Void;+4
j  org.gradle.launcher.daemon.server.exec.ForwardClientInput$2.call()Ljava/lang/Object;+1
j  org.gradle.util.Swapper.swap(Ljava/lang/Object;Ljava/util/concurrent/Callable;)Ljava/lang/Object;+21
j  org.gradle.launcher.daemon.server.exec.ForwardClientInput.execute(Lorg/gradle/launcher/daemon/server/api/DaemonCommandExecution;)V+63
j  org.gradle.launcher.daemon.server.api.DaemonCommandExecution.proceed()Z+28
j  org.gradle.launcher.daemon.server.exec.LogAndCheckHealth.execute(Lorg/gradle/launcher/daemon/server/api/DaemonCommandExecution;)V+28
j  org.gradle.launcher.daemon.server.api.DaemonCommandExecution.proceed()Z+28
j  org.gradle.launcher.daemon.server.exec.LogToClient.doBuild(Lorg/gradle/launcher/daemon/server/api/DaemonCommandExecution;Lorg/gradle/launcher/daemon/protocol/Build;)V+87
j  org.gradle.launcher.daemon.server.exec.BuildCommandOnly.execute(Lorg/gradle/launcher/daemon/server/api/DaemonCommandExecution;)V+49
j  org.gradle.launcher.daemon.server.api.DaemonCommandExecution.proceed()Z+28
j  org.gradle.launcher.daemon.server.exec.EstablishBuildEnvironment.doBuild(Lorg/gradle/launcher/daemon/server/api/DaemonCommandExecution;Lorg/gradle/launcher/daemon/protocol/Build;)V+279
j  org.gradle.launcher.daemon.server.exec.BuildCommandOnly.execute(Lorg/gradle/launcher/daemon/server/api/DaemonCommandExecution;)V+49
j  org.gradle.launcher.daemon.server.api.DaemonCommandExecution.proceed()Z+28
j  org.gradle.launcher.daemon.server.exec.StartBuildOrRespondWithBusy$1.run()V+44
j  org.gradle.launcher.daemon.server.DaemonStateCoordinator$1.run()V+4
j  org.gradle.internal.concurrent.ExecutorPolicy$CatchAndRecordFailures.onExecute(Ljava/lang/Runnable;)V+1
j  org.gradle.internal.concurrent.StoppableExecutorImpl$1.run()V+25
j  java.util.concurrent.ThreadPoolExecutor.runWorker(Ljava/util/concurrent/ThreadPoolExecutor$Worker;)V+95
j  java.util.concurrent.ThreadPoolExecutor$Worker.run()V+5
j  java.lang.Thread.run()V+11
v  ~StubRoutines::call_stub

---------------  P R O C E S S  ---------------

Java Threads: ( => current thread )
  0x0000000017f75000 JavaThread "File lock request listener" [_thread_in_native, id=9788, stack(0x000000001a7a0000,0x000000001a8a0000)]
  0x0000000017f74800 JavaThread "Cache worker for file hash cache (C:\Users\WILSON\.gradle\caches\3.5\fileHashes)" [_thread_blocked, id=11748, stack(0x000000001a6a0000,0x000000001a7a0000)]
  0x0000000017005800 JavaThread "Stdin handler" [_thread_blocked, id=4108, stack(0x000000001a5a0000,0x000000001a6a0000)]
  0x0000000017004800 JavaThread "Asynchronous log dispatcher for DefaultDaemonConnection: socket connection from /127.0.0.1:61496 to /127.0.0.1:61498" [_thread_blocked, id=9392, stack(0x000000001a4a0000,0x000000001a5a0000)]
=>0x0000000017e2b800 JavaThread "Daemon worker" [_thread_in_vm, id=2836, stack(0x000000001a3a0000,0x000000001a4a0000)]
  0x0000000017d47000 JavaThread "Cancel handler" [_thread_blocked, id=9676, stack(0x000000001a2a0000,0x000000001a3a0000)]
  0x00000000185b0800 JavaThread "Handler for socket connection from /127.0.0.1:61496 to /127.0.0.1:61498" [_thread_in_native, id=16352, stack(0x000000001a1a0000,0x000000001a2a0000)]
  0x0000000017962800 JavaThread "Daemon" [_thread_blocked, id=15376, stack(0x000000001a0a0000,0x000000001a1a0000)]
  0x0000000017df6800 JavaThread "Daemon periodic checks" [_thread_blocked, id=10176, stack(0x0000000019da0000,0x0000000019ea0000)]
  0x0000000017993000 JavaThread "Incoming local TCP Connector on port 61496" [_thread_in_native, id=3756, stack(0x0000000019b60000,0x0000000019c60000)]
  0x0000000017b17800 JavaThread "Daemon health stats" [_thread_blocked, id=12300, stack(0x00000000194f0000,0x00000000195f0000)]
  0x0000000016758800 JavaThread "Service Thread" daemon [_thread_blocked, id=15764, stack(0x0000000016b50000,0x0000000016c50000)]
  0x0000000014e45000 JavaThread "C1 CompilerThread2" daemon [_thread_blocked, id=12808, stack(0x0000000016650000,0x0000000016750000)]
  0x0000000014dfc000 JavaThread "C2 CompilerThread1" daemon [_thread_in_native, id=15092, stack(0x0000000016550000,0x0000000016650000)]
  0x0000000014df6000 JavaThread "C2 CompilerThread0" daemon [_thread_in_native, id=7820, stack(0x0000000016450000,0x0000000016550000)]
  0x0000000014df4000 JavaThread "Attach Listener" daemon [_thread_blocked, id=5112, stack(0x0000000016350000,0x0000000016450000)]
  0x0000000014df2800 JavaThread "Signal Dispatcher" daemon [_thread_blocked, id=5004, stack(0x0000000016250000,0x0000000016350000)]
  0x000000000271b800 JavaThread "Finalizer" daemon [_thread_blocked, id=14036, stack(0x0000000016050000,0x0000000016150000)]
  0x0000000002713000 JavaThread "Reference Handler" daemon [_thread_blocked, id=10820, stack(0x0000000015f50000,0x0000000016050000)]
  0x00000000003fe800 JavaThread "main" [_thread_blocked, id=12900, stack(0x0000000002520000,0x0000000002620000)]

Other Threads:
  0x0000000014db7000 VMThread [stack: 0x0000000015e50000,0x0000000015f50000] [id=9636]
  0x000000001676a000 WatcherThread [stack: 0x0000000016c50000,0x0000000016d50000] [id=2776]

VM state:not at safepoint (normal execution)

VM Mutex/Monitor currently owned by a thread: None

heap address: 0x00000000c0000000, size: 1024 MB, Compressed Oops mode: 32-bit
Narrow klass base: 0x0000000000000000, Narrow klass shift: 3
Compressed class space size: 1073741824 Address: 0x0000000100000000

Heap:
 PSYoungGen      total 33792K, used 13627K [0x00000000eab00000, 0x00000000ed200000, 0x0000000100000000)
  eden space 29184K, 31% used [0x00000000eab00000,0x00000000eb41d2c8,0x00000000ec780000)
  from space 4608K, 93% used [0x00000000ecc80000,0x00000000ed0b19f0,0x00000000ed100000)
  to   space 5120K, 0% used [0x00000000ec780000,0x00000000ec780000,0x00000000ecc80000)
 ParOldGen       total 38400K, used 6029K [0x00000000c0000000, 0x00000000c2580000, 0x00000000eab00000)
  object space 38400K, 15% used [0x00000000c0000000,0x00000000c05e3760,0x00000000c2580000)
 Metaspace       used 15781K, capacity 16146K, committed 16256K, reserved 1062912K
  class space    used 2248K, capacity 2347K, committed 2432K, reserved 1048576K

Card table byte_map: [0x0000000011ae0000,0x0000000011cf0000] byte_map_base: 0x00000000114e0000

Marking Bits: (ParMarkBitMap*) 0x000000006e575ce0
 Begin Bits: [0x0000000012250000, 0x0000000013250000)
 End Bits:   [0x0000000013250000, 0x0000000014250000)

Polling page: 0x0000000002450000

CodeCache: size=245760Kb used=5251Kb max_used=5251Kb free=240508Kb
 bounds [0x0000000002720000, 0x0000000002c50000, 0x0000000011720000]
 total_blobs=1883 nmethods=1508 adapters=287
 compilation: enabled

Compilation events (10 events):
Event: 7.559 Thread 0x0000000014e45000 1515       3       org.objectweb.asm.Type::a (269 bytes)
Event: 7.560 Thread 0x0000000014e45000 nmethod 1515 0x0000000002c41190 code [0x0000000002c41380, 0x0000000002c41c70]
Event: 7.560 Thread 0x0000000014e45000 1513       3       org.objectweb.asm.Type::getInternalName (20 bytes)
Event: 7.560 Thread 0x0000000014e45000 nmethod 1513 0x0000000002c42050 code [0x0000000002c421c0, 0x0000000002c423c8]
Event: 7.560 Thread 0x0000000014e45000 1512       3       org.objectweb.asm.ClassWriter::a (15 bytes)
Event: 7.560 Thread 0x0000000014e45000 nmethod 1512 0x0000000002c42490 code [0x0000000002c42600, 0x0000000002c427f8]
Event: 7.560 Thread 0x0000000014e45000 1514       1       org.gradle.api.internal.AbstractClassGenerator$PropertyMetaData::getName (5 bytes)
Event: 7.560 Thread 0x0000000014e45000 nmethod 1514 0x0000000002c42910 code [0x0000000002c42a60, 0x0000000002c42b70]
Event: 7.565 Thread 0x0000000014e45000 1516       1       org.gradle.internal.service.DefaultServiceRegistry$ParentServices$1::get (5 bytes)
Event: 7.565 Thread 0x0000000014e45000 nmethod 1516 0x0000000002c42bd0 code [0x0000000002c42d20, 0x0000000002c42e30]

GC Heap History (10 events):
Event: 2.239 GC heap before
{Heap before GC invocations=2 (full 0):
 PSYoungGen      total 16896K, used 16864K [0x00000000eab00000, 0x00000000ebd80000, 0x0000000100000000)
  eden space 14848K, 100% used [0x00000000eab00000,0x00000000eb980000,0x00000000eb980000)
  from space 2048K, 98% used [0x00000000eb980000,0x00000000ebb78050,0x00000000ebb80000)
  to   space 2048K, 0% used [0x00000000ebb80000,0x00000000ebb80000,0x00000000ebd80000)
 ParOldGen       total 38400K, used 926K [0x00000000c0000000, 0x00000000c2580000, 0x00000000eab00000)
  object space 38400K, 2% used [0x00000000c0000000,0x00000000c00e78e0,0x00000000c2580000)
 Metaspace       used 7020K, capacity 7208K, committed 7424K, reserved 1056768K
  class space    used 884K, capacity 952K, committed 1024K, reserved 1048576K
Event: 2.244 GC heap after
Heap after GC invocations=2 (full 0):
 PSYoungGen      total 16896K, used 2032K [0x00000000eab00000, 0x00000000ebd80000, 0x0000000100000000)
  eden space 14848K, 0% used [0x00000000eab00000,0x00000000eab00000,0x00000000eb980000)
  from space 2048K, 99% used [0x00000000ebb80000,0x00000000ebd7c030,0x00000000ebd80000)
  to   space 2048K, 0% used [0x00000000eb980000,0x00000000eb980000,0x00000000ebb80000)
 ParOldGen       total 38400K, used 1445K [0x00000000c0000000, 0x00000000c2580000, 0x00000000eab00000)
  object space 38400K, 3% used [0x00000000c0000000,0x00000000c0169700,0x00000000c2580000)
 Metaspace       used 7020K, capacity 7208K, committed 7424K, reserved 1056768K
  class space    used 884K, capacity 952K, committed 1024K, reserved 1048576K
}
Event: 2.624 GC heap before
{Heap before GC invocations=3 (full 0):
 PSYoungGen      total 16896K, used 16880K [0x00000000eab00000, 0x00000000ebd80000, 0x0000000100000000)
  eden space 14848K, 100% used [0x00000000eab00000,0x00000000eb980000,0x00000000eb980000)
  from space 2048K, 99% used [0x00000000ebb80000,0x00000000ebd7c030,0x00000000ebd80000)
  to   space 2048K, 0% used [0x00000000eb980000,0x00000000eb980000,0x00000000ebb80000)
 ParOldGen       total 38400K, used 1445K [0x00000000c0000000, 0x00000000c2580000, 0x00000000eab00000)
  object space 38400K, 3% used [0x00000000c0000000,0x00000000c0169700,0x00000000c2580000)
 Metaspace       used 7363K, capacity 7552K, committed 7680K, reserved 1056768K
  class space    used 952K, capacity 1024K, committed 1024K, reserved 1048576K
Event: 2.633 GC heap after
Heap after GC invocations=3 (full 0):
 PSYoungGen      total 16896K, used 2016K [0x00000000eab00000, 0x00000000ecc00000, 0x0000000100000000)
  eden space 14848K, 0% used [0x00000000eab00000,0x00000000eab00000,0x00000000eb980000)
  from space 2048K, 98% used [0x00000000eb980000,0x00000000ebb78020,0x00000000ebb80000)
  to   space 2048K, 0% used [0x00000000eca00000,0x00000000eca00000,0x00000000ecc00000)
 ParOldGen       total 38400K, used 2178K [0x00000000c0000000, 0x00000000c2580000, 0x00000000eab00000)
  object space 38400K, 5% used [0x00000000c0000000,0x00000000c0220ab8,0x00000000c2580000)
 Metaspace       used 7363K, capacity 7552K, committed 7680K, reserved 1056768K
  class space    used 952K, capacity 1024K, committed 1024K, reserved 1048576K
}
Event: 5.873 GC heap before
{Heap before GC invocations=4 (full 0):
 PSYoungGen      total 16896K, used 16864K [0x00000000eab00000, 0x00000000ecc00000, 0x0000000100000000)
  eden space 14848K, 100% used [0x00000000eab00000,0x00000000eb980000,0x00000000eb980000)
  from space 2048K, 98% used [0x00000000eb980000,0x00000000ebb78020,0x00000000ebb80000)
  to   space 2048K, 0% used [0x00000000eca00000,0x00000000eca00000,0x00000000ecc00000)
 ParOldGen       total 38400K, used 2178K [0x00000000c0000000, 0x00000000c2580000, 0x00000000eab00000)
  object space 38400K, 5% used [0x00000000c0000000,0x00000000c0220ab8,0x00000000c2580000)
 Metaspace       used 11790K, capacity 12096K, committed 12416K, reserved 1060864K
  class space    used 1574K, capacity 1656K, committed 1664K, reserved 1048576K
Event: 5.880 GC heap after
Heap after GC invocations=4 (full 0):
 PSYoungGen      total 16896K, used 2016K [0x00000000eab00000, 0x00000000ecc00000, 0x0000000100000000)
  eden space 14848K, 0% used [0x00000000eab00000,0x00000000eab00000,0x00000000eb980000)
  from space 2048K, 98% used [0x00000000eca00000,0x00000000ecbf8020,0x00000000ecc00000)
  to   space 2048K, 0% used [0x00000000eb980000,0x00000000eb980000,0x00000000ebb80000)
 ParOldGen       total 38400K, used 4560K [0x00000000c0000000, 0x00000000c2580000, 0x00000000eab00000)
  object space 38400K, 11% used [0x00000000c0000000,0x00000000c0474200,0x00000000c2580000)
 Metaspace       used 11790K, capacity 12096K, committed 12416K, reserved 1060864K
  class space    used 1574K, capacity 1656K, committed 1664K, reserved 1048576K
}
Event: 6.494 GC heap before
{Heap before GC invocations=5 (full 0):
 PSYoungGen      total 16896K, used 16864K [0x00000000eab00000, 0x00000000ecc00000, 0x0000000100000000)
  eden space 14848K, 100% used [0x00000000eab00000,0x00000000eb980000,0x00000000eb980000)
  from space 2048K, 98% used [0x00000000eca00000,0x00000000ecbf8020,0x00000000ecc00000)
  to   space 2048K, 0% used [0x00000000eb980000,0x00000000eb980000,0x00000000ebb80000)
 ParOldGen       total 38400K, used 4560K [0x00000000c0000000, 0x00000000c2580000, 0x00000000eab00000)
  object space 38400K, 11% used [0x00000000c0000000,0x00000000c0474200,0x00000000c2580000)
 Metaspace       used 12852K, capacity 13132K, committed 13184K, reserved 1060864K
  class space    used 1790K, capacity 1898K, committed 1920K, reserved 1048576K
Event: 6.504 GC heap after
Heap after GC invocations=5 (full 0):
 PSYoungGen      total 16896K, used 2032K [0x00000000eab00000, 0x00000000ed100000, 0x0000000100000000)
  eden space 14848K, 0% used [0x00000000eab00000,0x00000000eab00000,0x00000000eb980000)
  from space 2048K, 99% used [0x00000000eb980000,0x00000000ebb7c010,0x00000000ebb80000)
  to   space 4608K, 0% used [0x00000000ecc80000,0x00000000ecc80000,0x00000000ed100000)
 ParOldGen       total 38400K, used 6021K [0x00000000c0000000, 0x00000000c2580000, 0x00000000eab00000)
  object space 38400K, 15% used [0x00000000c0000000,0x00000000c05e1760,0x00000000c2580000)
 Metaspace       used 12852K, capacity 13132K, committed 13184K, reserved 1060864K
  class space    used 1790K, capacity 1898K, committed 1920K, reserved 1048576K
}
Event: 7.283 GC heap before
{Heap before GC invocations=6 (full 0):
 PSYoungGen      total 16896K, used 16880K [0x00000000eab00000, 0x00000000ed100000, 0x0000000100000000)
  eden space 14848K, 100% used [0x00000000eab00000,0x00000000eb980000,0x00000000eb980000)
  from space 2048K, 99% used [0x00000000eb980000,0x00000000ebb7c010,0x00000000ebb80000)
  to   space 4608K, 0% used [0x00000000ecc80000,0x00000000ecc80000,0x00000000ed100000)
 ParOldGen       total 38400K, used 6021K [0x00000000c0000000, 0x00000000c2580000, 0x00000000eab00000)
  object space 38400K, 15% used [0x00000000c0000000,0x00000000c05e1760,0x00000000c2580000)
 Metaspace       used 14510K, capacity 14796K, committed 14976K, reserved 1062912K
  class space    used 2056K, capacity 2154K, committed 2176K, reserved 1048576K
Event: 7.291 GC heap after
Heap after GC invocations=6 (full 0):
 PSYoungGen      total 33792K, used 4294K [0x00000000eab00000, 0x00000000ed200000, 0x0000000100000000)
  eden space 29184K, 0% used [0x00000000eab00000,0x00000000eab00000,0x00000000ec780000)
  from space 4608K, 93% used [0x00000000ecc80000,0x00000000ed0b19f0,0x00000000ed100000)
  to   space 5120K, 0% used [0x00000000ec780000,0x00000000ec780000,0x00000000ecc80000)
 ParOldGen       total 38400K, used 6029K [0x00000000c0000000, 0x00000000c2580000, 0x00000000eab00000)
  object space 38400K, 15% used [0x00000000c0000000,0x00000000c05e3760,0x00000000c2580000)
 Metaspace       used 14510K, capacity 14796K, committed 14976K, reserved 1062912K
  class space    used 2056K, capacity 2154K, committed 2176K, reserved 1048576K
}

Deoptimization events (10 events):
Event: 3.831 Thread 0x00000000003fe800 Uncommon trap: reason=unstable_if action=reinterpret pc=0x000000000298167c method=java.util.HashMap.getNode(ILjava/lang/Object;)Ljava/util/HashMap$Node; @ 129
Event: 3.831 Thread 0x00000000003fe800 Uncommon trap: reason=bimorphic action=maybe_recompile pc=0x00000000029a225c method=java.util.HashMap.putVal(ILjava/lang/Object;Ljava/lang/Object;ZZ)Ljava/lang/Object; @ 203
Event: 5.941 Thread 0x0000000017962800 Uncommon trap: reason=unstable_if action=reinterpret pc=0x0000000002b4dca0 method=java.util.UUID.equals(Ljava/lang/Object;)Z @ 30
Event: 6.019 Thread 0x0000000017e2b800 Uncommon trap: reason=bimorphic action=maybe_recompile pc=0x00000000029a13cc method=java.util.HashMap.putVal(ILjava/lang/Object;Ljava/lang/Object;ZZ)Ljava/lang/Object; @ 253
Event: 6.019 Thread 0x0000000017e2b800 Uncommon trap: reason=bimorphic action=maybe_recompile pc=0x00000000029a13cc method=java.util.HashMap.putVal(ILjava/lang/Object;Ljava/lang/Object;ZZ)Ljava/lang/Object; @ 253
Event: 6.676 Thread 0x0000000017e2b800 Uncommon trap: reason=class_check action=maybe_recompile pc=0x0000000002996ce0 method=java.util.regex.Matcher.match(II)Z @ 86
Event: 6.696 Thread 0x0000000017e2b800 Uncommon trap: reason=class_check action=maybe_recompile pc=0x0000000002996ce0 method=java.util.regex.Matcher.match(II)Z @ 86
Event: 7.312 Thread 0x0000000017e2b800 Uncommon trap: reason=unstable_if action=reinterpret pc=0x0000000002c0f50c method=java.util.jar.JarFile.maybeInstantiateVerifier()V @ 21
Event: 7.480 Thread 0x0000000017e2b800 Uncommon trap: reason=unstable_if action=reinterpret pc=0x0000000002889ec8 method=java.net.URI.match(CJJ)Z @ 19
Event: 7.480 Thread 0x0000000017e2b800 Uncommon trap: reason=unstable_if action=reinterpret pc=0x00000000029cbdc0 method=java.net.URI.match(CJJ)Z @ 19

Classes redefined (0 events):
No events

Internal exceptions (10 events):
Event: 5.987 Thread 0x0000000017e2b800 Exception <a 'java/lang/NoSuchMethodError': <clinit>> (0x00000000ead13250) thrown at [C:\re\workspace\8-2-build-windows-amd64-cygwin\jdk8u202\12323\hotspot\src\share\vm\prims\jni.cpp, line 1614]
Event: 5.989 Thread 0x0000000017e2b800 Exception <a 'java/lang/NoSuchMethodError': <clinit>> (0x00000000ead1b540) thrown at [C:\re\workspace\8-2-build-windows-amd64-cygwin\jdk8u202\12323\hotspot\src\share\vm\prims\jni.cpp, line 1614]
Event: 6.107 Thread 0x0000000017e2b800 Exception <a 'java/lang/ArrayIndexOutOfBoundsException'> (0x00000000eaf6b760) thrown at [C:\re\workspace\8-2-build-windows-amd64-cygwin\jdk8u202\12323\hotspot\src\share\vm\runtime\sharedRuntime.cpp, line 605]
Event: 6.238 Thread 0x0000000017e2b800 Exception <a 'java/lang/ArrayIndexOutOfBoundsException'> (0x00000000eb06d6f0) thrown at [C:\re\workspace\8-2-build-windows-amd64-cygwin\jdk8u202\12323\hotspot\src\share\vm\runtime\sharedRuntime.cpp, line 605]
Event: 6.238 Thread 0x0000000017e2b800 Exception <a 'java/lang/ArrayIndexOutOfBoundsException'> (0x00000000eb06ec38) thrown at [C:\re\workspace\8-2-build-windows-amd64-cygwin\jdk8u202\12323\hotspot\src\share\vm\runtime\sharedRuntime.cpp, line 605]
Event: 6.260 Thread 0x0000000017e2b800 Exception <a 'java/lang/ArrayIndexOutOfBoundsException'> (0x00000000eb09a150) thrown at [C:\re\workspace\8-2-build-windows-amd64-cygwin\jdk8u202\12323\hotspot\src\share\vm\runtime\sharedRuntime.cpp, line 605]
Event: 6.402 Thread 0x0000000017e2b800 Exception <a 'java/lang/ArrayIndexOutOfBoundsException'> (0x00000000eb5c8f58) thrown at [C:\re\workspace\8-2-build-windows-amd64-cygwin\jdk8u202\12323\hotspot\src\share\vm\runtime\sharedRuntime.cpp, line 605]
Event: 6.404 Thread 0x0000000017e2b800 Exception <a 'java/lang/ArrayIndexOutOfBoundsException'> (0x00000000eb5cc588) thrown at [C:\re\workspace\8-2-build-windows-amd64-cygwin\jdk8u202\12323\hotspot\src\share\vm\runtime\sharedRuntime.cpp, line 605]
Event: 6.404 Thread 0x0000000017e2b800 Exception <a 'java/lang/ArrayIndexOutOfBoundsException'> (0x00000000eb5cf250) thrown at [C:\re\workspace\8-2-build-windows-amd64-cygwin\jdk8u202\12323\hotspot\src\share\vm\runtime\sharedRuntime.cpp, line 605]
Event: 7.312 Thread 0x0000000017e2b800 Implicit null exception at 0x0000000002c0f13b to 0x0000000002c0f4fd

Events (10 events):
Event: 7.580 loading class groovy/lang/MetaClassImpl$DummyMetaMethod
Event: 7.580 loading class groovy/lang/MetaClassImpl$DummyMetaMethod done
Event: 7.580 loading class org/codehaus/groovy/util/SingleKeyHashMap$Copier
Event: 7.580 loading class org/codehaus/groovy/util/SingleKeyHashMap$Copier done
Event: 7.581 loading class org/codehaus/groovy/reflection/CachedField
Event: 7.581 loading class org/codehaus/groovy/reflection/CachedField done
Event: 7.581 loading class groovy/lang/ReadOnlyPropertyException
Event: 7.581 loading class groovy/lang/ReadOnlyPropertyException done
Event: 7.582 loading class org/codehaus/groovy/reflection/CachedMethod
Event: 7.582 loading class org/codehaus/groovy/reflection/CachedMethod done


Dynamic libraries:
0x00007ff66ff40000 - 0x00007ff66ff77000 	C:\Program Files\Java\jdk1.8.0_202\bin\java.exe
0x00007ff841b30000 - 0x00007ff841d25000 	C:\WINDOWS\SYSTEM32\ntdll.dll
0x00007ff840a50000 - 0x00007ff840b0d000 	C:\WINDOWS\System32\KERNEL32.DLL
0x00007ff83f4f0000 - 0x00007ff83f7bd000 	C:\WINDOWS\System32\KERNELBASE.dll
0x00007ff8404b0000 - 0x00007ff84055e000 	C:\WINDOWS\System32\ADVAPI32.dll
0x00007ff8419a0000 - 0x00007ff841a3e000 	C:\WINDOWS\System32\msvcrt.dll
0x00007ff840630000 - 0x00007ff8406cc000 	C:\WINDOWS\System32\sechost.dll
0x00007ff840870000 - 0x00007ff840995000 	C:\WINDOWS\System32\RPCRT4.dll
0x00007ff8406d0000 - 0x00007ff840870000 	C:\WINDOWS\System32\USER32.dll
0x00007ff83f2b0000 - 0x00007ff83f2d2000 	C:\WINDOWS\System32\win32u.dll
0x00007ff83fb80000 - 0x00007ff83fbaa000 	C:\WINDOWS\System32\GDI32.dll
0x00007ff83f7c0000 - 0x00007ff83f8cb000 	C:\WINDOWS\System32\gdi32full.dll
0x00007ff83f9e0000 - 0x00007ff83fa7d000 	C:\WINDOWS\System32\msvcp_win.dll
0x00007ff83fa80000 - 0x00007ff83fb80000 	C:\WINDOWS\System32\ucrtbase.dll
0x00007ff8282b0000 - 0x00007ff82854a000 	C:\WINDOWS\WinSxS\amd64_microsoft.windows.common-controls_6595b64144ccf1df_6.0.19041.1110_none_60b5254171f9507e\COMCTL32.dll
0x00007ff840230000 - 0x00007ff840260000 	C:\WINDOWS\System32\IMM32.DLL
0x000000006f040000 - 0x000000006f112000 	C:\Program Files\Java\jdk1.8.0_202\jre\bin\msvcr100.dll
0x000000006dd50000 - 0x000000006e5f5000 	C:\Program Files\Java\jdk1.8.0_202\jre\bin\server\jvm.dll
0x00007ff840df0000 - 0x00007ff840df8000 	C:\WINDOWS\System32\PSAPI.DLL
0x00007ff80fda0000 - 0x00007ff80fda9000 	C:\WINDOWS\SYSTEM32\WSOCK32.dll
0x00007ff81afe0000 - 0x00007ff81b007000 	C:\WINDOWS\SYSTEM32\WINMM.dll
0x00007ff83d220000 - 0x00007ff83d22a000 	C:\WINDOWS\SYSTEM32\VERSION.dll
0x00007ff8405c0000 - 0x00007ff84062b000 	C:\WINDOWS\System32\ws2_32.DLL
0x00007ff83c110000 - 0x00007ff83c11f000 	C:\Program Files\Java\jdk1.8.0_202\jre\bin\verify.dll
0x00007ff828020000 - 0x00007ff828049000 	C:\Program Files\Java\jdk1.8.0_202\jre\bin\java.dll
0x00007ff835360000 - 0x00007ff835376000 	C:\Program Files\Java\jdk1.8.0_202\jre\bin\zip.dll
0x00007ff840e00000 - 0x00007ff841544000 	C:\WINDOWS\System32\SHELL32.dll
0x00007ff83d320000 - 0x00007ff83dab4000 	C:\WINDOWS\SYSTEM32\windows.storage.dll
0x00007ff8415c0000 - 0x00007ff841914000 	C:\WINDOWS\System32\combase.dll
0x00007ff83ebd0000 - 0x00007ff83ebfc000 	C:\WINDOWS\SYSTEM32\Wldp.dll
0x00007ff8409a0000 - 0x00007ff840a4d000 	C:\WINDOWS\System32\SHCORE.dll
0x00007ff840450000 - 0x00007ff8404a5000 	C:\WINDOWS\System32\shlwapi.dll
0x00007ff83f180000 - 0x00007ff83f19f000 	C:\WINDOWS\SYSTEM32\profapi.dll
0x00007ff827fb0000 - 0x00007ff827fca000 	C:\Program Files\Java\jdk1.8.0_202\jre\bin\net.dll
0x00007ff829df0000 - 0x00007ff829fdc000 	C:\WINDOWS\SYSTEM32\urlmon.dll
0x00007ff82a120000 - 0x00007ff82a3d1000 	C:\WINDOWS\SYSTEM32\iertutil.dll
0x00007ff82b550000 - 0x00007ff82b578000 	C:\WINDOWS\SYSTEM32\srvcli.dll
0x00007ff83e730000 - 0x00007ff83e73c000 	C:\WINDOWS\SYSTEM32\netutils.dll
0x00007ff83e930000 - 0x00007ff83e99a000 	C:\WINDOWS\system32\mswsock.dll
0x00007ff827f90000 - 0x00007ff827fa2000 	C:\Program Files\Java\jdk1.8.0_202\jre\bin\nio.dll
0x00007ff827d40000 - 0x00007ff827d5e000 	C:\Users\WILSON\.gradle\native\25\windows-amd64\native-platform.dll
0x00007ff83eb30000 - 0x00007ff83eb48000 	C:\WINDOWS\SYSTEM32\CRYPTSP.dll
0x00007ff83e2b0000 - 0x00007ff83e2e4000 	C:\WINDOWS\system32\rsaenh.dll
0x00007ff83f960000 - 0x00007ff83f987000 	C:\WINDOWS\System32\bcrypt.dll
0x00007ff83f140000 - 0x00007ff83f16e000 	C:\WINDOWS\SYSTEM32\USERENV.dll
0x00007ff83f8d0000 - 0x00007ff83f952000 	C:\WINDOWS\System32\bcryptprimitives.dll
0x00007ff83eb20000 - 0x00007ff83eb2c000 	C:\WINDOWS\SYSTEM32\CRYPTBASE.dll
0x00007ff83e620000 - 0x00007ff83e65b000 	C:\WINDOWS\SYSTEM32\IPHLPAPI.DLL
0x00007ff83fc90000 - 0x00007ff83fc98000 	C:\WINDOWS\System32\NSI.dll
0x00007ff8308d0000 - 0x00007ff8308e7000 	C:\WINDOWS\SYSTEM32\dhcpcsvc6.DLL
0x00007ff8338b0000 - 0x00007ff8338cd000 	C:\WINDOWS\SYSTEM32\dhcpcsvc.DLL
0x00007ff83e660000 - 0x00007ff83e72b000 	C:\WINDOWS\SYSTEM32\DNSAPI.dll
0x00007ff827e30000 - 0x00007ff827e3d000 	C:\Program Files\Java\jdk1.8.0_202\jre\bin\management.dll

VM Arguments:
jvm_args: -XX:MaxPermSize=256m -XX:+HeapDumpOnOutOfMemoryError -Xmx1024m -Dfile.encoding=UTF-8 -Duser.country=US -Duser.language=en -Duser.variant 
java_command: org.gradle.launcher.daemon.bootstrap.GradleDaemon 3.5
java_class_path (initial): C:\Users\WILSON\.gradle\wrapper\dists\gradle-3.5-all\exhrs6ca08n232b14ue48lbye\gradle-3.5\lib\gradle-launcher-3.5.jar
Launcher Type: SUN_STANDARD

Environment Variables:
PATH=C:\Program Files\Common Files\Oracle\Java\javapath;C:\Program Files (x86)\Common Files\Oracle\Java\javapath;C:\WINDOWS\system32;C:\WINDOWS;C:\WINDOWS\System32\Wbem;C:\WINDOWS\System32\WindowsPowerShell\v1.0\;C:\Program Files\Microsoft\Web Platform Installer\;C:\Program Files (x86)\PowerShell\7\;C:\WINDOWS\System32\OpenSSH\;C:\Program Files\Git\cmd;C:\grails-3.3.5\bin;C:\Program Files\Microsoft SQL Server\Client SDK\ODBC\110\Tools\Binn\;C:\Program Files (x86)\Microsoft SQL Server\120\Tools\Binn\;C:\Program Files\Microsoft SQL Server\120\Tools\Binn\;C:\Program Files\Microsoft SQL Server\120\DTS\Binn\;C:\Program Files (x86)\Microsoft SQL Server\120\Tools\Binn\ManagementStudio\;C:\Program Files (x86)\Microsoft SQL Server\120\DTS\Binn\;C:\Users\WILSON\AppData\Local\Microsoft\WindowsApps;C:\Users\WILSON\AppData\Local\Programs\Microsoft VS Code\bin;C:\php-7.4.28-nts-Win32-vc15-x64;
USERNAME=WILSON
OS=Windows_NT
PROCESSOR_IDENTIFIER=Intel64 Family 6 Model 142 Stepping 9, GenuineIntel



---------------  S Y S T E M  ---------------

OS: Windows 10.0 , 64 bit Build 19041 (10.0.19041.1706)

CPU:total 4 (initial active 4) (2 cores per cpu, 2 threads per core) family 6 model 142 stepping 9, cmov, cx8, fxsr, mmx, sse, sse2, sse3, ssse3, sse4.1, sse4.2, popcnt, avx, avx2, aes, clmul, erms, 3dnowpref, lzcnt, ht, tsc, tscinvbit, bmi1, bmi2, adx

Memory: 4k page, physical 3554520k(56244k free), swap 14564568k(3220k free)

vm_info: Java HotSpot(TM) 64-Bit Server VM (25.202-b08) for windows-amd64 JRE (1.8.0_202-b08), built on Dec 15 2018 19:54:30 by "java_re" with MS VC++ 10.0 (VS2010)

time: Mon Jul 17 19:02:46 2023
timezone: Dateline Standard Time
elapsed time: 7 seconds (0d 0h 0m 7s)

