#
# There is insufficient memory for the Java Runtime Environment to continue.
# Native memory allocation (malloc) failed to allocate 32744 bytes for ChunkPool::allocate
# Possible reasons:
#   The system is out of physical RAM or swap space
#   The process is running with CompressedOops enabled, and the Java Heap may be blocking the growth of the native heap
# Possible solutions:
#   Reduce memory load on the system
#   Increase physical memory or swap space
#   Check if swap backing store is full
#   Decrease Java heap size (-Xmx/-Xms)
#   Decrease number of Java threads
#   Decrease Java thread stack sizes (-Xss)
#   Set larger code cache with -XX:ReservedCodeCacheSize=
#   JVM is running with Unscaled Compressed Oops mode in which the Java heap is
#     placed in the first 4GB address space. The Java Heap base address is the
#     maximum limit for the native heap growth. Please use -XX:HeapBaseMinAddress
#     to set the Java Heap base and to place the Java Heap above 4GB virtual address.
# This output file may be truncated or incomplete.
#
#  Out of Memory Error (allocation.cpp:272), pid=14132, tid=0x0000000000003fbc
#
# JRE version: Java(TM) SE Runtime Environment (8.0_202-b08) (build 1.8.0_202-b08)
# Java VM: Java HotSpot(TM) 64-Bit Server VM (25.202-b08 mixed mode windows-amd64 compressed oops)
# Failed to write core dump. Minidumps are not enabled by default on client versions of Windows
#

---------------  T H R E A D  ---------------

Current thread (0x0000000019ed1800):  JavaThread "http-nio-8092-exec-3" daemon [_thread_in_vm, id=16316, stack(0x000000001d210000,0x000000001d310000)]

Stack: [0x000000001d210000,0x000000001d310000]
[error occurred during error reporting (printing stack bounds), id 0xc0000005]

Native frames: (J=compiled Java code, j=interpreted, Vv=VM code, C=native code)

Java frames: (J=compiled Java code, j=interpreted, Vv=VM code)
J 421  java.lang.Throwable.fillInStackTrace(I)Ljava/lang/Throwable; (0 bytes) @ 0x0000000002ef5f3b [0x0000000002ef5f00+0x3b]
J 420 C1 java.lang.Throwable.fillInStackTrace()Ljava/lang/Throwable; (29 bytes) @ 0x0000000002ef5b24 [0x0000000002ef5a00+0x124]
J 938 C1 java.lang.Throwable.<init>(Ljava/lang/String;)V (34 bytes) @ 0x0000000002feb3e4 [0x0000000002feb340+0xa4]
J 3890 C1 groovyjarjarantlr.MismatchedTokenException.<init>([Ljava/lang/String;Lgroovyjarjarantlr/Token;IZLjava/lang/String;)V (59 bytes) @ 0x00000000035bee0c [0x00000000035bed60+0xac]
J 1102 C1 groovyjarjarantlr.Parser.match(I)V (37 bytes) @ 0x0000000003026604 [0x00000000030264e0+0x124]
J 7505 C1 org.codehaus.groovy.antlr.parser.GroovyRecognizer.pathExpression(I)V (388 bytes) @ 0x0000000003c1dfcc [0x0000000003c1daa0+0x52c]
J 7504 C1 org.codehaus.groovy.antlr.parser.GroovyRecognizer.postfixExpression(I)V (267 bytes) @ 0x0000000003c2004c [0x0000000003c1ffa0+0xac]
J 3898 C1 org.codehaus.groovy.antlr.parser.GroovyRecognizer.unaryExpressionNotPlusMinus(I)V (1150 bytes) @ 0x00000000035d0cac [0x00000000035cfb40+0x116c]
J 3897 C1 org.codehaus.groovy.antlr.parser.GroovyRecognizer.powerExpressionNotPlusMinus(I)V (112 bytes) @ 0x00000000035ce6a4 [0x00000000035ce600+0xa4]
J 3896 C1 org.codehaus.groovy.antlr.parser.GroovyRecognizer.multiplicativeExpression(I)V (1878 bytes) @ 0x00000000035c0264 [0x00000000035c0040+0x224]
J 7509 C1 org.codehaus.groovy.antlr.parser.GroovyRecognizer.additiveExpression(I)V (226 bytes) @ 0x0000000003c2362c [0x0000000003c23580+0xac]
J 7508 C1 org.codehaus.groovy.antlr.parser.GroovyRecognizer.shiftExpression(I)V (392 bytes) @ 0x0000000003c3106c [0x0000000003c30fc0+0xac]
J 7507 C1 org.codehaus.groovy.antlr.parser.GroovyRecognizer.relationalExpression(I)V (563 bytes) @ 0x0000000003c2acac [0x0000000003c2ac00+0xac]
J 7514 C1 org.codehaus.groovy.antlr.parser.GroovyRecognizer.equalityExpression(I)V (329 bytes) @ 0x0000000003c25e0c [0x0000000003c25d60+0xac]
J 7513 C1 org.codehaus.groovy.antlr.parser.GroovyRecognizer.regexExpression(I)V (210 bytes) @ 0x0000000003c3938c [0x0000000003c392e0+0xac]
J 7512 C1 org.codehaus.groovy.antlr.parser.GroovyRecognizer.andExpression(I)V (110 bytes) @ 0x0000000003c38164 [0x0000000003c380c0+0xa4]
J 7511 C1 org.codehaus.groovy.antlr.parser.GroovyRecognizer.exclusiveOrExpression(I)V (112 bytes) @ 0x0000000003c37024 [0x0000000003c36f80+0xa4]
J 7510 C1 org.codehaus.groovy.antlr.parser.GroovyRecognizer.inclusiveOrExpression(I)V (112 bytes) @ 0x0000000003c35ee4 [0x0000000003c35e40+0xa4]
J 7516 C1 org.codehaus.groovy.antlr.parser.GroovyRecognizer.logicalAndExpression(I)V (112 bytes) @ 0x0000000003c296a4 [0x0000000003c29600+0xa4]
J 7515 C1 org.codehaus.groovy.antlr.parser.GroovyRecognizer.logicalOrExpression(I)V (112 bytes) @ 0x0000000003c34da4 [0x0000000003c34d00+0xa4]
J 3899 C1 org.codehaus.groovy.antlr.parser.GroovyRecognizer.conditionalExpression(I)V (452 bytes) @ 0x00000000035d5d6c [0x00000000035d5cc0+0xac]
J 3881 C1 org.codehaus.groovy.antlr.parser.GroovyRecognizer.assignmentExpression(I)V (1643 bytes) @ 0x000000000359d9cc [0x000000000359d920+0xac]
J 3880 C1 org.codehaus.groovy.antlr.parser.GroovyRecognizer.expression(I)V (324 bytes) @ 0x000000000359b20c [0x000000000359aba0+0x66c]
J 3888 C1 org.codehaus.groovy.antlr.parser.GroovyRecognizer.expressionStatementNoCheck()V (241 bytes) @ 0x00000000035b2d74 [0x00000000035b2cc0+0xb4]
j  org.codehaus.groovy.antlr.parser.GroovyRecognizer.expressionStatement(I)V+183
J 4259 C1 org.codehaus.groovy.antlr.parser.GroovyRecognizer.statement(I)V (2957 bytes) @ 0x000000000367d73c [0x000000000367a420+0x331c]
j  org.codehaus.groovy.antlr.parser.GroovyRecognizer.blockBody(I)V+1765
j  org.codehaus.groovy.antlr.parser.GroovyRecognizer.closableBlock()V+49
j  org.codehaus.groovy.antlr.parser.GroovyRecognizer.closableBlockConstructorExpression()V+16
J 3887 C1 org.codehaus.groovy.antlr.parser.GroovyRecognizer.primaryExpression()V (922 bytes) @ 0x00000000035b02a4 [0x00000000035af620+0xc84]
J 7505 C1 org.codehaus.groovy.antlr.parser.GroovyRecognizer.pathExpression(I)V (388 bytes) @ 0x0000000003c1db4c [0x0000000003c1daa0+0xac]
J 7504 C1 org.codehaus.groovy.antlr.parser.GroovyRecognizer.postfixExpression(I)V (267 bytes) @ 0x0000000003c2004c [0x0000000003c1ffa0+0xac]
J 3898 C1 org.codehaus.groovy.antlr.parser.GroovyRecognizer.unaryExpressionNotPlusMinus(I)V (1150 bytes) @ 0x00000000035d0cac [0x00000000035cfb40+0x116c]
J 3897 C1 org.codehaus.groovy.antlr.parser.GroovyRecognizer.powerExpressionNotPlusMinus(I)V (112 bytes) @ 0x00000000035ce6a4 [0x00000000035ce600+0xa4]
J 3896 C1 org.codehaus.groovy.antlr.parser.GroovyRecognizer.multiplicativeExpression(I)V (1878 bytes) @ 0x00000000035c0264 [0x00000000035c0040+0x224]
J 7509 C1 org.codehaus.groovy.antlr.parser.GroovyRecognizer.additiveExpression(I)V (226 bytes) @ 0x0000000003c2362c [0x0000000003c23580+0xac]
J 7508 C1 org.codehaus.groovy.antlr.parser.GroovyRecognizer.shiftExpression(I)V (392 bytes) @ 0x0000000003c3106c [0x0000000003c30fc0+0xac]
J 7507 C1 org.codehaus.groovy.antlr.parser.GroovyRecognizer.relationalExpression(I)V (563 bytes) @ 0x0000000003c2acac [0x0000000003c2ac00+0xac]
J 7514 C1 org.codehaus.groovy.antlr.parser.GroovyRecognizer.equalityExpression(I)V (329 bytes) @ 0x0000000003c25e0c [0x0000000003c25d60+0xac]
J 7513 C1 org.codehaus.groovy.antlr.parser.GroovyRecognizer.regexExpression(I)V (210 bytes) @ 0x0000000003c3938c [0x0000000003c392e0+0xac]
J 7512 C1 org.codehaus.groovy.antlr.parser.GroovyRecognizer.andExpression(I)V (110 bytes) @ 0x0000000003c38164 [0x0000000003c380c0+0xa4]
J 7511 C1 org.codehaus.groovy.antlr.parser.GroovyRecognizer.exclusiveOrExpression(I)V (112 bytes) @ 0x0000000003c37024 [0x0000000003c36f80+0xa4]
J 7510 C1 org.codehaus.groovy.antlr.parser.GroovyRecognizer.inclusiveOrExpression(I)V (112 bytes) @ 0x0000000003c35ee4 [0x0000000003c35e40+0xa4]
J 7516 C1 org.codehaus.groovy.antlr.parser.GroovyRecognizer.logicalAndExpression(I)V (112 bytes) @ 0x0000000003c296a4 [0x0000000003c29600+0xa4]
J 7515 C1 org.codehaus.groovy.antlr.parser.GroovyRecognizer.logicalOrExpression(I)V (112 bytes) @ 0x0000000003c34da4 [0x0000000003c34d00+0xa4]
J 3899 C1 org.codehaus.groovy.antlr.parser.GroovyRecognizer.conditionalExpression(I)V (452 bytes) @ 0x00000000035d5d6c [0x00000000035d5cc0+0xac]
J 3881 C1 org.codehaus.groovy.antlr.parser.GroovyRecognizer.assignmentExpression(I)V (1643 bytes) @ 0x000000000359d9cc [0x000000000359d920+0xac]
J 3880 C1 org.codehaus.groovy.antlr.parser.GroovyRecognizer.expression(I)V (324 bytes) @ 0x000000000359b20c [0x000000000359aba0+0x66c]
J 7518 C1 org.codehaus.groovy.antlr.parser.GroovyRecognizer.strictContextExpression(Z)Z (417 bytes) @ 0x0000000003c3c1c4 [0x0000000003c3ba40+0x784]
J 7519 C1 org.codehaus.groovy.antlr.parser.GroovyRecognizer.argument()B (1155 bytes) @ 0x0000000003c40584 [0x0000000003c3f9e0+0xba4]
J 7748 C1 org.codehaus.groovy.antlr.parser.GroovyRecognizer.argList()V (2751 bytes) @ 0x0000000003cb1484 [0x0000000003cb0b80+0x904]
j  org.codehaus.groovy.antlr.parser.GroovyRecognizer.methodCallArgs(Lgroovyjarjarantlr/collections/AST;)V+25
J 7522 C1 org.codehaus.groovy.antlr.parser.GroovyRecognizer.pathElement(Lgroovyjarjarantlr/collections/AST;)V (1337 bytes) @ 0x0000000003c471ec [0x0000000003c46640+0xbac]
J 7505 C1 org.codehaus.groovy.antlr.parser.GroovyRecognizer.pathExpression(I)V (388 bytes) @ 0x0000000003c1dd94 [0x0000000003c1daa0+0x2f4]
J 7504 C1 org.codehaus.groovy.antlr.parser.GroovyRecognizer.postfixExpression(I)V (267 bytes) @ 0x0000000003c2004c [0x0000000003c1ffa0+0xac]
J 3898 C1 org.codehaus.groovy.antlr.parser.GroovyRecognizer.unaryExpressionNotPlusMinus(I)V (1150 bytes) @ 0x00000000035d0cac [0x00000000035cfb40+0x116c]
J 3897 C1 org.codehaus.groovy.antlr.parser.GroovyRecognizer.powerExpressionNotPlusMinus(I)V (112 bytes) @ 0x00000000035ce6a4 [0x00000000035ce600+0xa4]
J 3896 C1 org.codehaus.groovy.antlr.parser.GroovyRecognizer.multiplicativeExpression(I)V (1878 bytes) @ 0x00000000035c0264 [0x00000000035c0040+0x224]
J 7509 C1 org.codehaus.groovy.antlr.parser.GroovyRecognizer.additiveExpression(I)V (226 bytes) @ 0x0000000003c2362c [0x0000000003c23580+0xac]
J 7508 C1 org.codehaus.groovy.antlr.parser.GroovyRecognizer.shiftExpression(I)V (392 bytes) @ 0x0000000003c3106c [0x0000000003c30fc0+0xac]
J 7507 C1 org.codehaus.groovy.antlr.parser.GroovyRecognizer.relationalExpression(I)V (563 bytes) @ 0x0000000003c2acac [0x0000000003c2ac00+0xac]
J 7514 C1 org.codehaus.groovy.antlr.parser.GroovyRecognizer.equalityExpression(I)V (329 bytes) @ 0x0000000003c25e0c [0x0000000003c25d60+0xac]
J 7513 C1 org.codehaus.groovy.antlr.parser.GroovyRecognizer.regexExpression(I)V (210 bytes) @ 0x0000000003c3938c [0x0000000003c392e0+0xac]
J 7512 C1 org.codehaus.groovy.antlr.parser.GroovyRecognizer.andExpression(I)V (110 bytes) @ 0x0000000003c38164 [0x0000000003c380c0+0xa4]
J 7511 C1 org.codehaus.groovy.antlr.parser.GroovyRecognizer.exclusiveOrExpression(I)V (112 bytes) @ 0x0000000003c37024 [0x0000000003c36f80+0xa4]
J 7510 C1 org.codehaus.groovy.antlr.parser.GroovyRecognizer.inclusiveOrExpression(I)V (112 bytes) @ 0x0000000003c35ee4 [0x0000000003c35e40+0xa4]
J 7516 C1 org.codehaus.groovy.antlr.parser.GroovyRecognizer.logicalAndExpression(I)V (112 bytes) @ 0x0000000003c296a4 [0x0000000003c29600+0xa4]
J 7515 C1 org.codehaus.groovy.antlr.parser.GroovyRecognizer.logicalOrExpression(I)V (112 bytes) @ 0x0000000003c34da4 [0x0000000003c34d00+0xa4]
J 3899 C1 org.codehaus.groovy.antlr.parser.GroovyRecognizer.conditionalExpression(I)V (452 bytes) @ 0x00000000035d5d6c [0x00000000035d5cc0+0xac]
J 3881 C1 org.codehaus.groovy.antlr.parser.GroovyRecognizer.assignmentExpression(I)V (1643 bytes) @ 0x000000000359d9cc [0x000000000359d920+0xac]
J 3880 C1 org.codehaus.groovy.antlr.parser.GroovyRecognizer.expression(I)V (324 bytes) @ 0x000000000359b20c [0x000000000359aba0+0x66c]
J 3888 C1 org.codehaus.groovy.antlr.parser.GroovyRecognizer.expressionStatementNoCheck()V (241 bytes) @ 0x00000000035b2d74 [0x00000000035b2cc0+0xb4]
j  org.codehaus.groovy.antlr.parser.GroovyRecognizer.expressionStatement(I)V+183
J 4259 C1 org.codehaus.groovy.antlr.parser.GroovyRecognizer.statement(I)V (2957 bytes) @ 0x000000000367d73c [0x000000000367a420+0x331c]
j  org.codehaus.groovy.antlr.parser.GroovyRecognizer.blockBody(I)V+1765
j  org.codehaus.groovy.antlr.parser.GroovyRecognizer.openBlock()V+36
j  org.codehaus.groovy.antlr.parser.GroovyRecognizer.variableDefinitions(Lgroovyjarjarantlr/collections/AST;Lgroovyjarjarantlr/collections/AST;)V+620
j  org.codehaus.groovy.antlr.parser.GroovyRecognizer.declaration()V+497
j  org.codehaus.groovy.antlr.parser.GroovyRecognizer.classField()V+616
j  org.codehaus.groovy.antlr.parser.GroovyRecognizer.classBlock()V+637
j  org.codehaus.groovy.antlr.parser.GroovyRecognizer.classDefinition(Lgroovyjarjarantlr/collections/AST;)V+226
j  org.codehaus.groovy.antlr.parser.GroovyRecognizer.typeDefinitionInternal(Lgroovyjarjarantlr/collections/AST;)V+70
J 4259 C1 org.codehaus.groovy.antlr.parser.GroovyRecognizer.statement(I)V (2957 bytes) @ 0x000000000367d69c [0x000000000367a420+0x327c]
j  org.codehaus.groovy.antlr.parser.GroovyRecognizer.compilationUnit()V+2809
j  org.codehaus.groovy.antlr.AntlrParserPlugin.transformCSTIntoAST(Lorg/codehaus/groovy/control/SourceUnit;Ljava/io/Reader;Lorg/codehaus/groovy/antlr/SourceBuffer;)V+83
j  org.codehaus.groovy.antlr.AntlrParserPlugin.parseCST(Lorg/codehaus/groovy/control/SourceUnit;Ljava/io/Reader;)Lorg/codehaus/groovy/syntax/Reduction;+12
j  org.codehaus.groovy.control.SourceUnit.parse()V+63
j  org.codehaus.groovy.control.CompilationUnit$1.call(Lorg/codehaus/groovy/control/SourceUnit;)V+1
j  org.codehaus.groovy.control.CompilationUnit.applyToSourceUnits(Lorg/codehaus/groovy/control/CompilationUnit$SourceUnitOperation;)V+79
j  org.codehaus.groovy.control.CompilationUnit.doPhaseOperation(Ljava/lang/Object;)V+30
j  org.codehaus.groovy.control.CompilationUnit.processPhaseOperations(I)V+32
j  org.codehaus.groovy.control.CompilationUnit.compile(I)V+60
j  groovy.lang.GroovyClassLoader.doParseClass(Lgroovy/lang/GroovyCodeSource;)Ljava/lang/Class;+163
j  groovy.lang.GroovyClassLoader.parseClass(Lgroovy/lang/GroovyCodeSource;Z)Ljava/lang/Class;+37
j  groovy.lang.GroovyClassLoader.parseClass(Lgroovy/lang/GroovyCodeSource;)Ljava/lang/Class;+6
j  groovy.lang.GroovyClassLoader.parseClass(Ljava/lang/String;Ljava/lang/String;)Ljava/lang/Class;+24
j  org.grails.gsp.GroovyPagesTemplateEngine.compileGroovyPage(Ljava/io/InputStream;Ljava/lang/String;Ljava/lang/String;Lorg/grails/gsp/GroovyPageMetaInfo;)Ljava/lang/Class;+19
j  org.grails.gsp.GroovyPagesTemplateEngine.buildPageMetaInfo(Ljava/io/InputStream;Lorg/springframework/core/io/Resource;Ljava/lang/String;)Lorg/grails/gsp/GroovyPageMetaInfo;+178
j  org.grails.gsp.GroovyPagesTemplateEngine.buildPageMetaInfo(Lorg/springframework/core/io/Resource;Ljava/lang/String;)Lorg/grails/gsp/GroovyPageMetaInfo;+11
j  org.grails.gsp.GroovyPagesTemplateEngine$GroovyPagesTemplateEngineCacheEntry.updateValue(Lorg/grails/gsp/GroovyPageMetaInfo;Ljava/util/concurrent/Callable;Ljava/lang/Object;)Lorg/grails/gsp/GroovyPageMetaInfo;+24
j  org.grails.gsp.GroovyPagesTemplateEngine$GroovyPagesTemplateEngineCacheEntry.updateValue(Ljava/lang/Object;Ljava/util/concurrent/Callable;Ljava/lang/Object;)Ljava/lang/Object;+7
j  grails.util.CacheEntry.getValue(JLjava/util/concurrent/Callable;ZLjava/lang/Object;)Ljava/lang/Object;+177
j  grails.util.CacheEntry.getValue(Ljava/util/concurrent/ConcurrentMap;Ljava/lang/Object;JLjava/util/concurrent/Callable;Ljava/util/concurrent/Callable;ZLjava/lang/Object;)Ljava/lang/Object;+76
j  org.grails.gsp.GroovyPagesTemplateEngine.createTemplate(Lorg/springframework/core/io/Resource;Ljava/lang/String;Z)Lgroovy/text/Template;+31
j  org.grails.gsp.GroovyPagesTemplateEngine.createTemplate(Lorg/springframework/core/io/Resource;Z)Lgroovy/text/Template;+26
j  org.grails.gsp.GroovyPagesTemplateEngine.createTemplate(Lorg/springframework/scripting/ScriptSource;)Lgroovy/text/Template;+36
j  org.grails.web.servlet.view.GroovyPageView.initTemplate()V+44
j  org.grails.web.servlet.view.GroovyPageView.afterPropertiesSet()V+5
j  org.grails.web.servlet.view.GroovyPageViewResolver.createGroovyPageView(Ljava/lang/String;Lorg/springframework/scripting/ScriptSource;)Lorg/springframework/web/servlet/View;+88
j  org.grails.web.servlet.view.GroovyPageViewResolver.createGrailsView(Ljava/lang/String;)Lorg/springframework/web/servlet/View;+116
j  org.grails.web.servlet.view.GroovyPageViewResolver.loadView(Ljava/lang/String;Ljava/util/Locale;)Lorg/springframework/web/servlet/View;+43
j  grails.plugin.scaffolding.ScaffoldingViewResolver.loadView(Ljava/lang/String;Ljava/util/Locale;)Lorg/springframework/web/servlet/View;+3
j  org.springframework.web.servlet.view.AbstractCachingViewResolver.createView(Ljava/lang/String;Ljava/util/Locale;)Lorg/springframework/web/servlet/View;+3
j  org.springframework.web.servlet.view.UrlBasedViewResolver.createView(Ljava/lang/String;Ljava/util/Locale;)Lorg/springframework/web/servlet/View;+96
j  org.springframework.web.servlet.view.AbstractCachingViewResolver.resolveViewName(Ljava/lang/String;Ljava/util/Locale;)Lorg/springframework/web/servlet/View;+10
j  org.grails.web.sitemesh.GroovyPageLayoutFinder.getNamedDecorator(Ljavax/servlet/http/HttpServletRequest;Ljava/lang/String;Z)Lcom/opensymphony/module/sitemesh/Decorator;+95
j  org.grails.web.sitemesh.GroovyPageLayoutFinder.getNamedDecorator(Ljavax/servlet/http/HttpServletRequest;Ljava/lang/String;)Lcom/opensymphony/module/sitemesh/Decorator;+15
j  org.grails.web.sitemesh.GroovyPageLayoutFinder.findLayout(Ljavax/servlet/http/HttpServletRequest;Lcom/opensymphony/module/sitemesh/Page;)Lcom/opensymphony/module/sitemesh/Decorator;+430
j  org.grails.web.sitemesh.GroovyPageLayoutFinder.findLayout(Ljavax/servlet/http/HttpServletRequest;Lcom/opensymphony/sitemesh/Content;)Lcom/opensymphony/module/sitemesh/Decorator;+6
j  org.grails.web.sitemesh.GrailsLayoutView.renderTemplate(Ljava/util/Map;Lorg/grails/web/servlet/mvc/GrailsWebRequest;Ljavax/servlet/http/HttpServletRequest;Ljavax/servlet/http/HttpServletResponse;)V+147
j  org.grails.web.servlet.view.AbstractGrailsView.renderWithinGrailsWebRequest(Ljava/util/Map;Ljavax/servlet/http/HttpServletRequest;Ljavax/servlet/http/HttpServletResponse;)V+54
j  org.grails.web.servlet.view.AbstractGrailsView.renderMergedOutputModel(Ljava/util/Map;Ljavax/servlet/http/HttpServletRequest;Ljavax/servlet/http/HttpServletResponse;)V+10
j  org.springframework.web.servlet.view.AbstractView.render(Ljava/util/Map;Ljavax/servlet/http/HttpServletRequest;Ljavax/servlet/http/HttpServletResponse;)V+88
j  org.springframework.web.servlet.DispatcherServlet.render(Lorg/springframework/web/servlet/ModelAndView;Ljavax/servlet/http/HttpServletRequest;Ljavax/servlet/http/HttpServletResponse;)V+246
j  org.springframework.web.servlet.DispatcherServlet.processDispatchResult(Ljavax/servlet/http/HttpServletRequest;Ljavax/servlet/http/HttpServletResponse;Lorg/springframework/web/servlet/HandlerExecutionChain;Lorg/springframework/web/servlet/ModelAndView;Ljava/lang/Exception;)V+99
j  org.springframework.web.servlet.DispatcherServlet.doDispatch(Ljavax/servlet/http/HttpServletRequest;Ljavax/servlet/http/HttpServletResponse;)V+424
j  org.springframework.web.servlet.DispatcherServlet.doService(Ljavax/servlet/http/HttpServletRequest;Ljavax/servlet/http/HttpServletResponse;)V+307
j  org.springframework.web.servlet.FrameworkServlet.processRequest(Ljavax/servlet/http/HttpServletRequest;Ljavax/servlet/http/HttpServletResponse;)V+71
j  org.springframework.web.servlet.FrameworkServlet.doGet(Ljavax/servlet/http/HttpServletRequest;Ljavax/servlet/http/HttpServletResponse;)V+3
j  javax.servlet.http.HttpServlet.service(Ljavax/servlet/http/HttpServletRequest;Ljavax/servlet/http/HttpServletResponse;)V+35
j  org.springframework.web.servlet.FrameworkServlet.service(Ljavax/servlet/http/HttpServletRequest;Ljavax/servlet/http/HttpServletResponse;)V+33
j  javax.servlet.http.HttpServlet.service(Ljavax/servlet/ServletRequest;Ljavax/servlet/ServletResponse;)V+31
j  org.apache.catalina.core.ApplicationFilterChain.internalDoFilter(Ljavax/servlet/ServletRequest;Ljavax/servlet/ServletResponse;)V+304
j  org.apache.catalina.core.ApplicationFilterChain.doFilter(Ljavax/servlet/ServletRequest;Ljavax/servlet/ServletResponse;)V+101
j  org.springframework.security.web.FilterChainProxy$VirtualFilterChain.doFilter(Ljavax/servlet/ServletRequest;Ljavax/servlet/ServletResponse;)V+68
j  org.springframework.security.web.access.intercept.FilterSecurityInterceptor.invoke(Lorg/springframework/security/web/FilterInvocation;)V+87
j  org.springframework.security.web.access.intercept.FilterSecurityInterceptor.doFilter(Ljavax/servlet/ServletRequest;Ljavax/servlet/ServletResponse;Ljavax/servlet/FilterChain;)V+15
j  org.springframework.security.web.FilterChainProxy$VirtualFilterChain.doFilter(Ljavax/servlet/ServletRequest;Ljavax/servlet/ServletResponse;)V+192
j  org.springframework.security.web.access.ExceptionTranslationFilter.doFilter(Ljavax/servlet/ServletRequest;Ljavax/servlet/ServletResponse;Ljavax/servlet/FilterChain;)V+17
j  grails.plugin.springsecurity.web.UpdateRequestContextHolderExceptionTranslationFilter.doFilter(Ljavax/servlet/ServletRequest;Ljavax/servlet/ServletResponse;Ljavax/servlet/FilterChain;)V+161
j  org.springframework.security.web.FilterChainProxy$VirtualFilterChain.doFilter(Ljavax/servlet/ServletRequest;Ljavax/servlet/ServletResponse;)V+192
j  org.springframework.web.filter.OncePerRequestFilter.doFilter(Ljavax/servlet/ServletRequest;Ljavax/servlet/ServletResponse;Ljavax/servlet/FilterChain;)V+86
j  org.springframework.security.web.FilterChainProxy$VirtualFilterChain.doFilter(Ljavax/servlet/ServletRequest;Ljavax/servlet/ServletResponse;)V+192
j  grails.plugin.springsecurity.web.filter.GrailsAnonymousAuthenticationFilter.doFilter(Ljavax/servlet/ServletRequest;Ljavax/servlet/ServletResponse;Ljavax/servlet/FilterChain;)V+18
j  org.springframework.security.web.FilterChainProxy$VirtualFilterChain.doFilter(Ljavax/servlet/ServletRequest;Ljavax/servlet/ServletResponse;)V+192
j  org.springframework.security.web.authentication.rememberme.RememberMeAuthenticationFilter.doFilter(Ljavax/servlet/ServletRequest;Ljavax/servlet/ServletResponse;Ljavax/servlet/FilterChain;)V+267
j  org.springframework.security.web.FilterChainProxy$VirtualFilterChain.doFilter(Ljavax/servlet/ServletRequest;Ljavax/servlet/ServletResponse;)V+192
j  org.springframework.security.web.servletapi.SecurityContextHolderAwareRequestFilter.doFilter(Ljavax/servlet/ServletRequest;Ljavax/servlet/ServletResponse;Ljavax/servlet/FilterChain;)V+19
j  org.springframework.security.web.FilterChainProxy$VirtualFilterChain.doFilter(Ljavax/servlet/ServletRequest;Ljavax/servlet/ServletResponse;)V+192
j  org.springframework.security.web.authentication.AbstractAuthenticationProcessingFilter.doFilter(Ljavax/servlet/ServletRequest;Ljavax/servlet/ServletResponse;Ljavax/servlet/FilterChain;)V+28
j  org.springframework.security.web.FilterChainProxy$VirtualFilterChain.doFilter(Ljavax/servlet/ServletRequest;Ljavax/servlet/ServletResponse;)V+192
j  grails.plugin.springsecurity.web.authentication.logout.MutableLogoutFilter.doFilter(Ljavax/servlet/ServletRequest;Ljavax/servlet/ServletResponse;Ljavax/servlet/FilterChain;)V+95
j  org.springframework.security.web.FilterChainProxy$VirtualFilterChain.doFilter(Ljavax/servlet/ServletRequest;Ljavax/servlet/ServletResponse;)V+192
j  org.springframework.security.web.context.SecurityContextPersistenceFilter.doFilter(Ljavax/servlet/ServletRequest;Ljavax/servlet/ServletResponse;Ljavax/servlet/FilterChain;)V+165
j  org.springframework.security.web.FilterChainProxy$VirtualFilterChain.doFilter(Ljavax/servlet/ServletRequest;Ljavax/servlet/ServletResponse;)V+192
j  grails.plugin.springsecurity.web.SecurityRequestHolderFilter.doFilter(Ljavax/servlet/ServletRequest;Ljavax/servlet/ServletResponse;Ljavax/servlet/FilterChain;)V+38
j  org.springframework.security.web.FilterChainProxy$VirtualFilterChain.doFilter(Ljavax/servlet/ServletRequest;Ljavax/servlet/ServletResponse;)V+192
j  org.springframework.security.web.FilterChainProxy.doFilterInternal(Ljavax/servlet/ServletRequest;Ljavax/servlet/ServletResponse;Ljavax/servlet/FilterChain;)V+142
j  org.springframework.security.web.FilterChainProxy.doFilter(Ljavax/servlet/ServletRequest;Ljavax/servlet/ServletResponse;Ljavax/servlet/FilterChain;)V+40
j  org.apache.catalina.core.ApplicationFilterChain.internalDoFilter(Ljavax/servlet/ServletRequest;Ljavax/servlet/ServletResponse;)V+135
j  org.apache.catalina.core.ApplicationFilterChain.doFilter(Ljavax/servlet/ServletRequest;Ljavax/servlet/ServletResponse;)V+101
j  org.apache.catalina.core.ApplicationDispatcher.invoke(Ljavax/servlet/ServletRequest;Ljavax/servlet/ServletResponse;Lorg/apache/catalina/core/ApplicationDispatcher$State;)V+347
j  org.apache.catalina.core.ApplicationDispatcher.processRequest(Ljavax/servlet/ServletRequest;Ljavax/servlet/ServletResponse;Lorg/apache/catalina/core/ApplicationDispatcher$State;)V+114
j  org.apache.catalina.core.ApplicationDispatcher.doForward(Ljavax/servlet/ServletRequest;Ljavax/servlet/ServletResponse;)V+388
j  org.apache.catalina.core.ApplicationDispatcher.forward(Ljavax/servlet/ServletRequest;Ljavax/servlet/ServletResponse;)V+55
j  org.apache.catalina.core.StandardHostValve.custom(Lorg/apache/catalina/connector/Request;Lorg/apache/catalina/connector/Response;Lorg/apache/tomcat/util/descriptor/web/ErrorPage;)Z+161
j  org.apache.catalina.core.StandardHostValve.status(Lorg/apache/catalina/connector/Request;Lorg/apache/catalina/connector/Response;)V+160
j  org.apache.catalina.core.StandardHostValve.invoke(Lorg/apache/catalina/connector/Request;Lorg/apache/catalina/connector/Response;)V+319
j  org.apache.catalina.valves.ErrorReportValve.invoke(Lorg/apache/catalina/connector/Request;Lorg/apache/catalina/connector/Response;)V+6
j  org.apache.catalina.core.StandardEngineValve.invoke(Lorg/apache/catalina/connector/Request;Lorg/apache/catalina/connector/Response;)V+71
j  org.apache.catalina.connector.CoyoteAdapter.service(Lorg/apache/coyote/Request;Lorg/apache/coyote/Response;)V+200
j  org.apache.coyote.http11.Http11Processor.service(Lorg/apache/tomcat/util/net/SocketWrapperBase;)Lorg/apache/tomcat/util/net/AbstractEndpoint$Handler$SocketState;+814
j  org.apache.coyote.AbstractProcessorLight.process(Lorg/apache/tomcat/util/net/SocketWrapperBase;Lorg/apache/tomcat/util/net/SocketEvent;)Lorg/apache/tomcat/util/net/AbstractEndpoint$Handler$SocketState;+113
j  org.apache.coyote.AbstractProtocol$ConnectionHandler.process(Lorg/apache/tomcat/util/net/SocketWrapperBase;Lorg/apache/tomcat/util/net/SocketEvent;)Lorg/apache/tomcat/util/net/AbstractEndpoint$Handler$SocketState;+378
j  org.apache.tomcat.util.net.NioEndpoint$SocketProcessor.doRun()V+191
j  org.apache.tomcat.util.net.SocketProcessorBase.run()V+21
j  java.util.concurrent.ThreadPoolExecutor.runWorker(Ljava/util/concurrent/ThreadPoolExecutor$Worker;)V+95
j  java.util.concurrent.ThreadPoolExecutor$Worker.run()V+5
j  org.apache.tomcat.util.threads.TaskThread$WrappingRunnable.run()V+4
j  java.lang.Thread.run()V+11
v  ~StubRoutines::call_stub

---------------  P R O C E S S  ---------------

Java Threads: ( => current thread )
  0x000000001a138800 JavaThread "DestroyJavaVM" [_thread_blocked, id=17428, stack(0x0000000002900000,0x0000000002a00000)]
  0x000000001a138000 JavaThread "Thread-6" daemon [_thread_blocked, id=15704, stack(0x000000001f0e0000,0x000000001f1e0000)]
  0x000000001a135000 JavaThread "Thread-8" [_thread_blocked, id=8092, stack(0x000000001efe0000,0x000000001f0e0000)]
  0x000000001a137000 JavaThread "Thread-7" daemon [_thread_in_native, id=13400, stack(0x000000001df10000,0x000000001e010000)]
  0x0000000019f69800 JavaThread "http-nio-8092-AsyncTimeout" daemon [_thread_blocked, id=15528, stack(0x000000001de10000,0x000000001df10000)]
  0x0000000019f69000 JavaThread "http-nio-8092-Acceptor-0" daemon [_thread_in_native, id=13052, stack(0x000000001dd10000,0x000000001de10000)]
  0x0000000019f66000 JavaThread "http-nio-8092-ClientPoller-1" daemon [_thread_in_native, id=1972, stack(0x000000001dc10000,0x000000001dd10000)]
  0x0000000019f65000 JavaThread "http-nio-8092-ClientPoller-0" daemon [_thread_in_native, id=16732, stack(0x000000001db10000,0x000000001dc10000)]
  0x0000000019f6b000 JavaThread "http-nio-8092-exec-10" daemon [_thread_blocked, id=4072, stack(0x000000001d910000,0x000000001da10000)]
  0x0000000019f68000 JavaThread "http-nio-8092-exec-9" daemon [_thread_blocked, id=3956, stack(0x000000001d810000,0x000000001d910000)]
  0x0000000019f6a800 JavaThread "http-nio-8092-exec-8" daemon [_thread_blocked, id=17340, stack(0x000000001d710000,0x000000001d810000)]
  0x0000000019f67800 JavaThread "http-nio-8092-exec-7" daemon [_thread_blocked, id=6340, stack(0x000000001d610000,0x000000001d710000)]
  0x0000000019f6c000 JavaThread "http-nio-8092-exec-6" daemon [_thread_blocked, id=14704, stack(0x000000001d510000,0x000000001d610000)]
  0x0000000019f66800 JavaThread "http-nio-8092-exec-5" daemon [_thread_blocked, id=13472, stack(0x000000001d410000,0x000000001d510000)]
  0x000000001a12b000 JavaThread "http-nio-8092-exec-4" daemon [_thread_blocked, id=11672, stack(0x000000001d310000,0x000000001d410000)]
=>0x0000000019ed1800 JavaThread "http-nio-8092-exec-3" daemon [_thread_in_vm, id=16316, stack(0x000000001d210000,0x000000001d310000)]
  0x0000000019ed1000 JavaThread "http-nio-8092-exec-2" daemon [_thread_blocked, id=5796, stack(0x000000001d110000,0x000000001d210000)]
  0x0000000019ece000 JavaThread "http-nio-8092-exec-1" daemon [_thread_blocked, id=8420, stack(0x000000001d010000,0x000000001d110000)]
  0x0000000019ecd800 JavaThread "NioBlockingSelector.BlockPoller-1" daemon [_thread_in_native, id=13172, stack(0x000000001cf10000,0x000000001d010000)]
  0x0000000019f77000 JavaThread "container-0" [_thread_blocked, id=14316, stack(0x000000001ca10000,0x000000001cb10000)]
  0x0000000019f76000 JavaThread "ContainerBackgroundProcessor[StandardEngine[Tomcat]]" daemon [_thread_blocked, id=11512, stack(0x000000001c910000,0x000000001ca10000)]
  0x0000000019b04800 JavaThread "Tomcat JDBC Pool Cleaner[414493378:1689762800039]" daemon [_thread_blocked, id=5512, stack(0x0000000018e40000,0x0000000018f40000)]
  0x000000001684f000 JavaThread "FileSystemWatcher: files=#58 cl=sun.misc.Launcher$AppClassLoader@18b4aac2" daemon [_thread_blocked, id=15468, stack(0x00000000170f0000,0x00000000171f0000)]
  0x000000001672a800 JavaThread "Service Thread" daemon [_thread_blocked, id=10204, stack(0x0000000016ef0000,0x0000000016ff0000)]
  0x0000000016614800 JavaThread "C1 CompilerThread2" daemon [_thread_in_native, id=10856, stack(0x0000000016df0000,0x0000000016ef0000)]
  0x0000000016613800 JavaThread "C2 CompilerThread1" daemon [_thread_blocked, id=17056, stack(0x0000000016cf0000,0x0000000016df0000)]
  0x0000000016604800 JavaThread "C2 CompilerThread0" daemon [_thread_blocked, id=17168, stack(0x0000000016bf0000,0x0000000016cf0000)]
  0x0000000014983000 JavaThread "Attach Listener" daemon [_thread_blocked, id=11004, stack(0x0000000015ef0000,0x0000000015ff0000)]
  0x0000000014981800 JavaThread "Signal Dispatcher" daemon [_thread_blocked, id=7368, stack(0x0000000015df0000,0x0000000015ef0000)]
  0x0000000002afe000 JavaThread "Finalizer" daemon [_thread_blocked, id=18372, stack(0x0000000015bf0000,0x0000000015cf0000)]
  0x0000000014959800 JavaThread "Reference Handler" daemon [_thread_blocked, id=13180, stack(0x0000000015af0000,0x0000000015bf0000)]

Other Threads:
  0x0000000014937800 VMThread [stack: 0x00000000159f0000,0x0000000015af0000] [id=17516]
  0x000000001667a000 WatcherThread [stack: 0x0000000016ff0000,0x00000000170f0000] [id=11040]

VM state:not at safepoint (normal execution)

VM Mutex/Monitor currently owned by a thread: None

heap address: 0x00000000d0000000, size: 768 MB, Compressed Oops mode: 32-bit
Narrow klass base: 0x0000000000000000, Narrow klass shift: 3
Compressed class space size: 1073741824 Address: 0x0000000100000000

Heap:
 PSYoungGen      total 215552K, used 167339K [0x00000000f0000000, 0x0000000100000000, 0x0000000100000000)
  eden space 169472K, 95% used [0x00000000f0000000,0x00000000f9de3fb8,0x00000000fa580000)
  from space 46080K, 12% used [0x00000000fa580000,0x00000000fab06de8,0x00000000fd280000)
  to   space 44544K, 0% used [0x00000000fd480000,0x00000000fd480000,0x0000000100000000)
 ParOldGen       total 524288K, used 133408K [0x00000000d0000000, 0x00000000f0000000, 0x00000000f0000000)
  object space 524288K, 25% used [0x00000000d0000000,0x00000000d8248128,0x00000000f0000000)
 Metaspace       used 74695K, capacity 77060K, committed 77144K, reserved 1116160K
  class space    used 9304K, capacity 10051K, committed 10112K, reserved 1048576K

Card table byte_map: [0x0000000011fc0000,0x0000000012150000] byte_map_base: 0x0000000011940000

Marking Bits: (ParMarkBitMap*) 0x000000006e575ce0
 Begin Bits: [0x0000000012650000, 0x0000000013250000)
 End Bits:   [0x0000000013250000, 0x0000000013e50000)

Polling page: 0x0000000000a20000

CodeCache: size=245760Kb used=17388Kb max_used=17388Kb free=228371Kb
 bounds [0x0000000002c00000, 0x0000000003d10000, 0x0000000011c00000]
 total_blobs=8483 nmethods=7669 adapters=725
 compilation: enabled

Compilation events (10 events):
Event: 139.354 Thread 0x0000000016614800 nmethod 7857 0x0000000003cea7d0 code [0x0000000003cea940, 0x0000000003ceaa98]
Event: 139.354 Thread 0x0000000016614800 7858       1       org.grails.gsp.compiler.GSPWriter::addLineNumber (69 bytes)
Event: 139.354 Thread 0x0000000016614800 nmethod 7858 0x0000000003ceab50 code [0x0000000003ceacc0, 0x0000000003ceaed8]
Event: 139.355 Thread 0x0000000016614800 7860       1       groovyjarjarantlr.ANTLRHashString::equals (152 bytes)
Event: 139.357 Thread 0x0000000016614800 nmethod 7860 0x0000000003ceb050 code [0x0000000003ceb280, 0x0000000003cebb98]
Event: 139.358 Thread 0x0000000016614800 7861   !   1       org.codehaus.groovy.antlr.parser.GroovyLexer::mSTRING_LITERAL (1054 bytes)
Event: 139.388 Thread 0x0000000016614800 nmethod 7861 0x0000000003cec910 code [0x0000000003ced840, 0x0000000003cf2e88]
Event: 139.388 Thread 0x0000000016614800 7862       1       org.codehaus.groovy.antlr.parser.GroovyLexer::mCOMMA (75 bytes)
Event: 139.388 Thread 0x0000000016614800 nmethod 7862 0x0000000003d00290 code [0x0000000003d00440, 0x0000000003d007c8]
Event: 139.388 Thread 0x0000000016614800 7863   !   1       org.codehaus.groovy.antlr.parser.GroovyLexer::mNUM_INT (2407 bytes)

GC Heap History (10 events):
Event: 119.933 GC heap before
{Heap before GC invocations=32 (full 3):
 PSYoungGen      total 214528K, used 173808K [0x00000000f0000000, 0x0000000100000000, 0x0000000100000000)
  eden space 166912K, 100% used [0x00000000f0000000,0x00000000fa300000,0x00000000fa300000)
  from space 47616K, 14% used [0x00000000fd180000,0x00000000fd83c030,0x0000000100000000)
  to   space 47616K, 0% used [0x00000000fa300000,0x00000000fa300000,0x00000000fd180000)
 ParOldGen       total 524288K, used 118488K [0x00000000d0000000, 0x00000000f0000000, 0x00000000f0000000)
  object space 524288K, 22% used [0x00000000d0000000,0x00000000d73b6320,0x00000000f0000000)
 Metaspace       used 67062K, capacity 68574K, committed 68696K, reserved 1110016K
  class space    used 8066K, capacity 8481K, committed 8576K, reserved 1048576K
Event: 119.943 GC heap after
Heap after GC invocations=32 (full 3):
 PSYoungGen      total 167936K, used 896K [0x00000000f0000000, 0x0000000100000000, 0x0000000100000000)
  eden space 166912K, 0% used [0x00000000f0000000,0x00000000f0000000,0x00000000fa300000)
  from space 1024K, 87% used [0x00000000fa300000,0x00000000fa3e0000,0x00000000fa400000)
  to   space 48640K, 0% used [0x00000000fd080000,0x00000000fd080000,0x0000000100000000)
 ParOldGen       total 524288K, used 124716K [0x00000000d0000000, 0x00000000f0000000, 0x00000000f0000000)
  object space 524288K, 23% used [0x00000000d0000000,0x00000000d79cb3d0,0x00000000f0000000)
 Metaspace       used 67062K, capacity 68574K, committed 68696K, reserved 1110016K
  class space    used 8066K, capacity 8481K, committed 8576K, reserved 1048576K
}
Event: 122.463 GC heap before
{Heap before GC invocations=33 (full 3):
 PSYoungGen      total 167936K, used 167808K [0x00000000f0000000, 0x0000000100000000, 0x0000000100000000)
  eden space 166912K, 100% used [0x00000000f0000000,0x00000000fa300000,0x00000000fa300000)
  from space 1024K, 87% used [0x00000000fa300000,0x00000000fa3e0000,0x00000000fa400000)
  to   space 48640K, 0% used [0x00000000fd080000,0x00000000fd080000,0x0000000100000000)
 ParOldGen       total 524288K, used 124716K [0x00000000d0000000, 0x00000000f0000000, 0x00000000f0000000)
  object space 524288K, 23% used [0x00000000d0000000,0x00000000d79cb3d0,0x00000000f0000000)
 Metaspace       used 68627K, capacity 70208K, committed 70488K, reserved 1112064K
  class space    used 8323K, capacity 8805K, committed 8832K, reserved 1048576K
Event: 122.472 GC heap after
Heap after GC invocations=33 (full 3):
 PSYoungGen      total 214016K, used 5083K [0x00000000f0000000, 0x0000000100000000, 0x0000000100000000)
  eden space 165376K, 0% used [0x00000000f0000000,0x00000000f0000000,0x00000000fa180000)
  from space 48640K, 10% used [0x00000000fd080000,0x00000000fd576d40,0x0000000100000000)
  to   space 48128K, 0% used [0x00000000fa180000,0x00000000fa180000,0x00000000fd080000)
 ParOldGen       total 524288K, used 125268K [0x00000000d0000000, 0x00000000f0000000, 0x00000000f0000000)
  object space 524288K, 23% used [0x00000000d0000000,0x00000000d7a553d0,0x00000000f0000000)
 Metaspace       used 68627K, capacity 70208K, committed 70488K, reserved 1112064K
  class space    used 8323K, capacity 8805K, committed 8832K, reserved 1048576K
}
Event: 130.390 GC heap before
{Heap before GC invocations=34 (full 3):
 PSYoungGen      total 214016K, used 170459K [0x00000000f0000000, 0x0000000100000000, 0x0000000100000000)
  eden space 165376K, 100% used [0x00000000f0000000,0x00000000fa180000,0x00000000fa180000)
  from space 48640K, 10% used [0x00000000fd080000,0x00000000fd576d40,0x0000000100000000)
  to   space 48128K, 0% used [0x00000000fa180000,0x00000000fa180000,0x00000000fd080000)
 ParOldGen       total 524288K, used 125268K [0x00000000d0000000, 0x00000000f0000000, 0x00000000f0000000)
  object space 524288K, 23% used [0x00000000d0000000,0x00000000d7a553d0,0x00000000f0000000)
 Metaspace       used 71425K, capacity 73172K, committed 73304K, reserved 1114112K
  class space    used 8742K, capacity 9327K, committed 9344K, reserved 1048576K
Event: 130.455 GC heap after
Heap after GC invocations=34 (full 3):
 PSYoungGen      total 213504K, used 6829K [0x00000000f0000000, 0x0000000100000000, 0x0000000100000000)
  eden space 165376K, 0% used [0x00000000f0000000,0x00000000f0000000,0x00000000fa180000)
  from space 48128K, 14% used [0x00000000fa180000,0x00000000fa82b430,0x00000000fd080000)
  to   space 46592K, 0% used [0x00000000fd280000,0x00000000fd280000,0x0000000100000000)
 ParOldGen       total 524288K, used 128999K [0x00000000d0000000, 0x00000000f0000000, 0x00000000f0000000)
  object space 524288K, 24% used [0x00000000d0000000,0x00000000d7df9f40,0x00000000f0000000)
 Metaspace       used 71425K, capacity 73172K, committed 73304K, reserved 1114112K
  class space    used 8742K, capacity 9327K, committed 9344K, reserved 1048576K
}
Event: 134.249 GC heap before
{Heap before GC invocations=35 (full 3):
 PSYoungGen      total 213504K, used 172205K [0x00000000f0000000, 0x0000000100000000, 0x0000000100000000)
  eden space 165376K, 100% used [0x00000000f0000000,0x00000000fa180000,0x00000000fa180000)
  from space 48128K, 14% used [0x00000000fa180000,0x00000000fa82b430,0x00000000fd080000)
  to   space 46592K, 0% used [0x00000000fd280000,0x00000000fd280000,0x0000000100000000)
 ParOldGen       total 524288K, used 128999K [0x00000000d0000000, 0x00000000f0000000, 0x00000000f0000000)
  object space 524288K, 24% used [0x00000000d0000000,0x00000000d7df9f40,0x00000000f0000000)
 Metaspace       used 72576K, capacity 74394K, committed 74456K, reserved 1114112K
  class space    used 8877K, capacity 9434K, committed 9472K, reserved 1048576K
Event: 134.259 GC heap after
Heap after GC invocations=35 (full 3):
 PSYoungGen      total 216064K, used 1740K [0x00000000f0000000, 0x0000000100000000, 0x0000000100000000)
  eden space 169472K, 0% used [0x00000000f0000000,0x00000000f0000000,0x00000000fa580000)
  from space 46592K, 3% used [0x00000000fd280000,0x00000000fd433370,0x0000000100000000)
  to   space 46080K, 0% used [0x00000000fa580000,0x00000000fa580000,0x00000000fd280000)
 ParOldGen       total 524288K, used 133400K [0x00000000d0000000, 0x00000000f0000000, 0x00000000f0000000)
  object space 524288K, 25% used [0x00000000d0000000,0x00000000d8246128,0x00000000f0000000)
 Metaspace       used 72576K, capacity 74394K, committed 74456K, reserved 1114112K
  class space    used 8877K, capacity 9434K, committed 9472K, reserved 1048576K
}
Event: 137.429 GC heap before
{Heap before GC invocations=36 (full 3):
 PSYoungGen      total 216064K, used 171212K [0x00000000f0000000, 0x0000000100000000, 0x0000000100000000)
  eden space 169472K, 100% used [0x00000000f0000000,0x00000000fa580000,0x00000000fa580000)
  from space 46592K, 3% used [0x00000000fd280000,0x00000000fd433370,0x0000000100000000)
  to   space 46080K, 0% used [0x00000000fa580000,0x00000000fa580000,0x00000000fd280000)
 ParOldGen       total 524288K, used 133400K [0x00000000d0000000, 0x00000000f0000000, 0x00000000f0000000)
  object space 524288K, 25% used [0x00000000d0000000,0x00000000d8246128,0x00000000f0000000)
 Metaspace       used 73673K, capacity 75544K, committed 75736K, reserved 1116160K
  class space    used 9072K, capacity 9689K, committed 9728K, reserved 1048576K
Event: 137.483 GC heap after
Heap after GC invocations=36 (full 3):
 PSYoungGen      total 215552K, used 5659K [0x00000000f0000000, 0x0000000100000000, 0x0000000100000000)
  eden space 169472K, 0% used [0x00000000f0000000,0x00000000f0000000,0x00000000fa580000)
  from space 46080K, 12% used [0x00000000fa580000,0x00000000fab06de8,0x00000000fd280000)
  to   space 44544K, 0% used [0x00000000fd480000,0x00000000fd480000,0x0000000100000000)
 ParOldGen       total 524288K, used 133408K [0x00000000d0000000, 0x00000000f0000000, 0x00000000f0000000)
  object space 524288K, 25% used [0x00000000d0000000,0x00000000d8248128,0x00000000f0000000)
 Metaspace       used 73673K, capacity 75544K, committed 75736K, reserved 1116160K
  class space    used 9072K, capacity 9689K, committed 9728K, reserved 1048576K
}

Deoptimization events (0 events):
No events

Classes redefined (0 events):
No events

Internal exceptions (10 events):
Event: 138.805 Thread 0x0000000019f6c000 Exception <a 'java/lang/reflect/InvocationTargetException'> (0x00000000f3b69df0) thrown at [C:\re\workspace\8-2-build-windows-amd64-cygwin\jdk8u202\12323\hotspot\src\share\vm\runtime\reflection.cpp, line 1092]
Event: 138.805 Thread 0x0000000019f6c000 Exception <a 'java/lang/reflect/InvocationTargetException'> (0x00000000f3b6ac18) thrown at [C:\re\workspace\8-2-build-windows-amd64-cygwin\jdk8u202\12323\hotspot\src\share\vm\runtime\reflection.cpp, line 1092]
Event: 138.805 Thread 0x0000000019f6c000 Exception <a 'java/lang/reflect/InvocationTargetException'> (0x00000000f3b6b990) thrown at [C:\re\workspace\8-2-build-windows-amd64-cygwin\jdk8u202\12323\hotspot\src\share\vm\runtime\reflection.cpp, line 1092]
Event: 138.805 Thread 0x0000000019f6c000 Exception <a 'java/lang/reflect/InvocationTargetException'> (0x00000000f3b6c7b0) thrown at [C:\re\workspace\8-2-build-windows-amd64-cygwin\jdk8u202\12323\hotspot\src\share\vm\runtime\reflection.cpp, line 1092]
Event: 138.806 Thread 0x0000000019f6c000 Exception <a 'java/lang/reflect/InvocationTargetException'> (0x00000000f3b70488) thrown at [C:\re\workspace\8-2-build-windows-amd64-cygwin\jdk8u202\12323\hotspot\src\share\vm\runtime\reflection.cpp, line 1092]
Event: 139.016 Thread 0x0000000019f6c000 Exception <a 'java/io/IOException'> (0x00000000f84a5940) thrown at [C:\re\workspace\8-2-build-windows-amd64-cygwin\jdk8u202\12323\hotspot\src\share\vm\prims\jni.cpp, line 710]
Event: 139.016 Thread 0x0000000019f66800 Exception <a 'java/io/IOException'> (0x00000000f819d200) thrown at [C:\re\workspace\8-2-build-windows-amd64-cygwin\jdk8u202\12323\hotspot\src\share\vm\prims\jni.cpp, line 710]
Event: 139.017 Thread 0x000000001a12b000 Exception <a 'java/io/IOException'> (0x00000000f8000680) thrown at [C:\re\workspace\8-2-build-windows-amd64-cygwin\jdk8u202\12323\hotspot\src\share\vm\prims\jni.cpp, line 710]
Event: 139.225 Thread 0x0000000019ed1800 Exception <a 'java/lang/ClassNotFoundException': C__Users_WILSON_IdeaProjects_PROJECTO_INTELLICA_HOTEL_grails_app_views_notFound_gspBeanInfo> (0x00000000f91434f8) thrown at [C:\re\workspace\8-2-build-windows-amd64-cygwin\jdk8u202\12323\hotspot\src\share\v
Event: 139.234 Thread 0x0000000019ed1800 Exception <a 'java/lang/ClassNotFoundException': C__Users_WILSON_IdeaProjects_PROJECTO_INTELLICA_HOTEL_grails_app_views_notFound_gspCustomizer> (0x00000000f91b0a70) thrown at [C:\re\workspace\8-2-build-windows-amd64-cygwin\jdk8u202\12323\hotspot\src\share

Events (10 events):
Event: 139.280 loading class groovy/runtime/metaclass/C__Users_WILSON_IdeaProjects_PROJECTO_INTELLICA_HOTEL_grails_app_views_notFound_gsp$_run_closure1$_closure5MetaClass
Event: 139.280 loading class groovy/runtime/metaclass/C__Users_WILSON_IdeaProjects_PROJECTO_INTELLICA_HOTEL_grails_app_views_notFound_gsp$_run_closure1$_closure5MetaClass done
Event: 139.284 loading class groovy/runtime/metaclass/C__Users_WILSON_IdeaProjects_PROJECTO_INTELLICA_HOTEL_grails_app_views_notFound_gsp$_run_closure1$_closure6MetaClass
Event: 139.284 loading class groovy/runtime/metaclass/C__Users_WILSON_IdeaProjects_PROJECTO_INTELLICA_HOTEL_grails_app_views_notFound_gsp$_run_closure1$_closure6MetaClass done
Event: 139.293 loading class groovy/runtime/metaclass/C__Users_WILSON_IdeaProjects_PROJECTO_INTELLICA_HOTEL_grails_app_views_notFound_gsp$_run_closure1$_closure7MetaClass
Event: 139.293 loading class groovy/runtime/metaclass/C__Users_WILSON_IdeaProjects_PROJECTO_INTELLICA_HOTEL_grails_app_views_notFound_gsp$_run_closure1$_closure7MetaClass done
Event: 139.317 loading class groovy/runtime/metaclass/C__Users_WILSON_IdeaProjects_PROJECTO_INTELLICA_HOTEL_grails_app_views_notFound_gsp$_run_closure2MetaClass
Event: 139.317 loading class groovy/runtime/metaclass/C__Users_WILSON_IdeaProjects_PROJECTO_INTELLICA_HOTEL_grails_app_views_notFound_gsp$_run_closure2MetaClass done
Event: 139.320 loading class groovy/runtime/metaclass/C__Users_WILSON_IdeaProjects_PROJECTO_INTELLICA_HOTEL_grails_app_views_notFound_gsp$_run_closure2$_closure8MetaClass
Event: 139.320 loading class groovy/runtime/metaclass/C__Users_WILSON_IdeaProjects_PROJECTO_INTELLICA_HOTEL_grails_app_views_notFound_gsp$_run_closure2$_closure8MetaClass done


Dynamic libraries:
0x00007ff648a10000 - 0x00007ff648a47000 	C:\Program Files\Java\jdk1.8.0_202\bin\java.exe
0x00007ff841b30000 - 0x00007ff841d25000 	C:\WINDOWS\SYSTEM32\ntdll.dll
0x00007ff840a50000 - 0x00007ff840b0d000 	C:\WINDOWS\System32\KERNEL32.DLL
0x00007ff83f4f0000 - 0x00007ff83f7bd000 	C:\WINDOWS\System32\KERNELBASE.dll
0x00007ff8404b0000 - 0x00007ff84055e000 	C:\WINDOWS\System32\ADVAPI32.dll
0x00007ff8419a0000 - 0x00007ff841a3e000 	C:\WINDOWS\System32\msvcrt.dll
0x00007ff840630000 - 0x00007ff8406cc000 	C:\WINDOWS\System32\sechost.dll
0x00007ff840870000 - 0x00007ff840995000 	C:\WINDOWS\System32\RPCRT4.dll
0x00007ff8406d0000 - 0x00007ff840870000 	C:\WINDOWS\System32\USER32.dll
0x00007ff83f2b0000 - 0x00007ff83f2d2000 	C:\WINDOWS\System32\win32u.dll
0x00007ff83fb80000 - 0x00007ff83fbaa000 	C:\WINDOWS\System32\GDI32.dll
0x00007ff83f7c0000 - 0x00007ff83f8cb000 	C:\WINDOWS\System32\gdi32full.dll
0x00007ff83f9e0000 - 0x00007ff83fa7d000 	C:\WINDOWS\System32\msvcp_win.dll
0x00007ff83fa80000 - 0x00007ff83fb80000 	C:\WINDOWS\System32\ucrtbase.dll
0x00007ff8282b0000 - 0x00007ff82854a000 	C:\WINDOWS\WinSxS\amd64_microsoft.windows.common-controls_6595b64144ccf1df_6.0.19041.1110_none_60b5254171f9507e\COMCTL32.dll
0x00007ff840230000 - 0x00007ff840260000 	C:\WINDOWS\System32\IMM32.DLL
0x000000006f040000 - 0x000000006f112000 	C:\Program Files\Java\jdk1.8.0_202\jre\bin\msvcr100.dll
0x000000006dd50000 - 0x000000006e5f5000 	C:\Program Files\Java\jdk1.8.0_202\jre\bin\server\jvm.dll
0x00007ff840df0000 - 0x00007ff840df8000 	C:\WINDOWS\System32\PSAPI.DLL
0x00007ff80fda0000 - 0x00007ff80fda9000 	C:\WINDOWS\SYSTEM32\WSOCK32.dll
0x00007ff81afe0000 - 0x00007ff81b007000 	C:\WINDOWS\SYSTEM32\WINMM.dll
0x00007ff8405c0000 - 0x00007ff84062b000 	C:\WINDOWS\System32\WS2_32.dll
0x00007ff83d220000 - 0x00007ff83d22a000 	C:\WINDOWS\SYSTEM32\VERSION.dll
0x00007ff83c110000 - 0x00007ff83c11f000 	C:\Program Files\Java\jdk1.8.0_202\jre\bin\verify.dll
0x00007ff8276a0000 - 0x00007ff8276c9000 	C:\Program Files\Java\jdk1.8.0_202\jre\bin\java.dll
0x00007ff82bc60000 - 0x00007ff82bc83000 	C:\Program Files\Java\jdk1.8.0_202\jre\bin\instrument.dll
0x00007ff827f90000 - 0x00007ff827fa6000 	C:\Program Files\Java\jdk1.8.0_202\jre\bin\zip.dll
0x00007ff840e00000 - 0x00007ff841544000 	C:\WINDOWS\System32\SHELL32.dll
0x00007ff83d320000 - 0x00007ff83dab4000 	C:\WINDOWS\SYSTEM32\windows.storage.dll
0x00007ff8415c0000 - 0x00007ff841914000 	C:\WINDOWS\System32\combase.dll
0x00007ff83ebd0000 - 0x00007ff83ebfc000 	C:\WINDOWS\SYSTEM32\Wldp.dll
0x00007ff8409a0000 - 0x00007ff840a4d000 	C:\WINDOWS\System32\SHCORE.dll
0x00007ff840450000 - 0x00007ff8404a5000 	C:\WINDOWS\System32\shlwapi.dll
0x00007ff83f180000 - 0x00007ff83f19f000 	C:\WINDOWS\SYSTEM32\profapi.dll
0x00007ff83c0c0000 - 0x00007ff83c0da000 	C:\Program Files\Java\jdk1.8.0_202\jre\bin\net.dll
0x00007ff829df0000 - 0x00007ff829fdc000 	C:\WINDOWS\SYSTEM32\urlmon.dll
0x00007ff82a120000 - 0x00007ff82a3d1000 	C:\WINDOWS\SYSTEM32\iertutil.dll
0x00007ff83e730000 - 0x00007ff83e73c000 	C:\WINDOWS\SYSTEM32\netutils.dll
0x00007ff82b550000 - 0x00007ff82b578000 	C:\WINDOWS\SYSTEM32\srvcli.dll
0x00007ff83e930000 - 0x00007ff83e99a000 	C:\WINDOWS\system32\mswsock.dll
0x00007ff810550000 - 0x00007ff810567000 	C:\WINDOWS\system32\napinsp.dll
0x00007ff800b00000 - 0x00007ff800b1b000 	C:\WINDOWS\system32\pnrpnsp.dll
0x00007ff839930000 - 0x00007ff839945000 	C:\WINDOWS\system32\wshbth.dll
0x00007ff83a490000 - 0x00007ff83a4ad000 	C:\WINDOWS\system32\NLAapi.dll
0x00007ff83e620000 - 0x00007ff83e65b000 	C:\WINDOWS\SYSTEM32\IPHLPAPI.DLL
0x00007ff83e660000 - 0x00007ff83e72b000 	C:\WINDOWS\SYSTEM32\DNSAPI.dll
0x00007ff83fc90000 - 0x00007ff83fc98000 	C:\WINDOWS\System32\NSI.dll
0x00007ffffff60000 - 0x00007ffffff72000 	C:\WINDOWS\System32\winrnr.dll
0x00007ff826d20000 - 0x00007ff826d2a000 	C:\Windows\System32\rasadhlp.dll
0x00007ff828bf0000 - 0x00007ff828c70000 	C:\WINDOWS\System32\fwpuclnt.dll
0x00007ff83f960000 - 0x00007ff83f987000 	C:\WINDOWS\System32\bcrypt.dll
0x00007ff83c0b0000 - 0x00007ff83c0bd000 	C:\Program Files\Java\jdk1.8.0_202\jre\bin\management.dll
0x00007ff82bd90000 - 0x00007ff82bda2000 	C:\Program Files\Java\jdk1.8.0_202\jre\bin\nio.dll
0x00007ff83eb30000 - 0x00007ff83eb48000 	C:\WINDOWS\SYSTEM32\CRYPTSP.dll
0x00007ff83e2b0000 - 0x00007ff83e2e4000 	C:\WINDOWS\system32\rsaenh.dll
0x00007ff83f140000 - 0x00007ff83f16e000 	C:\WINDOWS\SYSTEM32\USERENV.dll
0x00007ff83f8d0000 - 0x00007ff83f952000 	C:\WINDOWS\System32\bcryptprimitives.dll
0x00007ff83eb20000 - 0x00007ff83eb2c000 	C:\WINDOWS\SYSTEM32\CRYPTBASE.dll
0x00007ff8308d0000 - 0x00007ff8308e7000 	C:\WINDOWS\SYSTEM32\dhcpcsvc6.DLL
0x00007ff8338b0000 - 0x00007ff8338cd000 	C:\WINDOWS\SYSTEM32\dhcpcsvc.DLL
0x00007ff828020000 - 0x00007ff828044000 	C:\Program Files\Java\jdk1.8.0_202\jre\bin\sunec.dll
0x00007ff835200000 - 0x00007ff83520b000 	C:\Program Files\Java\jdk1.8.0_202\jre\bin\sunmscapi.dll
0x00007ff83f2e0000 - 0x00007ff83f436000 	C:\WINDOWS\System32\CRYPT32.dll

VM Arguments:
jvm_args: -Dendpoints.shutdown.enabled=true -Denv=development -Dfull.stacktrace=false -Dgrails.env=development -Dgrails.full.stacktrace=false -Dinfo.app.grailsVersion=3.3.5 -Dinfo.app.name=PROJECTO-INTELLICA-HOTEL -Dinfo.app.version=0.1 -Djdk.reflect.allowGetCallerClass=true -Drun.active=true -Dserver.port=8092 -Dspring.output.ansi.enabled=always -Dspring.profiles.active -Dspringloaded=inclusions=grails.plugins..*;synchronize=true;allowSplitPackages=true;cacheDir=C:\Users\WILSON\IdeaProjects\PROJECTO-INTELLICA-HOTEL\build\springloaded -Dverbose=false -XX:+TieredCompilation -XX:TieredStopAtLevel=1 -XX:CICompilerCount=3 -javaagent:C:\Users\WILSON\.gradle\caches\modules-2\files-2.1\org.springframework\springloaded\1.2.8.RELEASE\b60bac05b0451cdc1863bfec617f39aa0dcaaa43\springloaded-1.2.8.RELEASE.jar -Xverify:none -Xms768m -Xmx768m -Dfile.encoding=UTF-8 -Duser.country=US -Duser.language=en -Duser.variant 
java_command: projecto.intellica.hotel.Application
java_class_path (initial): C:\Users\WILSON\IdeaProjects\PROJECTO-INTELLICA-HOTEL\src\main\resources;C:\Users\WILSON\IdeaProjects\PROJECTO-INTELLICA-HOTEL\grails-app\views;C:\Users\WILSON\IdeaProjects\PROJECTO-INTELLICA-HOTEL\grails-app\i18n;C:\Users\WILSON\IdeaProjects\PROJECTO-INTELLICA-HOTEL\grails-app\conf;C:\Users\WILSON\IdeaProjects\PROJECTO-INTELLICA-HOTEL\build\classes\main;C:\Users\WILSON\IdeaProjects\PROJECTO-INTELLICA-HOTEL\build\resources\main;C:\Users\WILSON\IdeaProjects\PROJECTO-INTELLICA-HOTEL\gsp-classes;C:\Users\WILSON\IdeaProjects\PROJECTO-INTELLICA-HOTEL\libs\sqljdbc42.jar;C:\Users\WILSON\.gradle\caches\modules-2\files-2.1\org.springframework.boot\spring-boot-starter-logging\1.5.12.RELEASE\88b9a16ff87f0a7faec7848e9a5626ffbbac588f\spring-boot-starter-logging-1.5.12.RELEASE.jar;C:\Users\WILSON\.gradle\caches\modules-2\files-2.1\org.springframework.boot\spring-boot-autoconfigure\1.5.12.RELEASE\932ab2609793ebc00576cbae77085bb83e5c9008\spring-boot-autoconfigure-1.5.12.RELEASE.jar;C:\Users\WILSON\.gradle\caches\modules-2\files-2.1\org.grails\grails-core\3.3.5\8044ecc48da9a8427953ffb1b7fe0a169b5b75eb\grails-core-3.3.5.jar;C:\Users\WILSON\.gradle\caches\modules-2\files-2.1\org.springframework.boot\spring-boot-starter-actuator\1.5.12.RELEASE\492b2762b659ff66970bda22802d06e1b4ce9f5b\spring-boot-starter-actuator-1.5.12.RELEASE.jar;C:\Users\WILSON\.gradle\caches\modules-2\files-2.1\org.springframework.boot\spring-boot-starter-tomcat\1.5.12.RELEASE\a4e81f071d2b5a9c9fb5a219b361b683a8eb3d91\spring-boot-starter-tomcat-1.5.12.RELEASE.jar;C:\Users\WILSON\.gradle\caches\modules-2\files-2.1\org.grails\grails-web-boot\3.3.5\96b9ec5a3904970ecb1dd5d2d783bb54e46339f\grails-web-boot-3.3.5.jar;C:\Users\WILSON\.gradle\caches\modules-2\files-2.1\org.grails\grails-logging\3.3.5\cd27aad74b27447d2aebe1a85b4fbc89af2d3c3d\grails-logging-3.3.5.jar;C:\Users\WILSON\.gradle\caches\modules-2\files-2.1\org.grails\grails-plugin-rest\3.3.5\225fd803f4047cf880ec8c16227f38fa0e53d630\grails
Launcher Type: SUN_STANDARD

Environment Variables:
PATH=C:\Program Files\Common Files\Oracle\Java\javapath;C:\Program Files (x86)\Common Files\Oracle\Java\javapath;C:\WINDOWS\system32;C:\WINDOWS;C:\WINDOWS\System32\Wbem;C:\WINDOWS\System32\WindowsPowerShell\v1.0\;C:\Program Files\Microsoft\Web Platform Installer\;C:\Program Files (x86)\PowerShell\7\;C:\WINDOWS\System32\OpenSSH\;C:\Program Files\Git\cmd;C:\grails-3.3.5\bin;C:\Program Files\Microsoft SQL Server\Client SDK\ODBC\110\Tools\Binn\;C:\Program Files (x86)\Microsoft SQL Server\120\Tools\Binn\;C:\Program Files\Microsoft SQL Server\120\Tools\Binn\;C:\Program Files\Microsoft SQL Server\120\DTS\Binn\;C:\Program Files (x86)\Microsoft SQL Server\120\Tools\Binn\ManagementStudio\;C:\Program Files (x86)\Microsoft SQL Server\120\DTS\Binn\;C:\Users\WILSON\AppData\Local\Microsoft\WindowsApps;C:\Users\WILSON\AppData\Local\Programs\Microsoft VS Code\bin;C:\php-7.4.28-nts-Win32-vc15-x64;
USERNAME=WILSON
OS=Windows_NT
PROCESSOR_IDENTIFIER=Intel64 Family 6 Model 142 Stepping 9, GenuineIntel



---------------  S Y S T E M  ---------------

OS: Windows 10.0 , 64 bit Build 19041 (10.0.19041.1706)

CPU:total 4 (initial active 4) (2 cores per cpu, 2 threads per core) family 6 model 142 stepping 9, cmov, cx8, fxsr, mmx, sse, sse2, sse3, ssse3, sse4.1, sse4.2, popcnt, avx, avx2, aes, clmul, erms, 3dnowpref, lzcnt, ht, tsc, tscinvbit, bmi1, bmi2, adx

Memory: 4k page, physical 3554520k(81348k free), swap 14564568k(1656k free)

vm_info: Java HotSpot(TM) 64-Bit Server VM (25.202-b08) for windows-amd64 JRE (1.8.0_202-b08), built on Dec 15 2018 19:54:30 by "java_re" with MS VC++ 10.0 (VS2010)

time: Tue Jul 18 22:35:20 2023
timezone: Dateline Standard Time
elapsed time: 139 seconds (0d 0h 2m 19s)

