#
# There is insufficient memory for the Java Runtime Environment to continue.
# Native memory allocation (malloc) failed to allocate 1049536 bytes for Chunk::new
# Possible reasons:
#   The system is out of physical RAM or swap space
#   The process is running with CompressedOops enabled, and the Java Heap may be blocking the growth of the native heap
# Possible solutions:
#   Reduce memory load on the system
#   Increase physical memory or swap space
#   Check if swap backing store is full
#   Decrease Java heap size (-Xmx/-Xms)
#   Decrease number of Java threads
#   Decrease Java thread stack sizes (-Xss)
#   Set larger code cache with -XX:ReservedCodeCacheSize=
#   JVM is running with Unscaled Compressed Oops mode in which the Java heap is
#     placed in the first 4GB address space. The Java Heap base address is the
#     maximum limit for the native heap growth. Please use -XX:HeapBaseMinAddress
#     to set the Java Heap base and to place the Java Heap above 4GB virtual address.
# This output file may be truncated or incomplete.
#
#  Out of Memory Error (allocation.cpp:389), pid=8420, tid=0x0000000000000ce0
#
# JRE version: Java(TM) SE Runtime Environment (8.0_202-b08) (build 1.8.0_202-b08)
# Java VM: Java HotSpot(TM) 64-Bit Server VM (25.202-b08 mixed mode windows-amd64 compressed oops)
# Failed to write core dump. Minidumps are not enabled by default on client versions of Windows
#

---------------  T H R E A D  ---------------

Current thread (0x000000001567d000):  JavaThread "C2 CompilerThread1" daemon [_thread_in_native, id=3296, stack(0x0000000016dd0000,0x0000000016ed0000)]

Stack: [0x0000000016dd0000,0x0000000016ed0000]
[error occurred during error reporting (printing stack bounds), id 0xc0000005]

Native frames: (J=compiled Java code, j=interpreted, Vv=VM code, C=native code)


Current CompileTask:
C2:  11135 4335   !   4       java.net.URLClassLoader$1::run (63 bytes)


---------------  P R O C E S S  ---------------

Java Threads: ( => current thread )
  0x0000000018f1f800 JavaThread "Cache worker for task history cache (C:\Users\WILSON\IdeaProjects\PROJECTO-INTELLICA-HOTEL\.gradle\3.5\taskHistory)" [_thread_blocked, id=16320, stack(0x0000000020870000,0x0000000020970000)]
  0x0000000018f23800 JavaThread "Memory manager" [_thread_blocked, id=4896, stack(0x000000001f060000,0x000000001f160000)]
  0x0000000018f24000 JavaThread "Cache worker for Artifact transforms cache (C:\Users\WILSON\.gradle\caches\transforms-1)" [_thread_blocked, id=17228, stack(0x000000001c4f0000,0x000000001c5f0000)]
  0x0000000018f1f000 JavaThread "File lock request listener" [_thread_in_native, id=11892, stack(0x000000001b020000,0x000000001b120000)]
  0x0000000018f1e000 JavaThread "Cache worker for file hash cache (C:\Users\WILSON\.gradle\caches\3.5\fileHashes)" [_thread_blocked, id=228, stack(0x000000001af20000,0x000000001b020000)]
  0x00000000189fe800 JavaThread "Stdin handler" [_thread_blocked, id=11092, stack(0x000000001ae20000,0x000000001af20000)]
  0x0000000018f25800 JavaThread "Asynchronous log dispatcher for DefaultDaemonConnection: socket connection from /127.0.0.1:54068 to /127.0.0.1:54069" [_thread_blocked, id=5932, stack(0x000000001ad20000,0x000000001ae20000)]
  0x00000000189fc800 JavaThread "Daemon worker" [_thread_in_vm, id=16784, stack(0x000000001ac20000,0x000000001ad20000)]
  0x0000000018f26000 JavaThread "Cancel handler" [_thread_blocked, id=15412, stack(0x000000001ab20000,0x000000001ac20000)]
  0x00000000189ed800 JavaThread "Handler for socket connection from /127.0.0.1:54068 to /127.0.0.1:54069" [_thread_in_native, id=15772, stack(0x000000001a820000,0x000000001a920000)]
  0x0000000018ea8800 JavaThread "Daemon" [_thread_blocked, id=16300, stack(0x000000001a720000,0x000000001a820000)]
  0x0000000018403000 JavaThread "Daemon periodic checks" [_thread_blocked, id=7856, stack(0x000000001a620000,0x000000001a720000)]
  0x0000000018460800 JavaThread "Incoming local TCP Connector on port 54068" [_thread_in_native, id=15052, stack(0x000000001a3e0000,0x000000001a4e0000)]
  0x0000000018290000 JavaThread "Daemon health stats" [_thread_blocked, id=9588, stack(0x0000000019d70000,0x0000000019e70000)]
  0x0000000016ffb000 JavaThread "Service Thread" daemon [_thread_blocked, id=16512, stack(0x00000000173d0000,0x00000000174d0000)]
  0x000000001568b800 JavaThread "C1 CompilerThread2" daemon [_thread_blocked, id=13076, stack(0x0000000016ed0000,0x0000000016fd0000)]
=>0x000000001567d000 JavaThread "C2 CompilerThread1" daemon [_thread_in_native, id=3296, stack(0x0000000016dd0000,0x0000000016ed0000)]
  0x0000000015672800 JavaThread "C2 CompilerThread0" daemon [_thread_in_native, id=8664, stack(0x0000000016cd0000,0x0000000016dd0000)]
  0x0000000015678000 JavaThread "Attach Listener" daemon [_thread_blocked, id=5880, stack(0x0000000016bd0000,0x0000000016cd0000)]
  0x0000000015676800 JavaThread "Signal Dispatcher" daemon [_thread_blocked, id=12380, stack(0x0000000016ad0000,0x0000000016bd0000)]
  0x0000000002edb800 JavaThread "Finalizer" daemon [_thread_blocked, id=14316, stack(0x00000000168d0000,0x00000000169d0000)]
  0x0000000002ed3000 JavaThread "Reference Handler" daemon [_thread_blocked, id=6076, stack(0x00000000167d0000,0x00000000168d0000)]
  0x0000000002f9e800 JavaThread "main" [_thread_blocked, id=15828, stack(0x0000000002c80000,0x0000000002d80000)]

Other Threads:
  0x0000000015637000 VMThread [stack: 0x00000000166d0000,0x00000000167d0000] [id=1480]
  0x0000000017025000 WatcherThread [stack: 0x00000000174d0000,0x00000000175d0000] [id=10992]

VM state:not at safepoint (normal execution)

VM Mutex/Monitor currently owned by a thread: None

heap address: 0x00000000c0000000, size: 1024 MB, Compressed Oops mode: 32-bit
Narrow klass base: 0x0000000000000000, Narrow klass shift: 3
Compressed class space size: 1073741824 Address: 0x0000000100000000

Heap:
 PSYoungGen      total 140288K, used 40191K [0x00000000eab00000, 0x00000000f5980000, 0x0000000100000000)
  eden space 130560K, 30% used [0x00000000eab00000,0x00000000ed23fc40,0x00000000f2a80000)
  from space 9728K, 0% used [0x00000000f3500000,0x00000000f3500000,0x00000000f3e80000)
  to   space 10752K, 0% used [0x00000000f2a80000,0x00000000f2a80000,0x00000000f3500000)
 ParOldGen       total 52224K, used 17902K [0x00000000c0000000, 0x00000000c3300000, 0x00000000eab00000)
  object space 52224K, 34% used [0x00000000c0000000,0x00000000c117bab0,0x00000000c3300000)
 Metaspace       used 35849K, capacity 36414K, committed 36608K, reserved 1081344K
  class space    used 5069K, capacity 5274K, committed 5376K, reserved 1048576K

Card table byte_map: [0x0000000012360000,0x0000000012570000] byte_map_base: 0x0000000011d60000

Marking Bits: (ParMarkBitMap*) 0x0000000077c95ce0
 Begin Bits: [0x0000000012ad0000, 0x0000000013ad0000)
 End Bits:   [0x0000000013ad0000, 0x0000000014ad0000)

Polling page: 0x0000000002d80000

CodeCache: size=245760Kb used=14503Kb max_used=14503Kb free=231256Kb
 bounds [0x0000000002fa0000, 0x0000000003de0000, 0x0000000011fa0000]
 total_blobs=4787 nmethods=4106 adapters=593
 compilation: enabled

Compilation events (10 events):
Event: 11.125 Thread 0x000000001568b800 4367       3       groovyjarjarasm.asm.MethodWriter::visitMethodInsn (220 bytes)
Event: 11.126 Thread 0x000000001568b800 nmethod 4367 0x0000000003dd3150 code [0x0000000003dd3340, 0x0000000003dd39c8]
Event: 11.126 Thread 0x000000001568b800 4368       3       groovyjarjarasm.asm.Edge::<init> (5 bytes)
Event: 11.126 Thread 0x000000001568b800 nmethod 4368 0x0000000003dd3d50 code [0x0000000003dd3ea0, 0x0000000003dd4050]
Event: 11.126 Thread 0x000000001568b800 4369       3       groovyjarjarasm.asm.MethodWriter::visitInsn (106 bytes)
Event: 11.126 Thread 0x000000001568b800 nmethod 4369 0x0000000003dd4110 code [0x0000000003dd42c0, 0x0000000003dd4768]
Event: 11.127 Thread 0x000000001568b800 4370       3       org.gradle.internal.event.BroadcastDispatch$SingletonDispatch::hashCode (8 bytes)
Event: 11.127 Thread 0x000000001568b800 nmethod 4370 0x0000000003dd4950 code [0x0000000003dd4ac0, 0x0000000003dd4ce8]
Event: 11.128 Thread 0x000000001568b800 4371       3       org.codehaus.groovy.reflection.CachedClass$CachedMethodComparatorByName::compare (18 bytes)
Event: 11.129 Thread 0x000000001568b800 nmethod 4371 0x0000000003dd4d90 code [0x0000000003dd4f20, 0x0000000003dd5528]

GC Heap History (10 events):
Event: 5.164 GC heap before
{Heap before GC invocations=8 (full 1):
 PSYoungGen      total 65536K, used 4924K [0x00000000eab00000, 0x00000000f2b00000, 0x0000000100000000)
  eden space 57856K, 0% used [0x00000000eab00000,0x00000000eab00000,0x00000000ee380000)
  from space 7680K, 64% used [0x00000000ee380000,0x00000000ee84f3f8,0x00000000eeb00000)
  to   space 7680K, 0% used [0x00000000f2380000,0x00000000f2380000,0x00000000f2b00000)
 ParOldGen       total 38400K, used 10052K [0x00000000c0000000, 0x00000000c2580000, 0x00000000eab00000)
  object space 38400K, 26% used [0x00000000c0000000,0x00000000c09d1270,0x00000000c2580000)
 Metaspace       used 20868K, capacity 21182K, committed 21248K, reserved 1067008K
  class space    used 2903K, capacity 3022K, committed 3072K, reserved 1048576K
Event: 5.210 GC heap after
Heap after GC invocations=8 (full 1):
 PSYoungGen      total 65536K, used 0K [0x00000000eab00000, 0x00000000f2b00000, 0x0000000100000000)
  eden space 57856K, 0% used [0x00000000eab00000,0x00000000eab00000,0x00000000ee380000)
  from space 7680K, 0% used [0x00000000ee380000,0x00000000ee380000,0x00000000eeb00000)
  to   space 7680K, 0% used [0x00000000f2380000,0x00000000f2380000,0x00000000f2b00000)
 ParOldGen       total 34816K, used 11226K [0x00000000c0000000, 0x00000000c2200000, 0x00000000eab00000)
  object space 34816K, 32% used [0x00000000c0000000,0x00000000c0af6ba8,0x00000000c2200000)
 Metaspace       used 20868K, capacity 21182K, committed 21248K, reserved 1067008K
  class space    used 2903K, capacity 3022K, committed 3072K, reserved 1048576K
}
Event: 6.389 GC heap before
{Heap before GC invocations=9 (full 1):
 PSYoungGen      total 65536K, used 57856K [0x00000000eab00000, 0x00000000f2b00000, 0x0000000100000000)
  eden space 57856K, 100% used [0x00000000eab00000,0x00000000ee380000,0x00000000ee380000)
  from space 7680K, 0% used [0x00000000ee380000,0x00000000ee380000,0x00000000eeb00000)
  to   space 7680K, 0% used [0x00000000f2380000,0x00000000f2380000,0x00000000f2b00000)
 ParOldGen       total 34816K, used 11226K [0x00000000c0000000, 0x00000000c2200000, 0x00000000eab00000)
  object space 34816K, 32% used [0x00000000c0000000,0x00000000c0af6ba8,0x00000000c2200000)
 Metaspace       used 25389K, capacity 25800K, committed 25984K, reserved 1071104K
  class space    used 3586K, capacity 3707K, committed 3712K, reserved 1048576K
Event: 6.400 GC heap after
Heap after GC invocations=9 (full 1):
 PSYoungGen      total 101888K, used 5659K [0x00000000eab00000, 0x00000000f2980000, 0x0000000100000000)
  eden space 95744K, 0% used [0x00000000eab00000,0x00000000eab00000,0x00000000f0880000)
  from space 6144K, 92% used [0x00000000f2380000,0x00000000f2906fd8,0x00000000f2980000)
  to   space 7680K, 0% used [0x00000000f1a80000,0x00000000f1a80000,0x00000000f2200000)
 ParOldGen       total 34816K, used 11226K [0x00000000c0000000, 0x00000000c2200000, 0x00000000eab00000)
  object space 34816K, 32% used [0x00000000c0000000,0x00000000c0af6ba8,0x00000000c2200000)
 Metaspace       used 25389K, capacity 25800K, committed 25984K, reserved 1071104K
  class space    used 3586K, capacity 3707K, committed 3712K, reserved 1048576K
}
Event: 9.382 GC heap before
{Heap before GC invocations=10 (full 1):
 PSYoungGen      total 101888K, used 101403K [0x00000000eab00000, 0x00000000f2980000, 0x0000000100000000)
  eden space 95744K, 100% used [0x00000000eab00000,0x00000000f0880000,0x00000000f0880000)
  from space 6144K, 92% used [0x00000000f2380000,0x00000000f2906fd8,0x00000000f2980000)
  to   space 7680K, 0% used [0x00000000f1a80000,0x00000000f1a80000,0x00000000f2200000)
 ParOldGen       total 34816K, used 11226K [0x00000000c0000000, 0x00000000c2200000, 0x00000000eab00000)
  object space 34816K, 32% used [0x00000000c0000000,0x00000000c0af6ba8,0x00000000c2200000)
 Metaspace       used 31809K, capacity 32326K, committed 32640K, reserved 1077248K
  class space    used 4445K, capacity 4621K, committed 4736K, reserved 1048576K
Event: 9.401 GC heap after
Heap after GC invocations=10 (full 1):
 PSYoungGen      total 121856K, used 7664K [0x00000000eab00000, 0x00000000f3e80000, 0x0000000100000000)
  eden space 114176K, 0% used [0x00000000eab00000,0x00000000eab00000,0x00000000f1a80000)
  from space 7680K, 99% used [0x00000000f1a80000,0x00000000f21fc360,0x00000000f2200000)
  to   space 9728K, 0% used [0x00000000f3500000,0x00000000f3500000,0x00000000f3e80000)
 ParOldGen       total 34816K, used 13548K [0x00000000c0000000, 0x00000000c2200000, 0x00000000eab00000)
  object space 34816K, 38% used [0x00000000c0000000,0x00000000c0d3b3c0,0x00000000c2200000)
 Metaspace       used 31809K, capacity 32326K, committed 32640K, reserved 1077248K
  class space    used 4445K, capacity 4621K, committed 4736K, reserved 1048576K
}
Event: 10.439 GC heap before
{Heap before GC invocations=11 (full 1):
 PSYoungGen      total 121856K, used 80786K [0x00000000eab00000, 0x00000000f3e80000, 0x0000000100000000)
  eden space 114176K, 64% used [0x00000000eab00000,0x00000000ef268738,0x00000000f1a80000)
  from space 7680K, 99% used [0x00000000f1a80000,0x00000000f21fc360,0x00000000f2200000)
  to   space 9728K, 0% used [0x00000000f3500000,0x00000000f3500000,0x00000000f3e80000)
 ParOldGen       total 34816K, used 13548K [0x00000000c0000000, 0x00000000c2200000, 0x00000000eab00000)
  object space 34816K, 38% used [0x00000000c0000000,0x00000000c0d3b3c0,0x00000000c2200000)
 Metaspace       used 34792K, capacity 35322K, committed 35416K, reserved 1079296K
  class space    used 4904K, capacity 5083K, committed 5120K, reserved 1048576K
Event: 10.456 GC heap after
Heap after GC invocations=11 (full 1):
 PSYoungGen      total 140288K, used 9394K [0x00000000eab00000, 0x00000000f5980000, 0x0000000100000000)
  eden space 130560K, 0% used [0x00000000eab00000,0x00000000eab00000,0x00000000f2a80000)
  from space 9728K, 96% used [0x00000000f3500000,0x00000000f3e2c990,0x00000000f3e80000)
  to   space 10752K, 0% used [0x00000000f2a80000,0x00000000f2a80000,0x00000000f3500000)
 ParOldGen       total 34816K, used 15455K [0x00000000c0000000, 0x00000000c2200000, 0x00000000eab00000)
  object space 34816K, 44% used [0x00000000c0000000,0x00000000c0f17f50,0x00000000c2200000)
 Metaspace       used 34792K, capacity 35322K, committed 35416K, reserved 1079296K
  class space    used 4904K, capacity 5083K, committed 5120K, reserved 1048576K
}
Event: 10.457 GC heap before
{Heap before GC invocations=12 (full 2):
 PSYoungGen      total 140288K, used 9394K [0x00000000eab00000, 0x00000000f5980000, 0x0000000100000000)
  eden space 130560K, 0% used [0x00000000eab00000,0x00000000eab00000,0x00000000f2a80000)
  from space 9728K, 96% used [0x00000000f3500000,0x00000000f3e2c990,0x00000000f3e80000)
  to   space 10752K, 0% used [0x00000000f2a80000,0x00000000f2a80000,0x00000000f3500000)
 ParOldGen       total 34816K, used 15455K [0x00000000c0000000, 0x00000000c2200000, 0x00000000eab00000)
  object space 34816K, 44% used [0x00000000c0000000,0x00000000c0f17f50,0x00000000c2200000)
 Metaspace       used 34792K, capacity 35322K, committed 35416K, reserved 1079296K
  class space    used 4904K, capacity 5083K, committed 5120K, reserved 1048576K
Event: 10.586 GC heap after
Heap after GC invocations=12 (full 2):
 PSYoungGen      total 140288K, used 0K [0x00000000eab00000, 0x00000000f5980000, 0x0000000100000000)
  eden space 130560K, 0% used [0x00000000eab00000,0x00000000eab00000,0x00000000f2a80000)
  from space 9728K, 0% used [0x00000000f3500000,0x00000000f3500000,0x00000000f3e80000)
  to   space 10752K, 0% used [0x00000000f2a80000,0x00000000f2a80000,0x00000000f3500000)
 ParOldGen       total 52224K, used 17902K [0x00000000c0000000, 0x00000000c3300000, 0x00000000eab00000)
  object space 52224K, 34% used [0x00000000c0000000,0x00000000c117bab0,0x00000000c3300000)
 Metaspace       used 34792K, capacity 35322K, committed 35416K, reserved 1079296K
  class space    used 4904K, capacity 5083K, committed 5120K, reserved 1048576K
}

Deoptimization events (10 events):
Event: 10.263 Thread 0x00000000189fc800 Uncommon trap: reason=bimorphic action=maybe_recompile pc=0x0000000003b2beb0 method=java.lang.ClassLoader.getPackage(Ljava/lang/String;)Ljava/lang/Package; @ 47
Event: 10.296 Thread 0x00000000189fc800 Uncommon trap: reason=unstable_if action=reinterpret pc=0x0000000003b734b0 method=groovy.lang.MetaClassImpl$1MOPIter.methodNameAction(Ljava/lang/Class;Lorg/codehaus/groovy/runtime/metaclass/MetaMethodIndex$Entry;)V @ 354
Event: 10.333 Thread 0x00000000189fc800 Uncommon trap: reason=unstable_if action=reinterpret pc=0x0000000003b4a3e0 method=java.util.WeakHashMap.put(Ljava/lang/Object;Ljava/lang/Object;)Ljava/lang/Object; @ 47
Event: 10.377 Thread 0x00000000189fc800 Uncommon trap: reason=class_check action=maybe_recompile pc=0x00000000037b9eac method=java.util.concurrent.ConcurrentHashMap.putVal(Ljava/lang/Object;Ljava/lang/Object;Z)Ljava/lang/Object; @ 192
Event: 10.711 Thread 0x00000000189fc800 Uncommon trap: reason=class_check action=maybe_recompile pc=0x000000000375ad04 method=java.util.Hashtable.get(Ljava/lang/Object;)Ljava/lang/Object; @ 6
Event: 10.711 Thread 0x00000000189fc800 Uncommon trap: reason=class_check action=maybe_recompile pc=0x000000000375ad04 method=java.util.Hashtable.get(Ljava/lang/Object;)Ljava/lang/Object; @ 6
Event: 10.712 Thread 0x00000000189fc800 Uncommon trap: reason=class_check action=maybe_recompile pc=0x000000000375ad04 method=java.util.Hashtable.get(Ljava/lang/Object;)Ljava/lang/Object; @ 6
Event: 10.712 Thread 0x00000000189fc800 Uncommon trap: reason=class_check action=maybe_recompile pc=0x000000000375ad04 method=java.util.Hashtable.get(Ljava/lang/Object;)Ljava/lang/Object; @ 6
Event: 10.733 Thread 0x00000000189fc800 Uncommon trap: reason=unstable_if action=reinterpret pc=0x0000000003164f94 method=java.lang.String.replace(CC)Ljava/lang/String; @ 2
Event: 10.737 Thread 0x00000000189fc800 Uncommon trap: reason=bimorphic action=maybe_recompile pc=0x0000000003aaa0c8 method=org.codehaus.groovy.runtime.metaclass.MetaMethodIndex.addMethodToList(Ljava/lang/Object;Lgroovy/lang/MetaMethod;)Ljava/lang/Object; @ 89

Classes redefined (0 events):
No events

Internal exceptions (10 events):
Event: 11.087 Thread 0x00000000189fc800 Exception <a 'java/lang/ClassNotFoundException': org/gradle/plugins/ide/eclipse/model/EclipseClasspathCustomizer> (0x00000000ecdea900) thrown at [C:\re\workspace\8-2-build-windows-amd64-cygwin\jdk8u202\12323\hotspot\src\share\vm\classfile\systemDictionary
Event: 11.092 Thread 0x00000000189fc800 Exception <a 'java/lang/ClassNotFoundException': org/gradle/plugins/ide/eclipse/model/EclipseClasspath_DecoratedCustomizer> (0x00000000ece724e0) thrown at [C:\re\workspace\8-2-build-windows-amd64-cygwin\jdk8u202\12323\hotspot\src\share\vm\classfile\system
Event: 11.110 Thread 0x00000000189fc800 Exception <a 'java/lang/ClassNotFoundException': nebula/plugin/extraconfigurations/publication/MavenPublishingConfigurerBeanInfo> (0x00000000ecf3a320) thrown at [C:\re\workspace\8-2-build-windows-amd64-cygwin\jdk8u202\12323\hotspot\src\share\vm\classfile\
Event: 11.111 Thread 0x00000000189fc800 Exception <a 'java/lang/ClassNotFoundException': nebula/plugin/extraconfigurations/publication/AbstractPublishingConfigurerBeanInfo> (0x00000000ecf63828) thrown at [C:\re\workspace\8-2-build-windows-amd64-cygwin\jdk8u202\12323\hotspot\src\share\vm\classfi
Event: 11.111 Thread 0x00000000189fc800 Exception <a 'java/lang/ClassNotFoundException': nebula/plugin/extraconfigurations/publication/AbstractPublishingConfigurerCustomizer> (0x00000000ecf8e400) thrown at [C:\re\workspace\8-2-build-windows-amd64-cygwin\jdk8u202\12323\hotspot\src\share\vm\class
Event: 11.112 Thread 0x00000000189fc800 Exception <a 'java/lang/ClassNotFoundException': nebula/plugin/extraconfigurations/publication/MavenPublishingConfigurerCustomizer> (0x00000000ecfc46a0) thrown at [C:\re\workspace\8-2-build-windows-amd64-cygwin\jdk8u202\12323\hotspot\src\share\vm\classfil
Event: 11.123 Thread 0x00000000189fc800 Exception <a 'java/lang/ClassNotFoundException': org/gradle/api/internal/project/ProjectStateInternalBeanInfo> (0x00000000ed0bdf00) thrown at [C:\re\workspace\8-2-build-windows-amd64-cygwin\jdk8u202\12323\hotspot\src\share\vm\classfile\systemDictionary.cp
Event: 11.124 Thread 0x00000000189fc800 Exception <a 'java/lang/ClassNotFoundException': org/gradle/api/internal/project/ProjectStateInternalCustomizer> (0x00000000ed0f3b78) thrown at [C:\re\workspace\8-2-build-windows-amd64-cygwin\jdk8u202\12323\hotspot\src\share\vm\classfile\systemDictionary.
Event: 11.129 Thread 0x00000000189fc800 Exception <a 'java/lang/ClassNotFoundException': nebula/plugin/extraconfigurations/publication/IvyPublishingConfigurerBeanInfo> (0x00000000ed155198) thrown at [C:\re\workspace\8-2-build-windows-amd64-cygwin\jdk8u202\12323\hotspot\src\share\vm\classfile\sy
Event: 11.130 Thread 0x00000000189fc800 Exception <a 'java/lang/ClassNotFoundException': nebula/plugin/extraconfigurations/publication/IvyPublishingConfigurerCustomizer> (0x00000000ed17de08) thrown at [C:\re\workspace\8-2-build-windows-amd64-cygwin\jdk8u202\12323\hotspot\src\share\vm\classfile\

Events (10 events):
Event: 11.130 loading class nebula/plugin/extraconfigurations/publication/IvyPublishingConfigurerCustomizer
Event: 11.130 loading class nebula/plugin/extraconfigurations/publication/IvyPublishingConfigurerCustomizer done
Event: 11.131 loading class nebula/plugin/extraconfigurations/ProvidedBasePlugin$_configureIvyPublishPlugin_closure6
Event: 11.131 loading class nebula/plugin/extraconfigurations/ProvidedBasePlugin$_configureIvyPublishPlugin_closure6 done
Event: 11.132 loading class groovy/runtime/metaclass/nebula/plugin/extraconfigurations/ProvidedBasePlugin$_configureIvyPublishPlugin_closure6MetaClass
Event: 11.132 loading class groovy/runtime/metaclass/nebula/plugin/extraconfigurations/ProvidedBasePlugin$_configureIvyPublishPlugin_closure6MetaClass done
Event: 11.132 loading class org/gradle/api/publish/ivy/IvyPublication
Event: 11.132 loading class org/gradle/api/publish/ivy/IvyPublication done
Event: 11.132 loading class org/gradle/api/publish/ivy/IvyPublication
Event: 11.132 loading class org/gradle/api/publish/ivy/IvyPublication done


Dynamic libraries:
0x00007ff60a7e0000 - 0x00007ff60a817000 	C:\Program Files\Java\jdk1.8.0_202\bin\java.exe
0x00007ffcdf7d0000 - 0x00007ffcdf9c5000 	C:\WINDOWS\SYSTEM32\ntdll.dll
0x00007ffcddf80000 - 0x00007ffcde03d000 	C:\WINDOWS\System32\KERNEL32.DLL
0x00007ffcdd380000 - 0x00007ffcdd64d000 	C:\WINDOWS\System32\KERNELBASE.dll
0x00007ffcde400000 - 0x00007ffcde4ae000 	C:\WINDOWS\System32\ADVAPI32.dll
0x00007ffcde0d0000 - 0x00007ffcde16e000 	C:\WINDOWS\System32\msvcrt.dll
0x00007ffcde360000 - 0x00007ffcde3fc000 	C:\WINDOWS\System32\sechost.dll
0x00007ffcddd00000 - 0x00007ffcdde25000 	C:\WINDOWS\System32\RPCRT4.dll
0x00007ffcdf5f0000 - 0x00007ffcdf790000 	C:\WINDOWS\System32\USER32.dll
0x00007ffcdd6c0000 - 0x00007ffcdd6e2000 	C:\WINDOWS\System32\win32u.dll
0x00007ffcde810000 - 0x00007ffcde83a000 	C:\WINDOWS\System32\GDI32.dll
0x00007ffcdd270000 - 0x00007ffcdd37b000 	C:\WINDOWS\System32\gdi32full.dll
0x00007ffcdcee0000 - 0x00007ffcdcf7d000 	C:\WINDOWS\System32\msvcp_win.dll
0x00007ffcdd0e0000 - 0x00007ffcdd1e0000 	C:\WINDOWS\System32\ucrtbase.dll
0x00007ffcdc2f0000 - 0x00007ffcdc58a000 	C:\WINDOWS\WinSxS\amd64_microsoft.windows.common-controls_6595b64144ccf1df_6.0.19041.1110_none_60b5254171f9507e\COMCTL32.dll
0x00007ffcddf50000 - 0x00007ffcddf80000 	C:\WINDOWS\System32\IMM32.DLL
0x0000000056f80000 - 0x0000000057052000 	C:\Program Files\Java\jdk1.8.0_202\jre\bin\msvcr100.dll
0x0000000077470000 - 0x0000000077d15000 	C:\Program Files\Java\jdk1.8.0_202\jre\bin\server\jvm.dll
0x00007ffcde580000 - 0x00007ffcde588000 	C:\WINDOWS\System32\PSAPI.DLL
0x00007ffcc1130000 - 0x00007ffcc1157000 	C:\WINDOWS\SYSTEM32\WINMM.dll
0x00007ffcafa20000 - 0x00007ffcafa29000 	C:\WINDOWS\SYSTEM32\WSOCK32.dll
0x00007ffcda1e0000 - 0x00007ffcda1ea000 	C:\WINDOWS\SYSTEM32\VERSION.dll
0x00007ffcdf580000 - 0x00007ffcdf5eb000 	C:\WINDOWS\System32\WS2_32.dll
0x00007ffcda2d0000 - 0x00007ffcda2df000 	C:\Program Files\Java\jdk1.8.0_202\jre\bin\verify.dll
0x00007ffcaecb0000 - 0x00007ffcaecd9000 	C:\Program Files\Java\jdk1.8.0_202\jre\bin\java.dll
0x00007ffcaec90000 - 0x00007ffcaeca6000 	C:\Program Files\Java\jdk1.8.0_202\jre\bin\zip.dll
0x00007ffcdedd0000 - 0x00007ffcdf514000 	C:\WINDOWS\System32\SHELL32.dll
0x00007ffcda300000 - 0x00007ffcdaa94000 	C:\WINDOWS\SYSTEM32\windows.storage.dll
0x00007ffcde8c0000 - 0x00007ffcdec14000 	C:\WINDOWS\System32\combase.dll
0x00007ffcdc250000 - 0x00007ffcdc27c000 	C:\WINDOWS\SYSTEM32\Wldp.dll
0x00007ffcde2b0000 - 0x00007ffcde35d000 	C:\WINDOWS\System32\SHCORE.dll
0x00007ffcde250000 - 0x00007ffcde2a5000 	C:\WINDOWS\System32\shlwapi.dll
0x00007ffcdce20000 - 0x00007ffcdce3f000 	C:\WINDOWS\SYSTEM32\profapi.dll
0x00007ffcda250000 - 0x00007ffcda26a000 	C:\Program Files\Java\jdk1.8.0_202\jre\bin\net.dll
0x00007ffcced80000 - 0x00007ffccef6c000 	C:\WINDOWS\SYSTEM32\urlmon.dll
0x00007ffcceac0000 - 0x00007ffcced71000 	C:\WINDOWS\SYSTEM32\iertutil.dll
0x00007ffccea90000 - 0x00007ffcceab8000 	C:\WINDOWS\SYSTEM32\srvcli.dll
0x00007ffcdbdb0000 - 0x00007ffcdbdbc000 	C:\WINDOWS\SYSTEM32\netutils.dll
0x00007ffcdbfb0000 - 0x00007ffcdc01a000 	C:\WINDOWS\system32\mswsock.dll
0x00007ffccf620000 - 0x00007ffccf632000 	C:\Program Files\Java\jdk1.8.0_202\jre\bin\nio.dll
0x00007ffca50a0000 - 0x00007ffca50be000 	C:\Users\WILSON\.gradle\native\25\windows-amd64\native-platform.dll
0x00007ffcdcc00000 - 0x00007ffcdcc18000 	C:\WINDOWS\SYSTEM32\CRYPTSP.dll
0x00007ffcdb950000 - 0x00007ffcdb984000 	C:\WINDOWS\system32\rsaenh.dll
0x00007ffcdd7f0000 - 0x00007ffcdd817000 	C:\WINDOWS\System32\bcrypt.dll
0x00007ffcdcde0000 - 0x00007ffcdce0e000 	C:\WINDOWS\SYSTEM32\USERENV.dll
0x00007ffcdd1e0000 - 0x00007ffcdd262000 	C:\WINDOWS\System32\bcryptprimitives.dll
0x00007ffcdc240000 - 0x00007ffcdc24c000 	C:\WINDOWS\SYSTEM32\CRYPTBASE.dll
0x00007ffcdbca0000 - 0x00007ffcdbcdb000 	C:\WINDOWS\SYSTEM32\IPHLPAPI.DLL
0x00007ffcde750000 - 0x00007ffcde758000 	C:\WINDOWS\System32\NSI.dll
0x00007ffcd03a0000 - 0x00007ffcd03b7000 	C:\WINDOWS\SYSTEM32\dhcpcsvc6.DLL
0x00007ffcd08b0000 - 0x00007ffcd08cd000 	C:\WINDOWS\SYSTEM32\dhcpcsvc.DLL
0x00007ffcdbce0000 - 0x00007ffcdbdab000 	C:\WINDOWS\SYSTEM32\DNSAPI.dll
0x00007ffccf730000 - 0x00007ffccf73d000 	C:\Program Files\Java\jdk1.8.0_202\jre\bin\management.dll

VM Arguments:
jvm_args: -XX:MaxPermSize=256m -XX:+HeapDumpOnOutOfMemoryError -Xmx1024m -Dfile.encoding=UTF-8 -Duser.country=US -Duser.language=en -Duser.variant 
java_command: org.gradle.launcher.daemon.bootstrap.GradleDaemon 3.5
java_class_path (initial): C:\Users\WILSON\.gradle\wrapper\dists\gradle-3.5-all\exhrs6ca08n232b14ue48lbye\gradle-3.5\lib\gradle-launcher-3.5.jar
Launcher Type: SUN_STANDARD

Environment Variables:
PATH=C:\Program Files\Common Files\Oracle\Java\javapath;C:\Program Files (x86)\Common Files\Oracle\Java\javapath;C:\WINDOWS\system32;C:\WINDOWS;C:\WINDOWS\System32\Wbem;C:\WINDOWS\System32\WindowsPowerShell\v1.0\;C:\Program Files\Microsoft\Web Platform Installer\;C:\Program Files (x86)\PowerShell\7\;C:\WINDOWS\System32\OpenSSH\;C:\Program Files\Git\cmd;C:\grails-3.3.5\bin;C:\Program Files\Microsoft SQL Server\Client SDK\ODBC\110\Tools\Binn\;C:\Program Files (x86)\Microsoft SQL Server\120\Tools\Binn\;C:\Program Files\Microsoft SQL Server\120\Tools\Binn\;C:\Program Files\Microsoft SQL Server\120\DTS\Binn\;C:\Program Files (x86)\Microsoft SQL Server\120\Tools\Binn\ManagementStudio\;C:\Program Files (x86)\Microsoft SQL Server\120\DTS\Binn\;C:\Users\WILSON\AppData\Local\Microsoft\WindowsApps;C:\Users\WILSON\AppData\Local\Programs\Microsoft VS Code\bin;C:\php-7.4.28-nts-Win32-vc15-x64;
USERNAME=WILSON
OS=Windows_NT
PROCESSOR_IDENTIFIER=Intel64 Family 6 Model 142 Stepping 9, GenuineIntel



---------------  S Y S T E M  ---------------

OS: Windows 10.0 , 64 bit Build 19041 (10.0.19041.1706)

CPU:total 4 (initial active 4) (2 cores per cpu, 2 threads per core) family 6 model 142 stepping 9, cmov, cx8, fxsr, mmx, sse, sse2, sse3, ssse3, sse4.1, sse4.2, popcnt, avx, avx2, aes, clmul, erms, 3dnowpref, lzcnt, ht, tsc, tscinvbit, bmi1, bmi2, adx

Memory: 4k page, physical 3554520k(260204k free), swap 14564568k(2692k free)

vm_info: Java HotSpot(TM) 64-Bit Server VM (25.202-b08) for windows-amd64 JRE (1.8.0_202-b08), built on Dec 15 2018 19:54:30 by "java_re" with MS VC++ 10.0 (VS2010)

time: Thu Jul 27 16:48:42 2023
timezone: South Africa Standard Time
elapsed time: 11 seconds (0d 0h 0m 11s)

