#
# There is insufficient memory for the Java Runtime Environment to continue.
# Native memory allocation (malloc) failed to allocate 32744 bytes for ChunkPool::allocate
# Possible reasons:
#   The system is out of physical RAM or swap space
#   The process is running with CompressedOops enabled, and the Java Heap may be blocking the growth of the native heap
# Possible solutions:
#   Reduce memory load on the system
#   Increase physical memory or swap space
#   Check if swap backing store is full
#   Decrease Java heap size (-Xmx/-Xms)
#   Decrease number of Java threads
# Failed to write core dump. Minidumps are not enabled by default on client versions of Windows
#

---------------  T H R E A D  ---------------

Current thread (0x0000000014c10800):  JavaThread "C1 CompilerThread2" daemon [_thread_in_native, id=6792, stack(0x0000000016450000,0x0000000016550000)]

Stack: [0x0000000016450000,0x0000000016550000]
[error occurred during error reporting (printing stack bounds), id 0xc0000005]

Native frames: (J=compiled Java code, j=interpreted, Vv=VM code, C=native code)


Current CompileTask:
C1:2563765 6962       3      
[error occurred during error reporting (printing current compile task), id 0xe0000001]


---------------  P R O C E S S  ---------------

Java Threads: ( => current thread )
  0x0000000018a06000 JavaThread "Forward streams with process: command 'C:\Program Files\Java\jdk1.8.0_202\bin\java.exe' Thread 3" [_thread_in_native, id=12864, stack(0x0000000021150000,0x0000000021250000)]
  0x0000000018a07000 JavaThread "Forward streams with process: command 'C:\Program Files\Java\jdk1.8.0_202\bin\java.exe' Thread 2" [_thread_in_native, id=17092, stack(0x0000000021050000,0x0000000021150000)]
  0x0000000018a05800 JavaThread "Run command 'C:\Program Files\Java\jdk1.8.0_202\bin\java.exe'" [_thread_in_native, id=3956, stack(0x0000000020d50000,0x0000000020e50000)]
  0x0000000018a01800 JavaThread "Cache worker for file content cache (C:\Users\WILSON\IdeaProjects\PROJECTO-INTELLICA-HOTEL\.gradle\3.5\fileContent)" [_thread_blocked, id=15388, stack(0x000000001fc30000,0x000000001fd30000)]
  0x0000000014c12000 JavaThread "Cache worker for task history cache (C:\Users\WILSON\IdeaProjects\PROJECTO-INTELLICA-HOTEL\.gradle\3.5\taskHistory)" [_thread_blocked, id=12016, stack(0x000000001f930000,0x000000001fa30000)]
  0x0000000014c0f000 JavaThread "Memory manager" [_thread_blocked, id=3004, stack(0x000000001f730000,0x000000001f830000)]
  0x0000000014c14800 JavaThread "Cache worker for Artifact transforms cache (C:\Users\WILSON\.gradle\caches\transforms-1)" [_thread_blocked, id=5540, stack(0x000000001ce10000,0x000000001cf10000)]
  0x0000000014c13000 JavaThread "File lock request listener" [_thread_in_native, id=5492, stack(0x000000001a570000,0x000000001a670000)]
  0x0000000014c13800 JavaThread "Cache worker for file hash cache (C:\Users\WILSON\.gradle\caches\3.5\fileHashes)" [_thread_blocked, id=14192, stack(0x000000001a470000,0x000000001a570000)]
  0x0000000017ed2000 JavaThread "Daemon worker" [_thread_blocked, id=1200, stack(0x000000001a170000,0x000000001a270000)]
  0x0000000017898000 JavaThread "Cancel handler" [_thread_blocked, id=10516, stack(0x000000001a070000,0x000000001a170000)]
  0x0000000017fc8800 JavaThread "Handler for socket connection from /127.0.0.1:51528 to /127.0.0.1:51529" [_thread_in_native, id=6760, stack(0x0000000019d70000,0x0000000019e70000)]
  0x0000000017ba3800 JavaThread "Daemon" [_thread_blocked, id=10484, stack(0x0000000019c70000,0x0000000019d70000)]
  0x0000000017899000 JavaThread "Daemon periodic checks" [_thread_blocked, id=17024, stack(0x0000000019b70000,0x0000000019c70000)]
  0x000000001839d800 JavaThread "Incoming local TCP Connector on port 51528" [_thread_in_native, id=5108, stack(0x0000000019930000,0x0000000019a30000)]
  0x0000000017e4c800 JavaThread "Daemon health stats" [_thread_blocked, id=9120, stack(0x0000000019630000,0x0000000019730000)]
  0x0000000014c4e000 JavaThread "Service Thread" daemon [_thread_blocked, id=3328, stack(0x0000000016950000,0x0000000016a50000)]
=>0x0000000014c10800 JavaThread "C1 CompilerThread2" daemon [_thread_in_native, id=6792, stack(0x0000000016450000,0x0000000016550000)]
  0x0000000014c00000 JavaThread "C2 CompilerThread1" daemon [_thread_blocked, id=9688, stack(0x0000000016350000,0x0000000016450000)]
  0x0000000014bf7000 JavaThread "C2 CompilerThread0" daemon [_thread_in_native, id=13408, stack(0x0000000016250000,0x0000000016350000)]
  0x0000000014bf5800 JavaThread "Attach Listener" daemon [_thread_blocked, id=6344, stack(0x0000000016150000,0x0000000016250000)]
  0x0000000014bf4000 JavaThread "Signal Dispatcher" daemon [_thread_blocked, id=10148, stack(0x0000000016050000,0x0000000016150000)]
  0x000000000251d800 JavaThread "Finalizer" daemon [_thread_blocked, id=12028, stack(0x0000000015e50000,0x0000000015f50000)]
  0x0000000014bda000 JavaThread "Reference Handler" daemon [_thread_blocked, id=14972, stack(0x0000000015d50000,0x0000000015e50000)]
  0x000000000241e800 JavaThread "main" [_thread_blocked, id=13904, stack(0x00000000022d0000,0x00000000023d0000)]

Other Threads:
  0x0000000014bb7000 VMThread [stack: 0x0000000015c50000,0x0000000015d50000] [id=2948]
  0x00000000165a4800 WatcherThread [stack: 0x0000000016a50000,0x0000000016b50000] [id=14704]

VM state:not at safepoint (normal execution)

VM Mutex/Monitor currently owned by a thread: None

OutOfMemory and StackOverflow Exception counts:
OutOfMemoryError java_heap_errors=1

heap address: 0x00000000c0000000, size: 1024 MB, Compressed Oops mode: 32-bit
Narrow klass base: 0x0000000000000000, Narrow klass shift: 3
Compressed class space size: 1073741824 Address: 0x0000000100000000

Heap:
 PSYoungGen      total 145408K, used 39010K [0x00000000eab00000, 0x00000000f5b00000, 0x0000000100000000)
  eden space 134144K, 24% used [0x00000000eab00000,0x00000000ecb5e138,0x00000000f2e00000)
  from space 11264K, 52% used [0x00000000f2e00000,0x00000000f33ba778,0x00000000f3900000)
  to   space 10752K, 0% used [0x00000000f5080000,0x00000000f5080000,0x00000000f5b00000)
 ParOldGen       total 52224K, used 28275K [0x00000000c0000000, 0x00000000c3300000, 0x00000000eab00000)
  object space 52224K, 54% used [0x00000000c0000000,0x00000000c1b9cfa0,0x00000000c3300000)
 Metaspace       used 41689K, capacity 42628K, committed 42880K, reserved 1085440K
  class space    used 5852K, capacity 6166K, committed 6272K, reserved 1048576K

Card table byte_map: [0x00000000118e0000,0x0000000011af0000] byte_map_base: 0x00000000112e0000

Marking Bits: (ParMarkBitMap*) 0x000000006e575ce0
 Begin Bits: [0x0000000012050000, 0x0000000013050000)
 End Bits:   [0x0000000013050000, 0x0000000014050000)

Polling page: 0x0000000000bc0000

CodeCache: size=245760Kb used=19778Kb max_used=20229Kb free=225981Kb
 bounds [0x0000000002520000, 0x0000000003910000, 0x0000000011520000]
 total_blobs=6591 nmethods=5908 adapters=595
 compilation: enabled

Compilation events (10 events):
Event: 2563.534 Thread 0x0000000014c10800 6956       3       org.gradle.launcher.daemon.server.MasterExpirationStrategy::checkExpiration (10 bytes)
Event: 2563.535 Thread 0x0000000014c10800 nmethod 6956 0x0000000002795d90 code [0x0000000002795f00, 0x0000000002796128]
Event: 2563.693 Thread 0x0000000014c00000 6957       4       sun.reflect.ReflectionFactory::langReflectAccess (15 bytes)
Event: 2563.694 Thread 0x0000000014c00000 nmethod 6957 0x0000000002a55f50 code [0x0000000002a56080, 0x0000000002a560f8]
Event: 2563.750 Thread 0x0000000014bf7000 6958       4       org.gradle.internal.io.LineBufferingOutputStream::write (59 bytes)
Event: 2563.753 Thread 0x0000000014c10800 6959       3       org.gradle.internal.logging.console.StyledTextOutputBackedRenderer$OutputEventTextOutputImpl::doEndLine (17 bytes)
Event: 2563.755 Thread 0x0000000014c10800 nmethod 6959 0x00000000029f3dd0 code [0x00000000029f3f60, 0x00000000029f43b8]
Event: 2563.755 Thread 0x0000000014c10800 6966       3       org.gradle.internal.logging.text.AbstractLineChoppingStyledTextOutput$StateContext::flushEndLine (9 bytes)
Event: 2563.756 Thread 0x0000000014c10800 nmethod 6966 0x0000000002a71810 code [0x0000000002a71980, 0x0000000002a71ba8]
Event: 2563.756 Thread 0x0000000014c10800 6962       3       org.gradle.internal.logging.text.AbstractLineChoppingStyledTextOutput$4::execute (9 bytes)

GC Heap History (10 events):
Event: 10.809 GC heap before
{Heap before GC invocations=13 (full 1):
 PSYoungGen      total 89088K, used 33111K [0x00000000eab00000, 0x00000000f2680000, 0x0000000100000000)
  eden space 80896K, 33% used [0x00000000eab00000,0x00000000ec57c658,0x00000000efa00000)
  from space 8192K, 73% used [0x00000000efa00000,0x00000000effd9668,0x00000000f0200000)
  to   space 8192K, 0% used [0x00000000f1e80000,0x00000000f1e80000,0x00000000f2680000)
 ParOldGen       total 30208K, used 12099K [0x00000000c0000000, 0x00000000c1d80000, 0x00000000eab00000)
  object space 30208K, 40% used [0x00000000c0000000,0x00000000c0bd0db8,0x00000000c1d80000)
 Metaspace       used 34821K, capacity 35322K, committed 35416K, reserved 1079296K
  class space    used 4906K, capacity 5083K, committed 5120K, reserved 1048576K
Event: 10.824 GC heap after
Heap after GC invocations=13 (full 1):
 PSYoungGen      total 118272K, used 2157K [0x00000000eab00000, 0x00000000f2900000, 0x0000000100000000)
  eden space 110080K, 0% used [0x00000000eab00000,0x00000000eab00000,0x00000000f1680000)
  from space 8192K, 26% used [0x00000000f1e80000,0x00000000f209b518,0x00000000f2680000)
  to   space 8192K, 0% used [0x00000000f1680000,0x00000000f1680000,0x00000000f1e80000)
 ParOldGen       total 30208K, used 15707K [0x00000000c0000000, 0x00000000c1d80000, 0x00000000eab00000)
  object space 30208K, 51% used [0x00000000c0000000,0x00000000c0f56c88,0x00000000c1d80000)
 Metaspace       used 34821K, capacity 35322K, committed 35416K, reserved 1079296K
  class space    used 4906K, capacity 5083K, committed 5120K, reserved 1048576K
}
Event: 10.824 GC heap before
{Heap before GC invocations=14 (full 2):
 PSYoungGen      total 118272K, used 2157K [0x00000000eab00000, 0x00000000f2900000, 0x0000000100000000)
  eden space 110080K, 0% used [0x00000000eab00000,0x00000000eab00000,0x00000000f1680000)
  from space 8192K, 26% used [0x00000000f1e80000,0x00000000f209b518,0x00000000f2680000)
  to   space 8192K, 0% used [0x00000000f1680000,0x00000000f1680000,0x00000000f1e80000)
 ParOldGen       total 30208K, used 15707K [0x00000000c0000000, 0x00000000c1d80000, 0x00000000eab00000)
  object space 30208K, 51% used [0x00000000c0000000,0x00000000c0f56c88,0x00000000c1d80000)
 Metaspace       used 34821K, capacity 35322K, committed 35416K, reserved 1079296K
  class space    used 4906K, capacity 5083K, committed 5120K, reserved 1048576K
Event: 11.053 GC heap after
Heap after GC invocations=14 (full 2):
 PSYoungGen      total 118272K, used 0K [0x00000000eab00000, 0x00000000f2900000, 0x0000000100000000)
  eden space 110080K, 0% used [0x00000000eab00000,0x00000000eab00000,0x00000000f1680000)
  from space 8192K, 0% used [0x00000000f1e80000,0x00000000f1e80000,0x00000000f2680000)
  to   space 8192K, 0% used [0x00000000f1680000,0x00000000f1680000,0x00000000f1e80000)
 ParOldGen       total 52224K, used 17078K [0x00000000c0000000, 0x00000000c3300000, 0x00000000eab00000)
  object space 52224K, 32% used [0x00000000c0000000,0x00000000c10ad9c8,0x00000000c3300000)
 Metaspace       used 34821K, capacity 35322K, committed 35416K, reserved 1079296K
  class space    used 4906K, capacity 5083K, committed 5120K, reserved 1048576K
}
Event: 12.682 GC heap before
{Heap before GC invocations=15 (full 2):
 PSYoungGen      total 118272K, used 110080K [0x00000000eab00000, 0x00000000f2900000, 0x0000000100000000)
  eden space 110080K, 100% used [0x00000000eab00000,0x00000000f1680000,0x00000000f1680000)
  from space 8192K, 0% used [0x00000000f1e80000,0x00000000f1e80000,0x00000000f2680000)
  to   space 8192K, 0% used [0x00000000f1680000,0x00000000f1680000,0x00000000f1e80000)
 ParOldGen       total 52224K, used 17078K [0x00000000c0000000, 0x00000000c3300000, 0x00000000eab00000)
  object space 52224K, 32% used [0x00000000c0000000,0x00000000c10ad9c8,0x00000000c3300000)
 Metaspace       used 37375K, capacity 38132K, committed 38400K, reserved 1081344K
  class space    used 5322K, capacity 5552K, committed 5632K, reserved 1048576K
Event: 12.703 GC heap after
Heap after GC invocations=15 (full 2):
 PSYoungGen      total 118272K, used 8176K [0x00000000eab00000, 0x00000000f4600000, 0x0000000100000000)
  eden space 110080K, 0% used [0x00000000eab00000,0x00000000eab00000,0x00000000f1680000)
  from space 8192K, 99% used [0x00000000f1680000,0x00000000f1e7c020,0x00000000f1e80000)
  to   space 10240K, 0% used [0x00000000f3c00000,0x00000000f3c00000,0x00000000f4600000)
 ParOldGen       total 52224K, used 20087K [0x00000000c0000000, 0x00000000c3300000, 0x00000000eab00000)
  object space 52224K, 38% used [0x00000000c0000000,0x00000000c139df30,0x00000000c3300000)
 Metaspace       used 37375K, capacity 38132K, committed 38400K, reserved 1081344K
  class space    used 5322K, capacity 5552K, committed 5632K, reserved 1048576K
}
Event: 30.718 GC heap before
{Heap before GC invocations=16 (full 2):
 PSYoungGen      total 118272K, used 118256K [0x00000000eab00000, 0x00000000f4600000, 0x0000000100000000)
  eden space 110080K, 100% used [0x00000000eab00000,0x00000000f1680000,0x00000000f1680000)
  from space 8192K, 99% used [0x00000000f1680000,0x00000000f1e7c020,0x00000000f1e80000)
  to   space 10240K, 0% used [0x00000000f3c00000,0x00000000f3c00000,0x00000000f4600000)
 ParOldGen       total 52224K, used 20087K [0x00000000c0000000, 0x00000000c3300000, 0x00000000eab00000)
  object space 52224K, 38% used [0x00000000c0000000,0x00000000c139df30,0x00000000c3300000)
 Metaspace       used 41182K, capacity 42166K, committed 42368K, reserved 1085440K
  class space    used 5828K, capacity 6153K, committed 6272K, reserved 1048576K
Event: 30.742 GC heap after
Heap after GC invocations=16 (full 2):
 PSYoungGen      total 142336K, used 8111K [0x00000000eab00000, 0x00000000f4400000, 0x0000000100000000)
  eden space 134144K, 0% used [0x00000000eab00000,0x00000000eab00000,0x00000000f2e00000)
  from space 8192K, 99% used [0x00000000f3c00000,0x00000000f43ebd68,0x00000000f4400000)
  to   space 11264K, 0% used [0x00000000f2e00000,0x00000000f2e00000,0x00000000f3900000)
 ParOldGen       total 52224K, used 28267K [0x00000000c0000000, 0x00000000c3300000, 0x00000000eab00000)
  object space 52224K, 54% used [0x00000000c0000000,0x00000000c1b9afa0,0x00000000c3300000)
 Metaspace       used 41182K, capacity 42166K, committed 42368K, reserved 1085440K
  class space    used 5828K, capacity 6153K, committed 6272K, reserved 1048576K
}
Event: 1953.517 GC heap before
{Heap before GC invocations=17 (full 2):
 PSYoungGen      total 142336K, used 142255K [0x00000000eab00000, 0x00000000f4400000, 0x0000000100000000)
  eden space 134144K, 100% used [0x00000000eab00000,0x00000000f2e00000,0x00000000f2e00000)
  from space 8192K, 99% used [0x00000000f3c00000,0x00000000f43ebd68,0x00000000f4400000)
  to   space 11264K, 0% used [0x00000000f2e00000,0x00000000f2e00000,0x00000000f3900000)
 ParOldGen       total 52224K, used 28267K [0x00000000c0000000, 0x00000000c3300000, 0x00000000eab00000)
  object space 52224K, 54% used [0x00000000c0000000,0x00000000c1b9afa0,0x00000000c3300000)
 Metaspace       used 41658K, capacity 42540K, committed 42880K, reserved 1085440K
  class space    used 5848K, capacity 6162K, committed 6272K, reserved 1048576K
Event: 1953.675 GC heap after
Heap after GC invocations=17 (full 2):
 PSYoungGen      total 145408K, used 5865K [0x00000000eab00000, 0x00000000f5b00000, 0x0000000100000000)
  eden space 134144K, 0% used [0x00000000eab00000,0x00000000eab00000,0x00000000f2e00000)
  from space 11264K, 52% used [0x00000000f2e00000,0x00000000f33ba778,0x00000000f3900000)
  to   space 10752K, 0% used [0x00000000f5080000,0x00000000f5080000,0x00000000f5b00000)
 ParOldGen       total 52224K, used 28275K [0x00000000c0000000, 0x00000000c3300000, 0x00000000eab00000)
  object space 52224K, 54% used [0x00000000c0000000,0x00000000c1b9cfa0,0x00000000c3300000)
 Metaspace       used 41658K, capacity 42540K, committed 42880K, reserved 1085440K
  class space    used 5848K, capacity 6162K, committed 6272K, reserved 1048576K
}

Deoptimization events (10 events):
Event: 31.492 Thread 0x0000000017ed2000 Uncommon trap: reason=unstable_if action=reinterpret pc=0x00000000037d0438 method=java.io.WinNTFileSystem.parentOrNull(Ljava/lang/String;)Ljava/lang/String; @ 62
Event: 47.485 Thread 0x0000000018a06000 Uncommon trap: reason=unstable_if action=reinterpret pc=0x00000000028c2390 method=org.gradle.internal.logging.text.AbstractLineChoppingStyledTextOutput$2.execute(Lorg/gradle/internal/logging/text/AbstractLineChoppingStyledTextOutput$StateContext;)V @ 30
Event: 47.719 Thread 0x0000000018a06000 Uncommon trap: reason=unstable_if action=reinterpret pc=0x000000000288bf8c method=org.gradle.internal.logging.text.AbstractLineChoppingStyledTextOutput$2.execute(Lorg/gradle/internal/logging/text/AbstractLineChoppingStyledTextOutput$StateContext;)V @ 30
Event: 47.723 Thread 0x0000000018a06000 Uncommon trap: reason=unstable_if action=reinterpret pc=0x000000000288c898 method=org.gradle.internal.logging.text.AbstractLineChoppingStyledTextOutput$2.execute(Lorg/gradle/internal/logging/text/AbstractLineChoppingStyledTextOutput$StateContext;)V @ 30
Event: 63.524 Thread 0x0000000017899000 Uncommon trap: reason=unstable_if action=reinterpret pc=0x00000000037b6058 method=java.io.ExpiringCache.entryFor(Ljava/lang/String;)Ljava/io/ExpiringCache$Entry; @ 39
Event: 63.524 Thread 0x0000000017899000 Uncommon trap: reason=unstable_if action=reinterpret pc=0x00000000037abbbc method=java.io.ExpiringCache.entryFor(Ljava/lang/String;)Ljava/io/ExpiringCache$Entry; @ 39
Event: 1953.675 Thread 0x0000000014bda000 Uncommon trap: reason=unstable_if action=reinterpret pc=0x0000000003001f38 method=java.lang.ref.Reference.tryHandlePending(Z)Z @ 20
Event: 2029.682 Thread 0x0000000017ed3800 Uncommon trap: reason=unstable_if action=reinterpret pc=0x00000000038b99d8 method=org.gradle.launcher.daemon.server.exec.LogToClient$AsynchronousLogDispatcher.run()V @ 27
Event: 2076.701 Thread 0x0000000017ed3800 Uncommon trap: reason=unstable_if action=reinterpret pc=0x00000000027f0fec method=java.util.concurrent.locks.AbstractQueuedSynchronizer$ConditionObject.awaitNanos(J)J @ 73
Event: 2563.735 Thread 0x0000000017ed3800 Uncommon trap: reason=unstable_if action=reinterpret pc=0x0000000003752068 method=java.lang.ThreadLocal.get()Ljava/lang/Object; @ 11

Classes redefined (0 events):
No events

Internal exceptions (10 events):
Event: 30.867 Thread 0x0000000017ed2000 Exception <a 'java/lang/ClassNotFoundException': org/apache/tools/ant/filters/BaseFilterReaderCustomizer> (0x00000000ead92d98) thrown at [C:\re\workspace\8-2-build-windows-amd64-cygwin\jdk8u202\12323\hotspot\src\share\vm\classfile\systemDictionary.cpp, li
Event: 30.867 Thread 0x0000000017ed2000 Exception <a 'java/lang/ClassNotFoundException': org/apache/tools/ant/filters/BaseParamFilterReaderCustomizer> (0x00000000eada4198) thrown at [C:\re\workspace\8-2-build-windows-amd64-cygwin\jdk8u202\12323\hotspot\src\share\vm\classfile\systemDictionary.cp
Event: 30.868 Thread 0x0000000017ed2000 Exception <a 'java/lang/ClassNotFoundException': org/apache/tools/ant/filters/ReplaceTokensCustomizer> (0x00000000eadb34c8) thrown at [C:\re\workspace\8-2-build-windows-amd64-cygwin\jdk8u202\12323\hotspot\src\share\vm\classfile\systemDictionary.cpp, line 
Event: 30.871 Thread 0x0000000017ed2000 Exception <a 'java/lang/ClassNotFoundException': java/util/HashtableBeanInfo> (0x00000000eadd9488) thrown at [C:\re\workspace\8-2-build-windows-amd64-cygwin\jdk8u202\12323\hotspot\src\share\vm\classfile\systemDictionary.cpp, line 210]
Event: 30.871 Thread 0x0000000017ed2000 Exception <a 'java/lang/ClassNotFoundException': java/util/DictionaryBeanInfo> (0x00000000eade0b88) thrown at [C:\re\workspace\8-2-build-windows-amd64-cygwin\jdk8u202\12323\hotspot\src\share\vm\classfile\systemDictionary.cpp, line 210]
Event: 30.872 Thread 0x0000000017ed2000 Exception <a 'java/lang/ClassNotFoundException': java/util/DictionaryCustomizer> (0x00000000eade84a0) thrown at [C:\re\workspace\8-2-build-windows-amd64-cygwin\jdk8u202\12323\hotspot\src\share\vm\classfile\systemDictionary.cpp, line 210]
Event: 30.873 Thread 0x0000000017ed2000 Exception <a 'java/lang/ClassNotFoundException': java/util/HashtableCustomizer> (0x00000000eadf6520) thrown at [C:\re\workspace\8-2-build-windows-amd64-cygwin\jdk8u202\12323\hotspot\src\share\vm\classfile\systemDictionary.cpp, line 210]
Event: 2563.536 Thread 0x0000000017899000 Exception <a 'java/io/IOException'> (0x00000000ec9f4190) thrown at [C:\re\workspace\8-2-build-windows-amd64-cygwin\jdk8u202\12323\hotspot\src\share\vm\prims\jni.cpp, line 710]
Event: 2563.732 Thread 0x0000000017ed3800 Exception <a 'java/lang/OutOfMemoryError': (class: org/gradle/internal/serialize/ExceptionPlaceholder, method: <init> signature: (Ljava/lang/Throwable;Lorg/gradle/api/Transformer;)V) > (0x00000000ecb39ac8) thrown at [C:\re\workspace\8-2-build-windows-amd6
Event: 2563.735 Thread 0x0000000017ed3800 Implicit null exception at 0x0000000003751f28 to 0x0000000003752059

Events (10 events):
Event: 2563.583 loading class java/lang/Throwable$WrappedPrintWriter done
Event: 2563.625 Executing VM operation: RevokeBias
Event: 2563.633 Executing VM operation: RevokeBias done
Event: 2563.709 loading class org/gradle/internal/serialize/PlaceholderException
Event: 2563.709 loading class org/gradle/internal/serialize/PlaceholderException done
Event: 2563.735 Thread 0x0000000017ed3800 Uncommon trap: trap_request=0xffffff65 fr.pc=0x0000000003752068
Event: 2563.735 Thread 0x0000000017ed3800 DEOPT PACKING pc=0x0000000003752068 sp=0x000000001a36f1d0
Event: 2563.735 Thread 0x0000000017ed3800 DEOPT UNPACKING pc=0x000000000256583b sp=0x000000001a36f170 mode 2
Event: 2563.741 loading class java/lang/Throwable$WrappedPrintStream
Event: 2563.743 loading class java/lang/Throwable$WrappedPrintStream done


Dynamic libraries:
0x00007ff648a10000 - 0x00007ff648a47000 	C:\Program Files\Java\jdk1.8.0_202\bin\java.exe
0x00007ff841b30000 - 0x00007ff841d25000 	C:\WINDOWS\SYSTEM32\ntdll.dll
0x00007ff840a50000 - 0x00007ff840b0d000 	C:\WINDOWS\System32\KERNEL32.DLL
0x00007ff83f4f0000 - 0x00007ff83f7bd000 	C:\WINDOWS\System32\KERNELBASE.dll
0x00007ff8404b0000 - 0x00007ff84055e000 	C:\WINDOWS\System32\ADVAPI32.dll
0x00007ff8419a0000 - 0x00007ff841a3e000 	C:\WINDOWS\System32\msvcrt.dll
0x00007ff840630000 - 0x00007ff8406cc000 	C:\WINDOWS\System32\sechost.dll
0x00007ff840870000 - 0x00007ff840995000 	C:\WINDOWS\System32\RPCRT4.dll
0x00007ff8406d0000 - 0x00007ff840870000 	C:\WINDOWS\System32\USER32.dll
0x00007ff83f2b0000 - 0x00007ff83f2d2000 	C:\WINDOWS\System32\win32u.dll
0x00007ff83fb80000 - 0x00007ff83fbaa000 	C:\WINDOWS\System32\GDI32.dll
0x00007ff83f7c0000 - 0x00007ff83f8cb000 	C:\WINDOWS\System32\gdi32full.dll
0x00007ff83f9e0000 - 0x00007ff83fa7d000 	C:\WINDOWS\System32\msvcp_win.dll
0x00007ff83fa80000 - 0x00007ff83fb80000 	C:\WINDOWS\System32\ucrtbase.dll
0x00007ff8282b0000 - 0x00007ff82854a000 	C:\WINDOWS\WinSxS\amd64_microsoft.windows.common-controls_6595b64144ccf1df_6.0.19041.1110_none_60b5254171f9507e\COMCTL32.dll
0x00007ff840230000 - 0x00007ff840260000 	C:\WINDOWS\System32\IMM32.DLL
0x000000006f040000 - 0x000000006f112000 	C:\Program Files\Java\jdk1.8.0_202\jre\bin\msvcr100.dll
0x000000006dd50000 - 0x000000006e5f5000 	C:\Program Files\Java\jdk1.8.0_202\jre\bin\server\jvm.dll
0x00007ff840df0000 - 0x00007ff840df8000 	C:\WINDOWS\System32\PSAPI.DLL
0x00007ff80fda0000 - 0x00007ff80fda9000 	C:\WINDOWS\SYSTEM32\WSOCK32.dll
0x00007ff83d220000 - 0x00007ff83d22a000 	C:\WINDOWS\SYSTEM32\VERSION.dll
0x00007ff81afe0000 - 0x00007ff81b007000 	C:\WINDOWS\SYSTEM32\WINMM.dll
0x00007ff8405c0000 - 0x00007ff84062b000 	C:\WINDOWS\System32\WS2_32.dll
0x00007ff83c110000 - 0x00007ff83c11f000 	C:\Program Files\Java\jdk1.8.0_202\jre\bin\verify.dll
0x00007ff8276a0000 - 0x00007ff8276c9000 	C:\Program Files\Java\jdk1.8.0_202\jre\bin\java.dll
0x00007ff827f90000 - 0x00007ff827fa6000 	C:\Program Files\Java\jdk1.8.0_202\jre\bin\zip.dll
0x00007ff840e00000 - 0x00007ff841544000 	C:\WINDOWS\System32\SHELL32.dll
0x00007ff83d320000 - 0x00007ff83dab4000 	C:\WINDOWS\SYSTEM32\windows.storage.dll
0x00007ff8415c0000 - 0x00007ff841914000 	C:\WINDOWS\System32\combase.dll
0x00007ff83ebd0000 - 0x00007ff83ebfc000 	C:\WINDOWS\SYSTEM32\Wldp.dll
0x00007ff8409a0000 - 0x00007ff840a4d000 	C:\WINDOWS\System32\SHCORE.dll
0x00007ff840450000 - 0x00007ff8404a5000 	C:\WINDOWS\System32\shlwapi.dll
0x00007ff83f180000 - 0x00007ff83f19f000 	C:\WINDOWS\SYSTEM32\profapi.dll
0x00007ff83c0c0000 - 0x00007ff83c0da000 	C:\Program Files\Java\jdk1.8.0_202\jre\bin\net.dll
0x00007ff829df0000 - 0x00007ff829fdc000 	C:\WINDOWS\SYSTEM32\urlmon.dll
0x00007ff82a120000 - 0x00007ff82a3d1000 	C:\WINDOWS\SYSTEM32\iertutil.dll
0x00007ff82b550000 - 0x00007ff82b578000 	C:\WINDOWS\SYSTEM32\srvcli.dll
0x00007ff83e730000 - 0x00007ff83e73c000 	C:\WINDOWS\SYSTEM32\netutils.dll
0x00007ff83e930000 - 0x00007ff83e99a000 	C:\WINDOWS\system32\mswsock.dll
0x00007ff82bd90000 - 0x00007ff82bda2000 	C:\Program Files\Java\jdk1.8.0_202\jre\bin\nio.dll
0x00007ff82bd70000 - 0x00007ff82bd8e000 	C:\Users\WILSON\.gradle\native\25\windows-amd64\native-platform.dll
0x00007ff83eb30000 - 0x00007ff83eb48000 	C:\WINDOWS\SYSTEM32\CRYPTSP.dll
0x00007ff83e2b0000 - 0x00007ff83e2e4000 	C:\WINDOWS\system32\rsaenh.dll
0x00007ff83f960000 - 0x00007ff83f987000 	C:\WINDOWS\System32\bcrypt.dll
0x00007ff83f140000 - 0x00007ff83f16e000 	C:\WINDOWS\SYSTEM32\USERENV.dll
0x00007ff83f8d0000 - 0x00007ff83f952000 	C:\WINDOWS\System32\bcryptprimitives.dll
0x00007ff83eb20000 - 0x00007ff83eb2c000 	C:\WINDOWS\SYSTEM32\CRYPTBASE.dll
0x00007ff83e620000 - 0x00007ff83e65b000 	C:\WINDOWS\SYSTEM32\IPHLPAPI.DLL
0x00007ff83fc90000 - 0x00007ff83fc98000 	C:\WINDOWS\System32\NSI.dll
0x00007ff8308d0000 - 0x00007ff8308e7000 	C:\WINDOWS\SYSTEM32\dhcpcsvc6.DLL
0x00007ff8338b0000 - 0x00007ff8338cd000 	C:\WINDOWS\SYSTEM32\dhcpcsvc.DLL
0x00007ff83e660000 - 0x00007ff83e72b000 	C:\WINDOWS\SYSTEM32\DNSAPI.dll
0x00007ff83c0b0000 - 0x00007ff83c0bd000 	C:\Program Files\Java\jdk1.8.0_202\jre\bin\management.dll

VM Arguments:
jvm_args: -XX:MaxPermSize=256m -XX:+HeapDumpOnOutOfMemoryError -Xmx1024m -Dfile.encoding=UTF-8 -Duser.country=US -Duser.language=en -Duser.variant 
java_command: org.gradle.launcher.daemon.bootstrap.GradleDaemon 3.5
java_class_path (initial): C:\Users\WILSON\.gradle\wrapper\dists\gradle-3.5-all\exhrs6ca08n232b14ue48lbye\gradle-3.5\lib\gradle-launcher-3.5.jar
Launcher Type: SUN_STANDARD

Environment Variables:
PATH=C:\Program Files\Common Files\Oracle\Java\javapath;C:\Program Files (x86)\Common Files\Oracle\Java\javapath;C:\WINDOWS\system32;C:\WINDOWS;C:\WINDOWS\System32\Wbem;C:\WINDOWS\System32\WindowsPowerShell\v1.0\;C:\Program Files\Microsoft\Web Platform Installer\;C:\Program Files (x86)\PowerShell\7\;C:\WINDOWS\System32\OpenSSH\;C:\Program Files\Git\cmd;C:\grails-3.3.5\bin;C:\Program Files\Microsoft SQL Server\Client SDK\ODBC\110\Tools\Binn\;C:\Program Files (x86)\Microsoft SQL Server\120\Tools\Binn\;C:\Program Files\Microsoft SQL Server\120\Tools\Binn\;C:\Program Files\Microsoft SQL Server\120\DTS\Binn\;C:\Program Files (x86)\Microsoft SQL Server\120\Tools\Binn\ManagementStudio\;C:\Program Files (x86)\Microsoft SQL Server\120\DTS\Binn\;C:\Users\WILSON\AppData\Local\Microsoft\WindowsApps;C:\Users\WILSON\AppData\Local\Programs\Microsoft VS Code\bin;C:\php-7.4.28-nts-Win32-vc15-x64;
USERNAME=WILSON
OS=Windows_NT
PROCESSOR_IDENTIFIER=Intel64 Family 6 Model 142 Stepping 9, GenuineIntel



---------------  S Y S T E M  ---------------

OS: Windows 10.0 , 64 bit Build 19041 (10.0.19041.1706)

CPU:total 4 (initial active 4) (2 cores per cpu, 2 threads per core) family 6 model 142 stepping 9, cmov, cx8, fxsr, mmx, sse, sse2, sse3, ssse3, sse4.1, sse4.2, popcnt, avx, avx2, aes, clmul, erms, 3dnowpref, lzcnt, ht, tsc, tscinvbit, bmi1, bmi2, adx

Memory: 4k page, physical 3554520k(365688k free), swap 14564568k(0k free)

vm_info: Java HotSpot(TM) 64-Bit Server VM (25.202-b08) for windows-amd64 JRE (1.8.0_202-b08), built on Dec 15 2018 19:54:30 by "java_re" with MS VC++ 10.0 (VS2010)

time: Wed Jul 19 03:09:20 2023
timezone: Dateline Standard Time
elapsed time: 2563 seconds (0d 0h 42m 43s)

