#
# There is insufficient memory for the Java Runtime Environment to continue.
# Native memory allocation (malloc) failed to allocate 1048576 bytes for AllocateHeap
# Possible reasons:
#   The system is out of physical RAM or swap space
#   The process is running with CompressedOops enabled, and the Java Heap may be blocking the growth of the native heap
# Possible solutions:
#   Reduce memory load on the system
#   Increase physical memory or swap space
#   Check if swap backing store is full
#   Decrease Java heap size (-Xmx/-Xms)
#   Decrease number of Java threads
#   Decrease Java thread stack sizes (-Xss)
#   Set larger code cache with -XX:ReservedCodeCacheSize=
#   JVM is running with Unscaled Compressed Oops mode in which the Java heap is
#     placed in the first 4GB address space. The Java Heap base address is the
#     maximum limit for the native heap growth. Please use -XX:HeapBaseMinAddress
#     to set the Java Heap base and to place the Java Heap above 4GB virtual address.
# This output file may be truncated or incomplete.
#
#  Out of Memory Error (memory/allocation.inline.hpp:61), pid=7712, tid=0x0000000000003d1c
#
# JRE version:  (8.0_202-b08) (build )
# Java VM: Java HotSpot(TM) 64-Bit Server VM (25.202-b08 mixed mode windows-amd64 compressed oops)
# Failed to write core dump. Minidumps are not enabled by default on client versions of Windows
#

---------------  T H R E A D  ---------------

Current thread (0x0000000002b55800):  JavaThread "Unknown thread" [_thread_in_vm, id=15644, stack(0x0000000002a50000,0x0000000002b50000)]

Stack: [0x0000000002a50000,0x0000000002b50000]
[error occurred during error reporting (printing stack bounds), id 0xc0000005]

Native frames: (J=compiled Java code, j=interpreted, Vv=VM code, C=native code)


---------------  P R O C E S S  ---------------

Java Threads: ( => current thread )

Other Threads:

=>0x0000000002b55800 (exited) JavaThread "Unknown thread" [_thread_in_vm, id=15644, stack(0x0000000002a50000,0x0000000002b50000)]

VM state:not at safepoint (normal execution)

VM Mutex/Monitor currently owned by a thread: None

heap address: 0x00000000d0000000, size: 768 MB, Compressed Oops mode: 32-bit
Narrow klass base: 0x0000000000000000, Narrow klass shift: 3
Compressed class space size: 1073741824 Address: 0x0000000100000000

Heap:
 PSYoungGen      total 229376K, used 3932K [0x00000000f0000000, 0x0000000100000000, 0x0000000100000000)
  eden space 196608K, 2% used [0x00000000f0000000,0x00000000f03d70b0,0x00000000fc000000)
  from space 32768K, 0% used [0x00000000fe000000,0x00000000fe000000,0x0000000100000000)
  to   space 32768K, 0% used [0x00000000fc000000,0x00000000fc000000,0x00000000fe000000)
 ParOldGen       total 524288K, used 0K [0x00000000d0000000, 0x00000000f0000000, 0x00000000f0000000)
  object space 524288K, 0% used [0x00000000d0000000,0x00000000d0000000,0x00000000f0000000)
 Metaspace       used 775K, capacity 4480K, committed 4480K, reserved 1056768K
  class space    used 76K, capacity 384K, committed 384K, reserved 1048576K

Card table byte_map: [0x00000000121b0000,0x0000000012340000] byte_map_base: 0x0000000011b30000

Marking Bits: (ParMarkBitMap*) 0x000000006bc65ce0
 Begin Bits: [0x0000000012840000, 0x0000000013440000)
 End Bits:   [0x0000000013440000, 0x0000000014040000)

Polling page: 0x0000000000fe0000

CodeCache: size=245760Kb used=328Kb max_used=328Kb free=245431Kb
 bounds [0x0000000002df0000, 0x0000000003060000, 0x0000000011df0000]
 total_blobs=58 nmethods=0 adapters=38
 compilation: enabled

Compilation events (0 events):
No events

GC Heap History (0 events):
No events

Deoptimization events (0 events):
No events

Classes redefined (0 events):
No events

Internal exceptions (0 events):
No events

Events (10 events):
Event: 0.041 loading class java/lang/Short
Event: 0.041 loading class java/lang/Short done
Event: 0.041 loading class java/lang/Integer
Event: 0.041 loading class java/lang/Integer done
Event: 0.041 loading class java/lang/Long
Event: 0.042 loading class java/lang/Long done
Event: 0.042 loading class java/lang/NullPointerException
Event: 0.042 loading class java/lang/NullPointerException done
Event: 0.042 loading class java/lang/ArithmeticException
Event: 0.042 loading class java/lang/ArithmeticException done


Dynamic libraries:
0x00007ff7f9d10000 - 0x00007ff7f9d47000 	C:\Program Files\Java\jdk1.8.0_202\bin\java.exe
0x00007ff8758f0000 - 0x00007ff875ae5000 	C:\WINDOWS\SYSTEM32\ntdll.dll
0x00007ff874eb0000 - 0x00007ff874f6d000 	C:\WINDOWS\System32\KERNEL32.DLL
0x00007ff873670000 - 0x00007ff87393d000 	C:\WINDOWS\System32\KERNELBASE.dll
0x00007ff874ff0000 - 0x00007ff87509e000 	C:\WINDOWS\System32\ADVAPI32.dll
0x00007ff8746a0000 - 0x00007ff87473e000 	C:\WINDOWS\System32\msvcrt.dll
0x00007ff8743c0000 - 0x00007ff87445c000 	C:\WINDOWS\System32\sechost.dll
0x00007ff874870000 - 0x00007ff874995000 	C:\WINDOWS\System32\RPCRT4.dll
0x00007ff874170000 - 0x00007ff874310000 	C:\WINDOWS\System32\USER32.dll
0x00007ff873070000 - 0x00007ff873092000 	C:\WINDOWS\System32\win32u.dll
0x00007ff8750a0000 - 0x00007ff8750ca000 	C:\WINDOWS\System32\GDI32.dll
0x00007ff873560000 - 0x00007ff87366b000 	C:\WINDOWS\System32\gdi32full.dll
0x00007ff8730d0000 - 0x00007ff87316d000 	C:\WINDOWS\System32\msvcp_win.dll
0x00007ff8733d0000 - 0x00007ff8734d0000 	C:\WINDOWS\System32\ucrtbase.dll
0x00007ff85b8c0000 - 0x00007ff85bb5a000 	C:\WINDOWS\WinSxS\amd64_microsoft.windows.common-controls_6595b64144ccf1df_6.0.19041.1110_none_60b5254171f9507e\COMCTL32.dll
0x00007ff874090000 - 0x00007ff8740c0000 	C:\WINDOWS\System32\IMM32.DLL
0x000000006c620000 - 0x000000006c6f2000 	C:\Program Files\Java\jdk1.8.0_202\jre\bin\msvcr100.dll
0x000000006b440000 - 0x000000006bce5000 	C:\Program Files\Java\jdk1.8.0_202\jre\bin\server\jvm.dll
0x00007ff8753b0000 - 0x00007ff8753b8000 	C:\WINDOWS\System32\PSAPI.DLL
0x00007ff84e4d0000 - 0x00007ff84e4f7000 	C:\WINDOWS\SYSTEM32\WINMM.dll
0x00007ff868c70000 - 0x00007ff868c7a000 	C:\WINDOWS\SYSTEM32\VERSION.dll
0x00007ff844810000 - 0x00007ff844819000 	C:\WINDOWS\SYSTEM32\WSOCK32.dll
0x00007ff8749a0000 - 0x00007ff874a0b000 	C:\WINDOWS\System32\WS2_32.dll
0x00007ff869b80000 - 0x00007ff869b8f000 	C:\Program Files\Java\jdk1.8.0_202\jre\bin\verify.dll
0x00007ff869b50000 - 0x00007ff869b79000 	C:\Program Files\Java\jdk1.8.0_202\jre\bin\java.dll
0x00007ff85c6b0000 - 0x00007ff85c6d3000 	C:\Program Files\Java\jdk1.8.0_202\jre\bin\instrument.dll
0x00007ff869600000 - 0x00007ff869616000 	C:\Program Files\Java\jdk1.8.0_202\jre\bin\zip.dll

VM Arguments:
jvm_args: -Dendpoints.shutdown.enabled=true -Denv=development -Dfull.stacktrace=false -Dgrails.env=development -Dgrails.full.stacktrace=false -Dinfo.app.grailsVersion=3.3.5 -Dinfo.app.name=PROJECTO-INTELLICA-HOTEL -Dinfo.app.version=0.1 -Djdk.reflect.allowGetCallerClass=true -Drun.active=true -Dserver.port=8091 -Dspring.output.ansi.enabled=always -Dspring.profiles.active -Dspringloaded=inclusions=grails.plugins..*;synchronize=true;allowSplitPackages=true;cacheDir=C:\Users\WILSON\IdeaProjects\PROJECTO-INTELLICA-HOTEL\build\springloaded -Dverbose=false -XX:+TieredCompilation -XX:TieredStopAtLevel=1 -XX:CICompilerCount=3 -javaagent:C:\Users\WILSON\.gradle\caches\modules-2\files-2.1\org.springframework\springloaded\1.2.8.RELEASE\b60bac05b0451cdc1863bfec617f39aa0dcaaa43\springloaded-1.2.8.RELEASE.jar -Xverify:none -Xms768m -Xmx768m -Dfile.encoding=UTF-8 -Duser.country=US -Duser.language=en -Duser.variant 
java_command: projecto.intellica.hotel.Application
java_class_path (initial): C:\Users\WILSON\IdeaProjects\PROJECTO-INTELLICA-HOTEL\src\main\resources;C:\Users\WILSON\IdeaProjects\PROJECTO-INTELLICA-HOTEL\grails-app\views;C:\Users\WILSON\IdeaProjects\PROJECTO-INTELLICA-HOTEL\grails-app\i18n;C:\Users\WILSON\IdeaProjects\PROJECTO-INTELLICA-HOTEL\grails-app\conf;C:\Users\WILSON\IdeaProjects\PROJECTO-INTELLICA-HOTEL\build\classes\main;C:\Users\WILSON\IdeaProjects\PROJECTO-INTELLICA-HOTEL\build\resources\main;C:\Users\WILSON\IdeaProjects\PROJECTO-INTELLICA-HOTEL\gsp-classes;C:\Users\WILSON\IdeaProjects\PROJECTO-INTELLICA-HOTEL\libs\sqljdbc42.jar;C:\Users\WILSON\.gradle\caches\modules-2\files-2.1\org.springframework.boot\spring-boot-starter-logging\1.5.12.RELEASE\88b9a16ff87f0a7faec7848e9a5626ffbbac588f\spring-boot-starter-logging-1.5.12.RELEASE.jar;C:\Users\WILSON\.gradle\caches\modules-2\files-2.1\org.springframework.boot\spring-boot-autoconfigure\1.5.12.RELEASE\932ab2609793ebc00576cbae77085bb83e5c9008\spring-boot-autoconfigure-1.5.12.RELEASE.jar;C:\Users\WILSON\.gradle\caches\modules-2\files-2.1\org.grails\grails-core\3.3.5\8044ecc48da9a8427953ffb1b7fe0a169b5b75eb\grails-core-3.3.5.jar;C:\Users\WILSON\.gradle\caches\modules-2\files-2.1\org.springframework.boot\spring-boot-starter-actuator\1.5.12.RELEASE\492b2762b659ff66970bda22802d06e1b4ce9f5b\spring-boot-starter-actuator-1.5.12.RELEASE.jar;C:\Users\WILSON\.gradle\caches\modules-2\files-2.1\org.springframework.boot\spring-boot-starter-tomcat\1.5.12.RELEASE\a4e81f071d2b5a9c9fb5a219b361b683a8eb3d91\spring-boot-starter-tomcat-1.5.12.RELEASE.jar;C:\Users\WILSON\.gradle\caches\modules-2\files-2.1\org.grails\grails-web-boot\3.3.5\96b9ec5a3904970ecb1dd5d2d783bb54e46339f\grails-web-boot-3.3.5.jar;C:\Users\WILSON\.gradle\caches\modules-2\files-2.1\org.grails\grails-logging\3.3.5\cd27aad74b27447d2aebe1a85b4fbc89af2d3c3d\grails-logging-3.3.5.jar;C:\Users\WILSON\.gradle\caches\modules-2\files-2.1\org.grails\grails-plugin-rest\3.3.5\225fd803f4047cf880ec8c16227f38fa0e53d630\grails
Launcher Type: SUN_STANDARD

Environment Variables:
PATH=C:\Program Files\Common Files\Oracle\Java\javapath;C:\Program Files (x86)\Common Files\Oracle\Java\javapath;C:\WINDOWS\system32;C:\WINDOWS;C:\WINDOWS\System32\Wbem;C:\WINDOWS\System32\WindowsPowerShell\v1.0\;C:\Program Files\Microsoft\Web Platform Installer\;C:\Program Files (x86)\PowerShell\7\;C:\WINDOWS\System32\OpenSSH\;C:\Program Files\Git\cmd;C:\grails-3.3.5\bin;C:\Program Files\Microsoft SQL Server\Client SDK\ODBC\110\Tools\Binn\;C:\Program Files (x86)\Microsoft SQL Server\120\Tools\Binn\;C:\Program Files\Microsoft SQL Server\120\Tools\Binn\;C:\Program Files\Microsoft SQL Server\120\DTS\Binn\;C:\Program Files (x86)\Microsoft SQL Server\120\Tools\Binn\ManagementStudio\;C:\Program Files (x86)\Microsoft SQL Server\120\DTS\Binn\;C:\Users\WILSON\AppData\Local\Microsoft\WindowsApps;C:\Users\WILSON\AppData\Local\Programs\Microsoft VS Code\bin;C:\php-7.4.28-nts-Win32-vc15-x64;
USERNAME=WILSON
OS=Windows_NT
PROCESSOR_IDENTIFIER=Intel64 Family 6 Model 142 Stepping 9, GenuineIntel



---------------  S Y S T E M  ---------------

OS: Windows 10.0 , 64 bit Build 19041 (10.0.19041.1706)

CPU:total 4 (initial active 4) (2 cores per cpu, 2 threads per core) family 6 model 142 stepping 9, cmov, cx8, fxsr, mmx, sse, sse2, sse3, ssse3, sse4.1, sse4.2, popcnt, avx, avx2, aes, clmul, erms, 3dnowpref, lzcnt, ht, tsc, tscinvbit, bmi1, bmi2, adx

Memory: 4k page, physical 3554520k(83252k free), swap 14564568k(5960k free)

vm_info: Java HotSpot(TM) 64-Bit Server VM (25.202-b08) for windows-amd64 JRE (1.8.0_202-b08), built on Dec 15 2018 19:54:30 by "java_re" with MS VC++ 10.0 (VS2010)

time: Thu Aug 10 09:06:05 2023
timezone: South Africa Standard Time
elapsed time: 0 seconds (0d 0h 0m 0s)

