#
# There is insufficient memory for the Java Runtime Environment to continue.
# Native memory allocation (malloc) failed to allocate 978816 bytes for Chunk::new
# Possible reasons:
#   The system is out of physical RAM or swap space
#   The process is running with CompressedOops enabled, and the Java Heap may be blocking the growth of the native heap
# Possible solutions:
#   Reduce memory load on the system
#   Increase physical memory or swap space
#   Check if swap backing store is full
#   Decrease Java heap size (-Xmx/-Xms)
#   Decrease number of Java threads
#   Decrease Java thread stack sizes (-Xss)
#   Set larger code cache with -XX:ReservedCodeCacheSize=
#   JVM is running with Unscaled Compressed Oops mode in which the Java heap is
#     placed in the first 4GB address space. The Java Heap base address is the
#     maximum limit for the native heap growth. Please use -XX:HeapBaseMinAddress
#     to set the Java Heap base and to place the Java Heap above 4GB virtual address.
# This output file may be truncated or incomplete.
#
#  Out of Memory Error (allocation.cpp:389), pid=9864, tid=0x0000000000003b34
#
# JRE version: Java(TM) SE Runtime Environment (8.0_202-b08) (build 1.8.0_202-b08)
# Java VM: Java HotSpot(TM) 64-Bit Server VM (25.202-b08 mixed mode windows-amd64 compressed oops)
# Failed to write core dump. Minidumps are not enabled by default on client versions of Windows
#

---------------  T H R E A D  ---------------

Current thread (0x0000000015aed800):  JavaThread "C2 CompilerThread1" daemon [_thread_in_native, id=15156, stack(0x0000000017240000,0x0000000017340000)]

Stack: [0x0000000017240000,0x0000000017340000]
[error occurred during error reporting (printing stack bounds), id 0xc0000005]

Native frames: (J=compiled Java code, j=interpreted, Vv=VM code, C=native code)


Current CompileTask:
C2:   4568 1413       4       java.net.URLClassLoader$1::run (5 bytes)


---------------  P R O C E S S  ---------------

Java Threads: ( => current thread )
  0x0000000019064000 JavaThread "File lock request listener" [_thread_in_native, id=15720, stack(0x000000001b590000,0x000000001b690000)]
  0x0000000019068000 JavaThread "Cache worker for file hash cache (C:\Users\WILSON\.gradle\caches\3.5\fileHashes)" [_thread_blocked, id=16080, stack(0x000000001b490000,0x000000001b590000)]
  0x00000000188cc800 JavaThread "Stdin handler" [_thread_blocked, id=13220, stack(0x000000001b260000,0x000000001b360000)]
  0x000000001968b000 JavaThread "Asynchronous log dispatcher for DefaultDaemonConnection: socket connection from /127.0.0.1:61574 to /127.0.0.1:61575" [_thread_blocked, id=7380, stack(0x000000001b160000,0x000000001b260000)]
  0x00000000187a5800 JavaThread "Daemon worker" [_thread_in_vm, id=15672, stack(0x000000001b060000,0x000000001b160000)]
  0x00000000196b6800 JavaThread "Cancel handler" [_thread_blocked, id=3636, stack(0x000000001af60000,0x000000001b060000)]
  0x000000001890b000 JavaThread "Handler for socket connection from /127.0.0.1:61574 to /127.0.0.1:61575" [_thread_in_native, id=14908, stack(0x000000001ae60000,0x000000001af60000)]
  0x000000001890a800 JavaThread "Daemon" [_thread_blocked, id=11560, stack(0x000000001ad60000,0x000000001ae60000)]
  0x000000001890c800 JavaThread "Daemon periodic checks" [_thread_blocked, id=8652, stack(0x000000001aa60000,0x000000001ab60000)]
  0x0000000018b7b800 JavaThread "Incoming local TCP Connector on port 61574" [_thread_in_native, id=9736, stack(0x000000001a820000,0x000000001a920000)]
  0x0000000018ea6000 JavaThread "Daemon health stats" [_thread_blocked, id=13188, stack(0x000000001a520000,0x000000001a620000)]
  0x0000000015b3e000 JavaThread "Service Thread" daemon [_thread_blocked, id=8096, stack(0x0000000017840000,0x0000000017940000)]
  0x0000000015b0d800 JavaThread "C1 CompilerThread2" daemon [_thread_blocked, id=7832, stack(0x0000000017340000,0x0000000017440000)]
=>0x0000000015aed800 JavaThread "C2 CompilerThread1" daemon [_thread_in_native, id=15156, stack(0x0000000017240000,0x0000000017340000)]
  0x0000000015ae7800 JavaThread "C2 CompilerThread0" daemon [_thread_in_native, id=13056, stack(0x0000000017140000,0x0000000017240000)]
  0x0000000015ae6000 JavaThread "Attach Listener" daemon [_thread_blocked, id=4440, stack(0x0000000017040000,0x0000000017140000)]
  0x0000000015ae3000 JavaThread "Signal Dispatcher" daemon [_thread_blocked, id=9524, stack(0x0000000016f40000,0x0000000017040000)]
  0x000000000340b800 JavaThread "Finalizer" daemon [_thread_blocked, id=14636, stack(0x0000000016d40000,0x0000000016e40000)]
  0x0000000003403000 JavaThread "Reference Handler" daemon [_thread_blocked, id=15192, stack(0x0000000016c40000,0x0000000016d40000)]
  0x000000000310e800 JavaThread "main" [_thread_blocked, id=15744, stack(0x0000000003210000,0x0000000003310000)]

Other Threads:
  0x0000000015aa7000 VMThread [stack: 0x0000000016b40000,0x0000000016c40000] [id=16204]
  0x000000001748e800 WatcherThread [stack: 0x0000000017940000,0x0000000017a40000] [id=12476]

VM state:not at safepoint (normal execution)

VM Mutex/Monitor currently owned by a thread: None

heap address: 0x00000000c0000000, size: 1024 MB, Compressed Oops mode: 32-bit
Narrow klass base: 0x0000000000000000, Narrow klass shift: 3
Compressed class space size: 1073741824 Address: 0x0000000100000000

Heap:
 PSYoungGen      total 31744K, used 31714K [0x00000000eab00000, 0x00000000ecc00000, 0x0000000100000000)
  eden space 29696K, 99% used [0x00000000eab00000,0x00000000ec7fc898,0x00000000ec800000)
  from space 2048K, 99% used [0x00000000eca00000,0x00000000ecbfc010,0x00000000ecc00000)
  to   space 2048K, 0% used [0x00000000ec800000,0x00000000ec800000,0x00000000eca00000)
 ParOldGen       total 38400K, used 4550K [0x00000000c0000000, 0x00000000c2580000, 0x00000000eab00000)
  object space 38400K, 11% used [0x00000000c0000000,0x00000000c0471918,0x00000000c2580000)
 Metaspace       used 14260K, capacity 14572K, committed 14720K, reserved 1062912K
  class space    used 2021K, capacity 2122K, committed 2176K, reserved 1048576K

Card table byte_map: [0x00000000127d0000,0x00000000129e0000] byte_map_base: 0x00000000121d0000

Marking Bits: (ParMarkBitMap*) 0x000000006e575ce0
 Begin Bits: [0x0000000012f40000, 0x0000000013f40000)
 End Bits:   [0x0000000013f40000, 0x0000000014f40000)

Polling page: 0x0000000003050000

CodeCache: size=245760Kb used=5014Kb max_used=5014Kb free=240745Kb
 bounds [0x0000000003410000, 0x0000000003900000, 0x0000000012410000]
 total_blobs=1787 nmethods=1419 adapters=280
 compilation: enabled

Compilation events (10 events):
Event: 4.480 Thread 0x0000000015b0d800 1418       3       java.util.HashMap::removeNode (291 bytes)
Event: 4.482 Thread 0x0000000015b0d800 nmethod 1418 0x00000000038f2150 code [0x00000000038f23a0, 0x00000000038f35d8]
Event: 4.482 Thread 0x0000000015b0d800 1419       3       java.util.HashMap::afterNodeRemoval (1 bytes)
Event: 4.482 Thread 0x0000000015b0d800 nmethod 1419 0x00000000038f1290 code [0x00000000038f13e0, 0x00000000038f1530]
Event: 4.543 Thread 0x0000000015b0d800 1420       3       java.util.HashMap::<init> (8 bytes)
Event: 4.544 Thread 0x0000000015b0d800 nmethod 1420 0x00000000038f5f10 code [0x00000000038f60a0, 0x00000000038f6228]
Event: 4.544 Thread 0x0000000015b0d800 1421       1       java.io.FilePermission::access$000 (5 bytes)
Event: 4.544 Thread 0x0000000015b0d800 nmethod 1421 0x00000000038f0f10 code [0x00000000038f1060, 0x00000000038f1150]
Event: 4.563 Thread 0x0000000015b0d800 1422       3       com.google.common.collect.RegularImmutableMap::checkNoConflictInBucket (36 bytes)
Event: 4.564 Thread 0x0000000015b0d800 nmethod 1422 0x00000000038f5750 code [0x00000000038f58e0, 0x00000000038f5da8]

GC Heap History (8 events):
Event: 0.779 GC heap before
{Heap before GC invocations=1 (full 0):
 PSYoungGen      total 16896K, used 14848K [0x00000000eab00000, 0x00000000ebd80000, 0x0000000100000000)
  eden space 14848K, 100% used [0x00000000eab00000,0x00000000eb980000,0x00000000eb980000)
  from space 2048K, 0% used [0x00000000ebb80000,0x00000000ebb80000,0x00000000ebd80000)
  to   space 2048K, 0% used [0x00000000eb980000,0x00000000eb980000,0x00000000ebb80000)
 ParOldGen       total 38400K, used 0K [0x00000000c0000000, 0x00000000c2580000, 0x00000000eab00000)
  object space 38400K, 0% used [0x00000000c0000000,0x00000000c0000000,0x00000000c2580000)
 Metaspace       used 6330K, capacity 6440K, committed 6528K, reserved 1056768K
  class space    used 795K, capacity 824K, committed 896K, reserved 1048576K
Event: 0.783 GC heap after
Heap after GC invocations=1 (full 0):
 PSYoungGen      total 16896K, used 2018K [0x00000000eab00000, 0x00000000ebd80000, 0x0000000100000000)
  eden space 14848K, 0% used [0x00000000eab00000,0x00000000eab00000,0x00000000eb980000)
  from space 2048K, 98% used [0x00000000eb980000,0x00000000ebb78858,0x00000000ebb80000)
  to   space 2048K, 0% used [0x00000000ebb80000,0x00000000ebb80000,0x00000000ebd80000)
 ParOldGen       total 38400K, used 924K [0x00000000c0000000, 0x00000000c2580000, 0x00000000eab00000)
  object space 38400K, 2% used [0x00000000c0000000,0x00000000c00e73a8,0x00000000c2580000)
 Metaspace       used 6330K, capacity 6440K, committed 6528K, reserved 1056768K
  class space    used 795K, capacity 824K, committed 896K, reserved 1048576K
}
Event: 1.106 GC heap before
{Heap before GC invocations=2 (full 0):
 PSYoungGen      total 16896K, used 16866K [0x00000000eab00000, 0x00000000ebd80000, 0x0000000100000000)
  eden space 14848K, 100% used [0x00000000eab00000,0x00000000eb980000,0x00000000eb980000)
  from space 2048K, 98% used [0x00000000eb980000,0x00000000ebb78858,0x00000000ebb80000)
  to   space 2048K, 0% used [0x00000000ebb80000,0x00000000ebb80000,0x00000000ebd80000)
 ParOldGen       total 38400K, used 924K [0x00000000c0000000, 0x00000000c2580000, 0x00000000eab00000)
  object space 38400K, 2% used [0x00000000c0000000,0x00000000c00e73a8,0x00000000c2580000)
 Metaspace       used 7016K, capacity 7208K, committed 7424K, reserved 1056768K
  class space    used 884K, capacity 952K, committed 1024K, reserved 1048576K
Event: 1.110 GC heap after
Heap after GC invocations=2 (full 0):
 PSYoungGen      total 16896K, used 2016K [0x00000000eab00000, 0x00000000ebd80000, 0x0000000100000000)
  eden space 14848K, 0% used [0x00000000eab00000,0x00000000eab00000,0x00000000eb980000)
  from space 2048K, 98% used [0x00000000ebb80000,0x00000000ebd78020,0x00000000ebd80000)
  to   space 2048K, 0% used [0x00000000eb980000,0x00000000eb980000,0x00000000ebb80000)
 ParOldGen       total 38400K, used 1470K [0x00000000c0000000, 0x00000000c2580000, 0x00000000eab00000)
  object space 38400K, 3% used [0x00000000c0000000,0x00000000c016f990,0x00000000c2580000)
 Metaspace       used 7016K, capacity 7208K, committed 7424K, reserved 1056768K
  class space    used 884K, capacity 952K, committed 1024K, reserved 1048576K
}
Event: 1.368 GC heap before
{Heap before GC invocations=3 (full 0):
 PSYoungGen      total 16896K, used 16864K [0x00000000eab00000, 0x00000000ebd80000, 0x0000000100000000)
  eden space 14848K, 100% used [0x00000000eab00000,0x00000000eb980000,0x00000000eb980000)
  from space 2048K, 98% used [0x00000000ebb80000,0x00000000ebd78020,0x00000000ebd80000)
  to   space 2048K, 0% used [0x00000000eb980000,0x00000000eb980000,0x00000000ebb80000)
 ParOldGen       total 38400K, used 1470K [0x00000000c0000000, 0x00000000c2580000, 0x00000000eab00000)
  object space 38400K, 3% used [0x00000000c0000000,0x00000000c016f990,0x00000000c2580000)
 Metaspace       used 7363K, capacity 7552K, committed 7680K, reserved 1056768K
  class space    used 952K, capacity 1024K, committed 1024K, reserved 1048576K
Event: 1.414 GC heap after
Heap after GC invocations=3 (full 0):
 PSYoungGen      total 16896K, used 2048K [0x00000000eab00000, 0x00000000ecc00000, 0x0000000100000000)
  eden space 14848K, 0% used [0x00000000eab00000,0x00000000eab00000,0x00000000eb980000)
  from space 2048K, 100% used [0x00000000eb980000,0x00000000ebb80000,0x00000000ebb80000)
  to   space 2048K, 0% used [0x00000000eca00000,0x00000000eca00000,0x00000000ecc00000)
 ParOldGen       total 38400K, used 2174K [0x00000000c0000000, 0x00000000c2580000, 0x00000000eab00000)
  object space 38400K, 5% used [0x00000000c0000000,0x00000000c021fbc0,0x00000000c2580000)
 Metaspace       used 7363K, capacity 7552K, committed 7680K, reserved 1056768K
  class space    used 952K, capacity 1024K, committed 1024K, reserved 1048576K
}
Event: 3.914 GC heap before
{Heap before GC invocations=4 (full 0):
 PSYoungGen      total 16896K, used 16896K [0x00000000eab00000, 0x00000000ecc00000, 0x0000000100000000)
  eden space 14848K, 100% used [0x00000000eab00000,0x00000000eb980000,0x00000000eb980000)
  from space 2048K, 100% used [0x00000000eb980000,0x00000000ebb80000,0x00000000ebb80000)
  to   space 2048K, 0% used [0x00000000eca00000,0x00000000eca00000,0x00000000ecc00000)
 ParOldGen       total 38400K, used 2174K [0x00000000c0000000, 0x00000000c2580000, 0x00000000eab00000)
  object space 38400K, 5% used [0x00000000c0000000,0x00000000c021fbc0,0x00000000c2580000)
 Metaspace       used 11773K, capacity 12096K, committed 12416K, reserved 1060864K
  class space    used 1574K, capacity 1656K, committed 1664K, reserved 1048576K
Event: 3.920 GC heap after
Heap after GC invocations=4 (full 0):
 PSYoungGen      total 31744K, used 2032K [0x00000000eab00000, 0x00000000ecc00000, 0x0000000100000000)
  eden space 29696K, 0% used [0x00000000eab00000,0x00000000eab00000,0x00000000ec800000)
  from space 2048K, 99% used [0x00000000eca00000,0x00000000ecbfc010,0x00000000ecc00000)
  to   space 2048K, 0% used [0x00000000ec800000,0x00000000ec800000,0x00000000eca00000)
 ParOldGen       total 38400K, used 4550K [0x00000000c0000000, 0x00000000c2580000, 0x00000000eab00000)
  object space 38400K, 11% used [0x00000000c0000000,0x00000000c0471918,0x00000000c2580000)
 Metaspace       used 11773K, capacity 12096K, committed 12416K, reserved 1060864K
  class space    used 1574K, capacity 1656K, committed 1664K, reserved 1048576K
}

Deoptimization events (10 events):
Event: 2.122 Thread 0x000000000310e800 Uncommon trap: reason=unstable_if action=reinterpret pc=0x00000000036a9e1c method=java.lang.String.substring(I)Ljava/lang/String; @ 35
Event: 2.194 Thread 0x000000000310e800 Uncommon trap: reason=unstable_if action=reinterpret pc=0x000000000367e888 method=java.util.HashMap.getNode(ILjava/lang/Object;)Ljava/util/HashMap$Node; @ 129
Event: 2.194 Thread 0x000000000310e800 Uncommon trap: reason=bimorphic action=maybe_recompile pc=0x0000000003699fd8 method=java.util.HashMap.putVal(ILjava/lang/Object;Ljava/lang/Object;ZZ)Ljava/lang/Object; @ 203
Event: 2.194 Thread 0x000000000310e800 Uncommon trap: reason=unstable_if action=reinterpret pc=0x000000000366ad3c method=java.util.HashMap.getNode(ILjava/lang/Object;)Ljava/util/HashMap$Node; @ 129
Event: 2.194 Thread 0x000000000310e800 Uncommon trap: reason=bimorphic action=maybe_recompile pc=0x0000000003699fd8 method=java.util.HashMap.putVal(ILjava/lang/Object;Ljava/lang/Object;ZZ)Ljava/lang/Object; @ 203
Event: 3.972 Thread 0x000000001890a800 Uncommon trap: reason=unstable_if action=reinterpret pc=0x000000000384c5a0 method=java.util.UUID.equals(Ljava/lang/Object;)Z @ 30
Event: 4.010 Thread 0x00000000187a5800 Uncommon trap: reason=bimorphic action=maybe_recompile pc=0x0000000003699164 method=java.util.HashMap.putVal(ILjava/lang/Object;Ljava/lang/Object;ZZ)Ljava/lang/Object; @ 253
Event: 4.011 Thread 0x00000000187a5800 Uncommon trap: reason=bimorphic action=maybe_recompile pc=0x0000000003699164 method=java.util.HashMap.putVal(ILjava/lang/Object;Ljava/lang/Object;ZZ)Ljava/lang/Object; @ 253
Event: 4.301 Thread 0x00000000187a5800 Uncommon trap: reason=class_check action=maybe_recompile pc=0x000000000367f2dc method=java.util.regex.Matcher.match(II)Z @ 86
Event: 4.316 Thread 0x00000000187a5800 Uncommon trap: reason=class_check action=maybe_recompile pc=0x000000000367f2dc method=java.util.regex.Matcher.match(II)Z @ 86

Classes redefined (0 events):
No events

Internal exceptions (10 events):
Event: 4.055 Thread 0x00000000187a5800 Exception <a 'java/lang/ArrayIndexOutOfBoundsException'> (0x00000000eb024388) thrown at [C:\re\workspace\8-2-build-windows-amd64-cygwin\jdk8u202\12323\hotspot\src\share\vm\runtime\sharedRuntime.cpp, line 605]
Event: 4.090 Thread 0x00000000187a5800 Exception <a 'java/lang/ArrayIndexOutOfBoundsException'> (0x00000000eb126ac8) thrown at [C:\re\workspace\8-2-build-windows-amd64-cygwin\jdk8u202\12323\hotspot\src\share\vm\runtime\sharedRuntime.cpp, line 605]
Event: 4.090 Thread 0x00000000187a5800 Exception <a 'java/lang/ArrayIndexOutOfBoundsException'> (0x00000000eb128168) thrown at [C:\re\workspace\8-2-build-windows-amd64-cygwin\jdk8u202\12323\hotspot\src\share\vm\runtime\sharedRuntime.cpp, line 605]
Event: 4.095 Thread 0x00000000187a5800 Exception <a 'java/lang/ArrayIndexOutOfBoundsException'> (0x00000000eb153300) thrown at [C:\re\workspace\8-2-build-windows-amd64-cygwin\jdk8u202\12323\hotspot\src\share\vm\runtime\sharedRuntime.cpp, line 605]
Event: 4.188 Thread 0x00000000187a5800 Exception <a 'java/lang/ArrayIndexOutOfBoundsException'> (0x00000000eb6a9278) thrown at [C:\re\workspace\8-2-build-windows-amd64-cygwin\jdk8u202\12323\hotspot\src\share\vm\runtime\sharedRuntime.cpp, line 605]
Event: 4.189 Thread 0x00000000187a5800 Exception <a 'java/lang/ArrayIndexOutOfBoundsException'> (0x00000000eb6ab1a8) thrown at [C:\re\workspace\8-2-build-windows-amd64-cygwin\jdk8u202\12323\hotspot\src\share\vm\runtime\sharedRuntime.cpp, line 605]
Event: 4.190 Thread 0x00000000187a5800 Exception <a 'java/lang/ArrayIndexOutOfBoundsException'> (0x00000000eb6ae038) thrown at [C:\re\workspace\8-2-build-windows-amd64-cygwin\jdk8u202\12323\hotspot\src\share\vm\runtime\sharedRuntime.cpp, line 605]
Event: 4.191 Thread 0x00000000187a5800 Exception <a 'java/lang/ArrayIndexOutOfBoundsException'> (0x00000000eb6c6d98) thrown at [C:\re\workspace\8-2-build-windows-amd64-cygwin\jdk8u202\12323\hotspot\src\share\vm\runtime\sharedRuntime.cpp, line 605]
Event: 4.215 Thread 0x00000000187a5800 Exception <a 'java/lang/ArrayIndexOutOfBoundsException'> (0x00000000eb96dcd0) thrown at [C:\re\workspace\8-2-build-windows-amd64-cygwin\jdk8u202\12323\hotspot\src\share\vm\runtime\sharedRuntime.cpp, line 605]
Event: 4.234 Thread 0x00000000187a5800 Exception <a 'java/lang/ArrayIndexOutOfBoundsException'> (0x00000000ebbbb010) thrown at [C:\re\workspace\8-2-build-windows-amd64-cygwin\jdk8u202\12323\hotspot\src\share\vm\runtime\sharedRuntime.cpp, line 605]

Events (10 events):
Event: 4.561 loading class org/gradle/plugin/use/resolve/service/internal/DeprecationListeningPluginResolutionServiceClient$1
Event: 4.561 loading class org/gradle/plugin/use/resolve/service/internal/DeprecationListeningPluginResolutionServiceClient$1 done
Event: 4.561 loading class org/gradle/api/internal/artifacts/ivyservice/ivyresolve/strategy/DefaultVersionComparator
Event: 4.561 loading class org/gradle/api/internal/artifacts/ivyservice/ivyresolve/strategy/DefaultVersionComparator done
Event: 4.562 loading class org/gradle/api/internal/artifacts/ivyservice/ivyresolve/strategy/StaticVersionComparator
Event: 4.562 loading class org/gradle/api/internal/artifacts/ivyservice/ivyresolve/strategy/StaticVersionComparator done
Event: 4.564 loading class org/gradle/api/internal/artifacts/ivyservice/ivyresolve/strategy/VersionParser
Event: 4.564 loading class org/gradle/api/internal/artifacts/ivyservice/ivyresolve/strategy/VersionParser done
Event: 4.565 loading class org/gradle/api/internal/artifacts/ivyservice/ivyresolve/strategy/Version
Event: 4.565 loading class org/gradle/api/internal/artifacts/ivyservice/ivyresolve/strategy/Version done


Dynamic libraries:
0x00007ff66ff40000 - 0x00007ff66ff77000 	C:\Program Files\Java\jdk1.8.0_202\bin\java.exe
0x00007ff841b30000 - 0x00007ff841d25000 	C:\WINDOWS\SYSTEM32\ntdll.dll
0x00007ff840a50000 - 0x00007ff840b0d000 	C:\WINDOWS\System32\KERNEL32.DLL
0x00007ff83f4f0000 - 0x00007ff83f7bd000 	C:\WINDOWS\System32\KERNELBASE.dll
0x00007ff8404b0000 - 0x00007ff84055e000 	C:\WINDOWS\System32\ADVAPI32.dll
0x00007ff8419a0000 - 0x00007ff841a3e000 	C:\WINDOWS\System32\msvcrt.dll
0x00007ff840630000 - 0x00007ff8406cc000 	C:\WINDOWS\System32\sechost.dll
0x00007ff840870000 - 0x00007ff840995000 	C:\WINDOWS\System32\RPCRT4.dll
0x00007ff8406d0000 - 0x00007ff840870000 	C:\WINDOWS\System32\USER32.dll
0x00007ff83f2b0000 - 0x00007ff83f2d2000 	C:\WINDOWS\System32\win32u.dll
0x00007ff83fb80000 - 0x00007ff83fbaa000 	C:\WINDOWS\System32\GDI32.dll
0x00007ff83f7c0000 - 0x00007ff83f8cb000 	C:\WINDOWS\System32\gdi32full.dll
0x00007ff83f9e0000 - 0x00007ff83fa7d000 	C:\WINDOWS\System32\msvcp_win.dll
0x00007ff83fa80000 - 0x00007ff83fb80000 	C:\WINDOWS\System32\ucrtbase.dll
0x00007ff8282b0000 - 0x00007ff82854a000 	C:\WINDOWS\WinSxS\amd64_microsoft.windows.common-controls_6595b64144ccf1df_6.0.19041.1110_none_60b5254171f9507e\COMCTL32.dll
0x00007ff840230000 - 0x00007ff840260000 	C:\WINDOWS\System32\IMM32.DLL
0x000000006f040000 - 0x000000006f112000 	C:\Program Files\Java\jdk1.8.0_202\jre\bin\msvcr100.dll
0x000000006dd50000 - 0x000000006e5f5000 	C:\Program Files\Java\jdk1.8.0_202\jre\bin\server\jvm.dll
0x00007ff840df0000 - 0x00007ff840df8000 	C:\WINDOWS\System32\PSAPI.DLL
0x00007ff81afe0000 - 0x00007ff81b007000 	C:\WINDOWS\SYSTEM32\WINMM.dll
0x00007ff80fda0000 - 0x00007ff80fda9000 	C:\WINDOWS\SYSTEM32\WSOCK32.dll
0x00007ff83d220000 - 0x00007ff83d22a000 	C:\WINDOWS\SYSTEM32\VERSION.dll
0x00007ff8405c0000 - 0x00007ff84062b000 	C:\WINDOWS\System32\WS2_32.dll
0x00007ff83c110000 - 0x00007ff83c11f000 	C:\Program Files\Java\jdk1.8.0_202\jre\bin\verify.dll
0x00007ff828020000 - 0x00007ff828049000 	C:\Program Files\Java\jdk1.8.0_202\jre\bin\java.dll
0x00007ff835360000 - 0x00007ff835376000 	C:\Program Files\Java\jdk1.8.0_202\jre\bin\zip.dll
0x00007ff840e00000 - 0x00007ff841544000 	C:\WINDOWS\System32\SHELL32.dll
0x00007ff83d320000 - 0x00007ff83dab4000 	C:\WINDOWS\SYSTEM32\windows.storage.dll
0x00007ff8415c0000 - 0x00007ff841914000 	C:\WINDOWS\System32\combase.dll
0x00007ff83ebd0000 - 0x00007ff83ebfc000 	C:\WINDOWS\SYSTEM32\Wldp.dll
0x00007ff8409a0000 - 0x00007ff840a4d000 	C:\WINDOWS\System32\SHCORE.dll
0x00007ff840450000 - 0x00007ff8404a5000 	C:\WINDOWS\System32\shlwapi.dll
0x00007ff83f180000 - 0x00007ff83f19f000 	C:\WINDOWS\SYSTEM32\profapi.dll
0x00007ff827fb0000 - 0x00007ff827fca000 	C:\Program Files\Java\jdk1.8.0_202\jre\bin\net.dll
0x00007ff829df0000 - 0x00007ff829fdc000 	C:\WINDOWS\SYSTEM32\urlmon.dll
0x00007ff82a120000 - 0x00007ff82a3d1000 	C:\WINDOWS\SYSTEM32\iertutil.dll
0x00007ff82b550000 - 0x00007ff82b578000 	C:\WINDOWS\SYSTEM32\srvcli.dll
0x00007ff83e730000 - 0x00007ff83e73c000 	C:\WINDOWS\SYSTEM32\netutils.dll
0x00007ff83e930000 - 0x00007ff83e99a000 	C:\WINDOWS\system32\mswsock.dll
0x00007ff827f90000 - 0x00007ff827fa2000 	C:\Program Files\Java\jdk1.8.0_202\jre\bin\nio.dll
0x00007ff827d40000 - 0x00007ff827d5e000 	C:\Users\WILSON\.gradle\native\25\windows-amd64\native-platform.dll
0x00007ff83eb30000 - 0x00007ff83eb48000 	C:\WINDOWS\SYSTEM32\CRYPTSP.dll
0x00007ff83e2b0000 - 0x00007ff83e2e4000 	C:\WINDOWS\system32\rsaenh.dll
0x00007ff83f960000 - 0x00007ff83f987000 	C:\WINDOWS\System32\bcrypt.dll
0x00007ff83f140000 - 0x00007ff83f16e000 	C:\WINDOWS\SYSTEM32\USERENV.dll
0x00007ff83f8d0000 - 0x00007ff83f952000 	C:\WINDOWS\System32\bcryptprimitives.dll
0x00007ff83eb20000 - 0x00007ff83eb2c000 	C:\WINDOWS\SYSTEM32\CRYPTBASE.dll
0x00007ff83e620000 - 0x00007ff83e65b000 	C:\WINDOWS\SYSTEM32\IPHLPAPI.DLL
0x00007ff83fc90000 - 0x00007ff83fc98000 	C:\WINDOWS\System32\NSI.dll
0x00007ff8308d0000 - 0x00007ff8308e7000 	C:\WINDOWS\SYSTEM32\dhcpcsvc6.DLL
0x00007ff8338b0000 - 0x00007ff8338cd000 	C:\WINDOWS\SYSTEM32\dhcpcsvc.DLL
0x00007ff83e660000 - 0x00007ff83e72b000 	C:\WINDOWS\SYSTEM32\DNSAPI.dll
0x00007ff827e30000 - 0x00007ff827e3d000 	C:\Program Files\Java\jdk1.8.0_202\jre\bin\management.dll

VM Arguments:
jvm_args: -XX:MaxPermSize=256m -XX:+HeapDumpOnOutOfMemoryError -Xmx1024m -Dfile.encoding=UTF-8 -Duser.country=US -Duser.language=en -Duser.variant 
java_command: org.gradle.launcher.daemon.bootstrap.GradleDaemon 3.5
java_class_path (initial): C:\Users\WILSON\.gradle\wrapper\dists\gradle-3.5-all\exhrs6ca08n232b14ue48lbye\gradle-3.5\lib\gradle-launcher-3.5.jar
Launcher Type: SUN_STANDARD

Environment Variables:
PATH=C:\Program Files\Common Files\Oracle\Java\javapath;C:\Program Files (x86)\Common Files\Oracle\Java\javapath;C:\WINDOWS\system32;C:\WINDOWS;C:\WINDOWS\System32\Wbem;C:\WINDOWS\System32\WindowsPowerShell\v1.0\;C:\Program Files\Microsoft\Web Platform Installer\;C:\Program Files (x86)\PowerShell\7\;C:\WINDOWS\System32\OpenSSH\;C:\Program Files\Git\cmd;C:\grails-3.3.5\bin;C:\Program Files\Microsoft SQL Server\Client SDK\ODBC\110\Tools\Binn\;C:\Program Files (x86)\Microsoft SQL Server\120\Tools\Binn\;C:\Program Files\Microsoft SQL Server\120\Tools\Binn\;C:\Program Files\Microsoft SQL Server\120\DTS\Binn\;C:\Program Files (x86)\Microsoft SQL Server\120\Tools\Binn\ManagementStudio\;C:\Program Files (x86)\Microsoft SQL Server\120\DTS\Binn\;C:\Users\WILSON\AppData\Local\Microsoft\WindowsApps;C:\Users\WILSON\AppData\Local\Programs\Microsoft VS Code\bin;C:\php-7.4.28-nts-Win32-vc15-x64;
USERNAME=WILSON
OS=Windows_NT
PROCESSOR_IDENTIFIER=Intel64 Family 6 Model 142 Stepping 9, GenuineIntel



---------------  S Y S T E M  ---------------

OS: Windows 10.0 , 64 bit Build 19041 (10.0.19041.1706)

CPU:total 4 (initial active 4) (2 cores per cpu, 2 threads per core) family 6 model 142 stepping 9, cmov, cx8, fxsr, mmx, sse, sse2, sse3, ssse3, sse4.1, sse4.2, popcnt, avx, avx2, aes, clmul, erms, 3dnowpref, lzcnt, ht, tsc, tscinvbit, bmi1, bmi2, adx

Memory: 4k page, physical 3554520k(154628k free), swap 14564568k(5780k free)

vm_info: Java HotSpot(TM) 64-Bit Server VM (25.202-b08) for windows-amd64 JRE (1.8.0_202-b08), built on Dec 15 2018 19:54:30 by "java_re" with MS VC++ 10.0 (VS2010)

time: Mon Jul 17 19:05:58 2023
timezone: Dateline Standard Time
elapsed time: 4 seconds (0d 0h 0m 4s)

