#
# There is insufficient memory for the Java Runtime Environment to continue.
# Native memory allocation (malloc) failed to allocate 1068016 bytes for Chunk::new
# Possible reasons:
#   The system is out of physical RAM or swap space
#   The process is running with CompressedOops enabled, and the Java Heap may be blocking the growth of the native heap
# Possible solutions:
#   Reduce memory load on the system
#   Increase physical memory or swap space
#   Check if swap backing store is full
#   Decrease Java heap size (-Xmx/-Xms)
#   Decrease number of Java threads
#   Decrease Java thread stack sizes (-Xss)
#   Set larger code cache with -XX:ReservedCodeCacheSize=
#   JVM is running with Unscaled Compressed Oops mode in which the Java heap is
#     placed in the first 4GB address space. The Java Heap base address is the
#     maximum limit for the native heap growth. Please use -XX:HeapBaseMinAddress
#     to set the Java Heap base and to place the Java Heap above 4GB virtual address.
# This output file may be truncated or incomplete.
#
#  Out of Memory Error (allocation.cpp:389), pid=15632, tid=0x0000000000002890
#
# JRE version: Java(TM) SE Runtime Environment (8.0_202-b08) (build 1.8.0_202-b08)
# Java VM: Java HotSpot(TM) 64-Bit Server VM (25.202-b08 mixed mode windows-amd64 compressed oops)
# Failed to write core dump. Minidumps are not enabled by default on client versions of Windows
#

---------------  T H R E A D  ---------------

Current thread (0x0000000015649800):  JavaThread "C2 CompilerThread0" daemon [_thread_in_native, id=10384, stack(0x0000000016cc0000,0x0000000016dc0000)]

Stack: [0x0000000016cc0000,0x0000000016dc0000]
[error occurred during error reporting (printing stack bounds), id 0xc0000005]

Native frames: (J=compiled Java code, j=interpreted, Vv=VM code, C=native code)


Current CompileTask:
C2:   7464 1289       4       java.io.WinNTFileSystem::normalize (143 bytes)


---------------  P R O C E S S  ---------------

Java Threads: ( => current thread )
  0x00000000178d5800 JavaThread "Stdin handler" [_thread_blocked, id=13640, stack(0x000000001ae10000,0x000000001af10000)]
  0x000000001710b000 JavaThread "Asynchronous log dispatcher for DefaultDaemonConnection: socket connection from /127.0.0.1:61594 to /127.0.0.1:61595" [_thread_blocked, id=4812, stack(0x000000001ad10000,0x000000001ae10000)]
  0x0000000017255800 JavaThread "Daemon worker" [_thread_in_Java, id=13752, stack(0x000000001ac10000,0x000000001ad10000)]
  0x00000000179f6800 JavaThread "Cancel handler" [_thread_blocked, id=10508, stack(0x000000001ab10000,0x000000001ac10000)]
  0x0000000018af0000 JavaThread "Handler for socket connection from /127.0.0.1:61594 to /127.0.0.1:61595" [_thread_in_native, id=14468, stack(0x000000001aa10000,0x000000001ab10000)]
  0x0000000018aef800 JavaThread "Daemon" [_thread_blocked, id=8392, stack(0x000000001a910000,0x000000001aa10000)]
  0x0000000017260000 JavaThread "Daemon periodic checks" [_thread_blocked, id=16320, stack(0x000000001a610000,0x000000001a710000)]
  0x00000000187f0800 JavaThread "Incoming local TCP Connector on port 61594" [_thread_in_native, id=14692, stack(0x000000001a3d0000,0x000000001a4d0000)]
  0x00000000189c9000 JavaThread "Daemon health stats" [_thread_blocked, id=7780, stack(0x0000000018d90000,0x0000000018e90000)]
  0x0000000016fe1800 JavaThread "Service Thread" daemon [_thread_blocked, id=12908, stack(0x00000000173c0000,0x00000000174c0000)]
  0x0000000015654800 JavaThread "C1 CompilerThread2" daemon [_thread_blocked, id=13652, stack(0x0000000016ec0000,0x0000000016fc0000)]
  0x000000001564f800 JavaThread "C2 CompilerThread1" daemon [_thread_blocked, id=14948, stack(0x0000000016dc0000,0x0000000016ec0000)]
=>0x0000000015649800 JavaThread "C2 CompilerThread0" daemon [_thread_in_native, id=10384, stack(0x0000000016cc0000,0x0000000016dc0000)]
  0x0000000015644000 JavaThread "Attach Listener" daemon [_thread_blocked, id=4832, stack(0x0000000016bc0000,0x0000000016cc0000)]
  0x0000000015643000 JavaThread "Signal Dispatcher" daemon [_thread_blocked, id=12516, stack(0x0000000016ac0000,0x0000000016bc0000)]
  0x0000000002f6b800 JavaThread "Finalizer" daemon [_thread_blocked, id=12824, stack(0x00000000168c0000,0x00000000169c0000)]
  0x0000000002f63000 JavaThread "Reference Handler" daemon [_thread_blocked, id=5216, stack(0x00000000167c0000,0x00000000168c0000)]
  0x000000000150e800 JavaThread "main" [_thread_blocked, id=1524, stack(0x0000000002ce0000,0x0000000002de0000)]

Other Threads:
  0x0000000015607000 VMThread [stack: 0x00000000166c0000,0x00000000167c0000] [id=1764]
  0x0000000017004800 WatcherThread [stack: 0x00000000174c0000,0x00000000175c0000] [id=15108]

VM state:not at safepoint (normal execution)

VM Mutex/Monitor currently owned by a thread: None

heap address: 0x00000000c0000000, size: 1024 MB, Compressed Oops mode: 32-bit
Narrow klass base: 0x0000000000000000, Narrow klass shift: 3
Compressed class space size: 1073741824 Address: 0x0000000100000000

Heap:
 PSYoungGen      total 16896K, used 7004K [0x00000000eab00000, 0x00000000ebd80000, 0x0000000100000000)
  eden space 14848K, 33% used [0x00000000eab00000,0x00000000eafdb0e0,0x00000000eb980000)
  from space 2048K, 99% used [0x00000000ebb80000,0x00000000ebd7c010,0x00000000ebd80000)
  to   space 2048K, 0% used [0x00000000eb980000,0x00000000eb980000,0x00000000ebb80000)
 ParOldGen       total 38400K, used 4563K [0x00000000c0000000, 0x00000000c2580000, 0x00000000eab00000)
  object space 38400K, 11% used [0x00000000c0000000,0x00000000c0474d58,0x00000000c2580000)
 Metaspace       used 12213K, capacity 12492K, committed 12544K, reserved 1060864K
  class space    used 1654K, capacity 1770K, committed 1792K, reserved 1048576K

Card table byte_map: [0x0000000012330000,0x0000000012540000] byte_map_base: 0x0000000011d30000

Marking Bits: (ParMarkBitMap*) 0x000000006e575ce0
 Begin Bits: [0x0000000012aa0000, 0x0000000013aa0000)
 End Bits:   [0x0000000013aa0000, 0x0000000014aa0000)

Polling page: 0x00000000014f0000

CodeCache: size=245760Kb used=4654Kb max_used=4665Kb free=241105Kb
 bounds [0x0000000002f70000, 0x0000000003410000, 0x0000000011f70000]
 total_blobs=1692 nmethods=1331 adapters=273
 compilation: enabled

Compilation events (10 events):
Event: 7.442 Thread 0x000000001564f800 1328       4       java.nio.DirectLongBufferU::put (18 bytes)
Event: 7.443 Thread 0x000000001564f800 nmethod 1328 0x00000000033ff390 code [0x00000000033ff4c0, 0x00000000033ff558]
Event: 7.452 Thread 0x000000001564f800 1329       4       java.lang.String::concat (47 bytes)
Event: 7.452 Thread 0x0000000015654800 1330       3       java.io.OutputStream::<init> (5 bytes)
Event: 7.453 Thread 0x0000000015654800 nmethod 1330 0x00000000033fa650 code [0x00000000033fa7c0, 0x00000000033fa970]
Event: 7.453 Thread 0x0000000015654800 1332       3       sun.misc.ProxyGenerator::dotToSlash (9 bytes)
Event: 7.453 Thread 0x0000000015654800 nmethod 1332 0x00000000033fa210 code [0x00000000033fa380, 0x00000000033fa588]
Event: 7.457 Thread 0x000000001564f800 nmethod 1329 0x00000000033f8550 code [0x00000000033f86a0, 0x00000000033f8a58]
Event: 7.457 Thread 0x000000001564f800 1331       4       sun.misc.ProxyGenerator$ConstantPool$IndirectEntry::hashCode (15 bytes)
Event: 7.457 Thread 0x000000001564f800 nmethod 1331 0x00000000033ff750 code [0x00000000033ff880, 0x00000000033ff8f8]

GC Heap History (8 events):
Event: 1.114 GC heap before
{Heap before GC invocations=1 (full 0):
 PSYoungGen      total 16896K, used 14848K [0x00000000eab00000, 0x00000000ebd80000, 0x0000000100000000)
  eden space 14848K, 100% used [0x00000000eab00000,0x00000000eb980000,0x00000000eb980000)
  from space 2048K, 0% used [0x00000000ebb80000,0x00000000ebb80000,0x00000000ebd80000)
  to   space 2048K, 0% used [0x00000000eb980000,0x00000000eb980000,0x00000000ebb80000)
 ParOldGen       total 38400K, used 0K [0x00000000c0000000, 0x00000000c2580000, 0x00000000eab00000)
  object space 38400K, 0% used [0x00000000c0000000,0x00000000c0000000,0x00000000c2580000)
 Metaspace       used 6338K, capacity 6504K, committed 6784K, reserved 1056768K
  class space    used 796K, capacity 824K, committed 896K, reserved 1048576K
Event: 1.119 GC heap after
Heap after GC invocations=1 (full 0):
 PSYoungGen      total 16896K, used 2016K [0x00000000eab00000, 0x00000000ebd80000, 0x0000000100000000)
  eden space 14848K, 0% used [0x00000000eab00000,0x00000000eab00000,0x00000000eb980000)
  from space 2048K, 98% used [0x00000000eb980000,0x00000000ebb78030,0x00000000ebb80000)
  to   space 2048K, 0% used [0x00000000ebb80000,0x00000000ebb80000,0x00000000ebd80000)
 ParOldGen       total 38400K, used 948K [0x00000000c0000000, 0x00000000c2580000, 0x00000000eab00000)
  object space 38400K, 2% used [0x00000000c0000000,0x00000000c00ed3d0,0x00000000c2580000)
 Metaspace       used 6338K, capacity 6504K, committed 6784K, reserved 1056768K
  class space    used 796K, capacity 824K, committed 896K, reserved 1048576K
}
Event: 1.569 GC heap before
{Heap before GC invocations=2 (full 0):
 PSYoungGen      total 16896K, used 16864K [0x00000000eab00000, 0x00000000ebd80000, 0x0000000100000000)
  eden space 14848K, 100% used [0x00000000eab00000,0x00000000eb980000,0x00000000eb980000)
  from space 2048K, 98% used [0x00000000eb980000,0x00000000ebb78030,0x00000000ebb80000)
  to   space 2048K, 0% used [0x00000000ebb80000,0x00000000ebb80000,0x00000000ebd80000)
 ParOldGen       total 38400K, used 948K [0x00000000c0000000, 0x00000000c2580000, 0x00000000eab00000)
  object space 38400K, 2% used [0x00000000c0000000,0x00000000c00ed3d0,0x00000000c2580000)
 Metaspace       used 7018K, capacity 7208K, committed 7424K, reserved 1056768K
  class space    used 884K, capacity 952K, committed 1024K, reserved 1048576K
Event: 1.574 GC heap after
Heap after GC invocations=2 (full 0):
 PSYoungGen      total 16896K, used 2032K [0x00000000eab00000, 0x00000000ebd80000, 0x0000000100000000)
  eden space 14848K, 0% used [0x00000000eab00000,0x00000000eab00000,0x00000000eb980000)
  from space 2048K, 99% used [0x00000000ebb80000,0x00000000ebd7c030,0x00000000ebd80000)
  to   space 2048K, 0% used [0x00000000eb980000,0x00000000eb980000,0x00000000ebb80000)
 ParOldGen       total 38400K, used 1497K [0x00000000c0000000, 0x00000000c2580000, 0x00000000eab00000)
  object space 38400K, 3% used [0x00000000c0000000,0x00000000c01767d0,0x00000000c2580000)
 Metaspace       used 7018K, capacity 7208K, committed 7424K, reserved 1056768K
  class space    used 884K, capacity 952K, committed 1024K, reserved 1048576K
}
Event: 2.156 GC heap before
{Heap before GC invocations=3 (full 0):
 PSYoungGen      total 16896K, used 16880K [0x00000000eab00000, 0x00000000ebd80000, 0x0000000100000000)
  eden space 14848K, 100% used [0x00000000eab00000,0x00000000eb980000,0x00000000eb980000)
  from space 2048K, 99% used [0x00000000ebb80000,0x00000000ebd7c030,0x00000000ebd80000)
  to   space 2048K, 0% used [0x00000000eb980000,0x00000000eb980000,0x00000000ebb80000)
 ParOldGen       total 38400K, used 1497K [0x00000000c0000000, 0x00000000c2580000, 0x00000000eab00000)
  object space 38400K, 3% used [0x00000000c0000000,0x00000000c01767d0,0x00000000c2580000)
 Metaspace       used 7356K, capacity 7552K, committed 7680K, reserved 1056768K
  class space    used 952K, capacity 1024K, committed 1024K, reserved 1048576K
Event: 2.160 GC heap after
Heap after GC invocations=3 (full 0):
 PSYoungGen      total 16896K, used 2032K [0x00000000eab00000, 0x00000000ebd80000, 0x0000000100000000)
  eden space 14848K, 0% used [0x00000000eab00000,0x00000000eab00000,0x00000000eb980000)
  from space 2048K, 99% used [0x00000000eb980000,0x00000000ebb7c030,0x00000000ebb80000)
  to   space 2048K, 0% used [0x00000000ebb80000,0x00000000ebb80000,0x00000000ebd80000)
 ParOldGen       total 38400K, used 2210K [0x00000000c0000000, 0x00000000c2580000, 0x00000000eab00000)
  object space 38400K, 5% used [0x00000000c0000000,0x00000000c02289d0,0x00000000c2580000)
 Metaspace       used 7356K, capacity 7552K, committed 7680K, reserved 1056768K
  class space    used 952K, capacity 1024K, committed 1024K, reserved 1048576K
}
Event: 7.201 GC heap before
{Heap before GC invocations=4 (full 0):
 PSYoungGen      total 16896K, used 16880K [0x00000000eab00000, 0x00000000ebd80000, 0x0000000100000000)
  eden space 14848K, 100% used [0x00000000eab00000,0x00000000eb980000,0x00000000eb980000)
  from space 2048K, 99% used [0x00000000eb980000,0x00000000ebb7c030,0x00000000ebb80000)
  to   space 2048K, 0% used [0x00000000ebb80000,0x00000000ebb80000,0x00000000ebd80000)
 ParOldGen       total 38400K, used 2210K [0x00000000c0000000, 0x00000000c2580000, 0x00000000eab00000)
  object space 38400K, 5% used [0x00000000c0000000,0x00000000c02289d0,0x00000000c2580000)
 Metaspace       used 11764K, capacity 12084K, committed 12416K, reserved 1060864K
  class space    used 1572K, capacity 1654K, committed 1664K, reserved 1048576K
Event: 7.210 GC heap after
Heap after GC invocations=4 (full 0):
 PSYoungGen      total 16896K, used 2032K [0x00000000eab00000, 0x00000000ebd80000, 0x0000000100000000)
  eden space 14848K, 0% used [0x00000000eab00000,0x00000000eab00000,0x00000000eb980000)
  from space 2048K, 99% used [0x00000000ebb80000,0x00000000ebd7c010,0x00000000ebd80000)
  to   space 2048K, 0% used [0x00000000eb980000,0x00000000eb980000,0x00000000ebb80000)
 ParOldGen       total 38400K, used 4563K [0x00000000c0000000, 0x00000000c2580000, 0x00000000eab00000)
  object space 38400K, 11% used [0x00000000c0000000,0x00000000c0474d58,0x00000000c2580000)
 Metaspace       used 11764K, capacity 12084K, committed 12416K, reserved 1060864K
  class space    used 1572K, capacity 1654K, committed 1664K, reserved 1048576K
}

Deoptimization events (10 events):
Event: 3.539 Thread 0x000000000150e800 Uncommon trap: reason=unstable_if action=reinterpret pc=0x00000000032895bc method=java.io.WinNTFileSystem.normalize(Ljava/lang/String;)Ljava/lang/String; @ 128
Event: 3.539 Thread 0x000000000150e800 Uncommon trap: reason=unstable_if action=reinterpret pc=0x0000000003256674 method=java.io.WinNTFileSystem.normalize(Ljava/lang/String;II)Ljava/lang/String; @ 90
Event: 3.657 Thread 0x000000000150e800 Uncommon trap: reason=unstable_if action=reinterpret pc=0x000000000320c414 method=java.lang.String.substring(I)Ljava/lang/String; @ 35
Event: 3.821 Thread 0x000000000150e800 Uncommon trap: reason=unstable_if action=reinterpret pc=0x00000000031e1148 method=java.util.HashMap.getNode(ILjava/lang/Object;)Ljava/util/HashMap$Node; @ 129
Event: 3.821 Thread 0x000000000150e800 Uncommon trap: reason=bimorphic action=maybe_recompile pc=0x00000000031f27d8 method=java.util.HashMap.putVal(ILjava/lang/Object;Ljava/lang/Object;ZZ)Ljava/lang/Object; @ 203
Event: 3.821 Thread 0x000000000150e800 Uncommon trap: reason=unstable_if action=reinterpret pc=0x00000000031cb97c method=java.util.HashMap.getNode(ILjava/lang/Object;)Ljava/util/HashMap$Node; @ 129
Event: 3.821 Thread 0x000000000150e800 Uncommon trap: reason=bimorphic action=maybe_recompile pc=0x00000000031f27d8 method=java.util.HashMap.putVal(ILjava/lang/Object;Ljava/lang/Object;ZZ)Ljava/lang/Object; @ 203
Event: 7.282 Thread 0x0000000018aef800 Uncommon trap: reason=unstable_if action=reinterpret pc=0x00000000033a8b60 method=java.util.UUID.equals(Ljava/lang/Object;)Z @ 30
Event: 7.355 Thread 0x0000000017255800 Uncommon trap: reason=bimorphic action=maybe_recompile pc=0x00000000031f1964 method=java.util.HashMap.putVal(ILjava/lang/Object;Ljava/lang/Object;ZZ)Ljava/lang/Object; @ 253
Event: 7.355 Thread 0x0000000017255800 Uncommon trap: reason=bimorphic action=maybe_recompile pc=0x00000000031f1964 method=java.util.HashMap.putVal(ILjava/lang/Object;Ljava/lang/Object;ZZ)Ljava/lang/Object; @ 253

Classes redefined (0 events):
No events

Internal exceptions (10 events):
Event: 7.212 Thread 0x0000000018af0000 Exception <a 'java/lang/NoSuchMethodError': <clinit>> (0x00000000eab09a38) thrown at [C:\re\workspace\8-2-build-windows-amd64-cygwin\jdk8u202\12323\hotspot\src\share\vm\prims\jni.cpp, line 1614]
Event: 7.213 Thread 0x0000000018af0000 Exception <a 'java/lang/NoSuchMethodError': <clinit>> (0x00000000eab13fc8) thrown at [C:\re\workspace\8-2-build-windows-amd64-cygwin\jdk8u202\12323\hotspot\src\share\vm\prims\jni.cpp, line 1614]
Event: 7.234 Thread 0x0000000018af0000 Exception <a 'java/lang/NoSuchMethodError': <clinit>> (0x00000000eab9ddd0) thrown at [C:\re\workspace\8-2-build-windows-amd64-cygwin\jdk8u202\12323\hotspot\src\share\vm\prims\jni.cpp, line 1614]
Event: 7.237 Thread 0x0000000018af0000 Exception <a 'java/lang/NoSuchMethodError': <clinit>> (0x00000000eababdc8) thrown at [C:\re\workspace\8-2-build-windows-amd64-cygwin\jdk8u202\12323\hotspot\src\share\vm\prims\jni.cpp, line 1614]
Event: 7.244 Thread 0x0000000018af0000 Exception <a 'java/lang/NoSuchMethodError': <clinit>> (0x00000000eabd3780) thrown at [C:\re\workspace\8-2-build-windows-amd64-cygwin\jdk8u202\12323\hotspot\src\share\vm\prims\jni.cpp, line 1614]
Event: 7.257 Thread 0x0000000018af0000 Exception <a 'java/lang/NoSuchMethodError': <clinit>> (0x00000000eabe0f80) thrown at [C:\re\workspace\8-2-build-windows-amd64-cygwin\jdk8u202\12323\hotspot\src\share\vm\prims\jni.cpp, line 1614]
Event: 7.263 Thread 0x0000000018af0000 Exception <a 'java/lang/NoSuchMethodError': <clinit>> (0x00000000eac05170) thrown at [C:\re\workspace\8-2-build-windows-amd64-cygwin\jdk8u202\12323\hotspot\src\share\vm\prims\jni.cpp, line 1614]
Event: 7.337 Thread 0x0000000017255800 Exception <a 'java/lang/NoSuchMethodError': <clinit>> (0x00000000ead3a860) thrown at [C:\re\workspace\8-2-build-windows-amd64-cygwin\jdk8u202\12323\hotspot\src\share\vm\prims\jni.cpp, line 1614]
Event: 7.338 Thread 0x0000000017255800 Exception <a 'java/lang/NoSuchMethodError': <clinit>> (0x00000000ead42b50) thrown at [C:\re\workspace\8-2-build-windows-amd64-cygwin\jdk8u202\12323\hotspot\src\share\vm\prims\jni.cpp, line 1614]
Event: 7.450 Thread 0x0000000017255800 Exception <a 'java/lang/ArrayIndexOutOfBoundsException'> (0x00000000eaf930d8) thrown at [C:\re\workspace\8-2-build-windows-amd64-cygwin\jdk8u202\12323\hotspot\src\share\vm\runtime\sharedRuntime.cpp, line 605]

Events (10 events):
Event: 7.451 loading class org/gradle/plugin/use/internal/InjectedPluginClasspath
Event: 7.451 loading class org/gradle/plugin/use/internal/InjectedPluginClasspath done
Event: 7.451 loading class org/gradle/initialization/SessionLifecycleListener
Event: 7.451 loading class org/gradle/initialization/SessionLifecycleListener done
Event: 7.458 loading class org/gradle/initialization/DefaultGradleLauncherFactory$1
Event: 7.458 loading class org/gradle/initialization/DefaultGradleLauncherFactory$1 done
Event: 7.459 loading class org/gradle/internal/service/scopes/BuildScopeServices
Event: 7.459 loading class org/gradle/internal/service/scopes/BuildScopeServices done
Event: 7.460 loading class org/gradle/internal/scan/BuildScanRequest
Event: 7.460 loading class org/gradle/internal/scan/BuildScanRequest done


Dynamic libraries:
0x00007ff66ff40000 - 0x00007ff66ff77000 	C:\Program Files\Java\jdk1.8.0_202\bin\java.exe
0x00007ff841b30000 - 0x00007ff841d25000 	C:\WINDOWS\SYSTEM32\ntdll.dll
0x00007ff840a50000 - 0x00007ff840b0d000 	C:\WINDOWS\System32\KERNEL32.DLL
0x00007ff83f4f0000 - 0x00007ff83f7bd000 	C:\WINDOWS\System32\KERNELBASE.dll
0x00007ff8404b0000 - 0x00007ff84055e000 	C:\WINDOWS\System32\ADVAPI32.dll
0x00007ff8419a0000 - 0x00007ff841a3e000 	C:\WINDOWS\System32\msvcrt.dll
0x00007ff840630000 - 0x00007ff8406cc000 	C:\WINDOWS\System32\sechost.dll
0x00007ff840870000 - 0x00007ff840995000 	C:\WINDOWS\System32\RPCRT4.dll
0x00007ff8406d0000 - 0x00007ff840870000 	C:\WINDOWS\System32\USER32.dll
0x00007ff83f2b0000 - 0x00007ff83f2d2000 	C:\WINDOWS\System32\win32u.dll
0x00007ff83fb80000 - 0x00007ff83fbaa000 	C:\WINDOWS\System32\GDI32.dll
0x00007ff83f7c0000 - 0x00007ff83f8cb000 	C:\WINDOWS\System32\gdi32full.dll
0x00007ff83f9e0000 - 0x00007ff83fa7d000 	C:\WINDOWS\System32\msvcp_win.dll
0x00007ff83fa80000 - 0x00007ff83fb80000 	C:\WINDOWS\System32\ucrtbase.dll
0x00007ff8282b0000 - 0x00007ff82854a000 	C:\WINDOWS\WinSxS\amd64_microsoft.windows.common-controls_6595b64144ccf1df_6.0.19041.1110_none_60b5254171f9507e\COMCTL32.dll
0x00007ff840230000 - 0x00007ff840260000 	C:\WINDOWS\System32\IMM32.DLL
0x000000006f040000 - 0x000000006f112000 	C:\Program Files\Java\jdk1.8.0_202\jre\bin\msvcr100.dll
0x000000006dd50000 - 0x000000006e5f5000 	C:\Program Files\Java\jdk1.8.0_202\jre\bin\server\jvm.dll
0x00007ff840df0000 - 0x00007ff840df8000 	C:\WINDOWS\System32\PSAPI.DLL
0x00007ff80fda0000 - 0x00007ff80fda9000 	C:\WINDOWS\SYSTEM32\WSOCK32.dll
0x00007ff81afe0000 - 0x00007ff81b007000 	C:\WINDOWS\SYSTEM32\WINMM.dll
0x00007ff8405c0000 - 0x00007ff84062b000 	C:\WINDOWS\System32\WS2_32.dll
0x00007ff83d220000 - 0x00007ff83d22a000 	C:\WINDOWS\SYSTEM32\VERSION.dll
0x00007ff83c110000 - 0x00007ff83c11f000 	C:\Program Files\Java\jdk1.8.0_202\jre\bin\verify.dll
0x00007ff828020000 - 0x00007ff828049000 	C:\Program Files\Java\jdk1.8.0_202\jre\bin\java.dll
0x00007ff835360000 - 0x00007ff835376000 	C:\Program Files\Java\jdk1.8.0_202\jre\bin\zip.dll
0x00007ff840e00000 - 0x00007ff841544000 	C:\WINDOWS\System32\SHELL32.dll
0x00007ff83d320000 - 0x00007ff83dab4000 	C:\WINDOWS\SYSTEM32\windows.storage.dll
0x00007ff8415c0000 - 0x00007ff841914000 	C:\WINDOWS\System32\combase.dll
0x00007ff83ebd0000 - 0x00007ff83ebfc000 	C:\WINDOWS\SYSTEM32\Wldp.dll
0x00007ff8409a0000 - 0x00007ff840a4d000 	C:\WINDOWS\System32\SHCORE.dll
0x00007ff840450000 - 0x00007ff8404a5000 	C:\WINDOWS\System32\shlwapi.dll
0x00007ff83f180000 - 0x00007ff83f19f000 	C:\WINDOWS\SYSTEM32\profapi.dll
0x00007ff827fb0000 - 0x00007ff827fca000 	C:\Program Files\Java\jdk1.8.0_202\jre\bin\net.dll
0x00007ff829df0000 - 0x00007ff829fdc000 	C:\WINDOWS\SYSTEM32\urlmon.dll
0x00007ff82a120000 - 0x00007ff82a3d1000 	C:\WINDOWS\SYSTEM32\iertutil.dll
0x00007ff82b550000 - 0x00007ff82b578000 	C:\WINDOWS\SYSTEM32\srvcli.dll
0x00007ff83e730000 - 0x00007ff83e73c000 	C:\WINDOWS\SYSTEM32\netutils.dll
0x00007ff83e930000 - 0x00007ff83e99a000 	C:\WINDOWS\system32\mswsock.dll
0x00007ff827f90000 - 0x00007ff827fa2000 	C:\Program Files\Java\jdk1.8.0_202\jre\bin\nio.dll
0x00007ff827d40000 - 0x00007ff827d5e000 	C:\Users\WILSON\.gradle\native\25\windows-amd64\native-platform.dll
0x00007ff83eb30000 - 0x00007ff83eb48000 	C:\WINDOWS\SYSTEM32\CRYPTSP.dll
0x00007ff83e2b0000 - 0x00007ff83e2e4000 	C:\WINDOWS\system32\rsaenh.dll
0x00007ff83f960000 - 0x00007ff83f987000 	C:\WINDOWS\System32\bcrypt.dll
0x00007ff83f140000 - 0x00007ff83f16e000 	C:\WINDOWS\SYSTEM32\USERENV.dll
0x00007ff83f8d0000 - 0x00007ff83f952000 	C:\WINDOWS\System32\bcryptprimitives.dll
0x00007ff83eb20000 - 0x00007ff83eb2c000 	C:\WINDOWS\SYSTEM32\CRYPTBASE.dll
0x00007ff83e620000 - 0x00007ff83e65b000 	C:\WINDOWS\SYSTEM32\IPHLPAPI.DLL
0x00007ff83fc90000 - 0x00007ff83fc98000 	C:\WINDOWS\System32\NSI.dll
0x00007ff8308d0000 - 0x00007ff8308e7000 	C:\WINDOWS\SYSTEM32\dhcpcsvc6.DLL
0x00007ff8338b0000 - 0x00007ff8338cd000 	C:\WINDOWS\SYSTEM32\dhcpcsvc.DLL
0x00007ff83e660000 - 0x00007ff83e72b000 	C:\WINDOWS\SYSTEM32\DNSAPI.dll
0x00007ff827e30000 - 0x00007ff827e3d000 	C:\Program Files\Java\jdk1.8.0_202\jre\bin\management.dll

VM Arguments:
jvm_args: -XX:MaxPermSize=256m -XX:+HeapDumpOnOutOfMemoryError -Xmx1024m -Dfile.encoding=UTF-8 -Duser.country=US -Duser.language=en -Duser.variant 
java_command: org.gradle.launcher.daemon.bootstrap.GradleDaemon 3.5
java_class_path (initial): C:\Users\WILSON\.gradle\wrapper\dists\gradle-3.5-all\exhrs6ca08n232b14ue48lbye\gradle-3.5\lib\gradle-launcher-3.5.jar
Launcher Type: SUN_STANDARD

Environment Variables:
PATH=C:\Program Files\Common Files\Oracle\Java\javapath;C:\Program Files (x86)\Common Files\Oracle\Java\javapath;C:\WINDOWS\system32;C:\WINDOWS;C:\WINDOWS\System32\Wbem;C:\WINDOWS\System32\WindowsPowerShell\v1.0\;C:\Program Files\Microsoft\Web Platform Installer\;C:\Program Files (x86)\PowerShell\7\;C:\WINDOWS\System32\OpenSSH\;C:\Program Files\Git\cmd;C:\grails-3.3.5\bin;C:\Program Files\Microsoft SQL Server\Client SDK\ODBC\110\Tools\Binn\;C:\Program Files (x86)\Microsoft SQL Server\120\Tools\Binn\;C:\Program Files\Microsoft SQL Server\120\Tools\Binn\;C:\Program Files\Microsoft SQL Server\120\DTS\Binn\;C:\Program Files (x86)\Microsoft SQL Server\120\Tools\Binn\ManagementStudio\;C:\Program Files (x86)\Microsoft SQL Server\120\DTS\Binn\;C:\Users\WILSON\AppData\Local\Microsoft\WindowsApps;C:\Users\WILSON\AppData\Local\Programs\Microsoft VS Code\bin;C:\php-7.4.28-nts-Win32-vc15-x64;
USERNAME=WILSON
OS=Windows_NT
PROCESSOR_IDENTIFIER=Intel64 Family 6 Model 142 Stepping 9, GenuineIntel



---------------  S Y S T E M  ---------------

OS: Windows 10.0 , 64 bit Build 19041 (10.0.19041.1706)

CPU:total 4 (initial active 4) (2 cores per cpu, 2 threads per core) family 6 model 142 stepping 9, cmov, cx8, fxsr, mmx, sse, sse2, sse3, ssse3, sse4.1, sse4.2, popcnt, avx, avx2, aes, clmul, erms, 3dnowpref, lzcnt, ht, tsc, tscinvbit, bmi1, bmi2, adx

Memory: 4k page, physical 3554520k(107900k free), swap 14564568k(3628k free)

vm_info: Java HotSpot(TM) 64-Bit Server VM (25.202-b08) for windows-amd64 JRE (1.8.0_202-b08), built on Dec 15 2018 19:54:30 by "java_re" with MS VC++ 10.0 (VS2010)

time: Mon Jul 17 19:06:35 2023
timezone: Dateline Standard Time
elapsed time: 7 seconds (0d 0h 0m 7s)

