#
# There is insufficient memory for the Java Runtime Environment to continue.
# Native memory allocation (malloc) failed to allocate 116096 bytes for Chunk::new
# Possible reasons:
#   The system is out of physical RAM or swap space
#   The process is running with CompressedOops enabled, and the Java Heap may be blocking the growth of the native heap
# Possible solutions:
#   Reduce memory load on the system
#   Increase physical memory or swap space
#   Check if swap backing store is full
#   Decrease Java heap size (-Xmx/-Xms)
#   Decrease number of Java threads
#   Decrease Java thread stack sizes (-Xss)
#   Set larger code cache with -XX:ReservedCodeCacheSize=
#   JVM is running with Unscaled Compressed Oops mode in which the Java heap is
#     placed in the first 4GB address space. The Java Heap base address is the
#     maximum limit for the native heap growth. Please use -XX:HeapBaseMinAddress
#     to set the Java Heap base and to place the Java Heap above 4GB virtual address.
# This output file may be truncated or incomplete.
#
#  Out of Memory Error (allocation.cpp:389), pid=5288, tid=0x0000000000003234
#
# JRE version: Java(TM) SE Runtime Environment (8.0_202-b08) (build 1.8.0_202-b08)
# Java VM: Java HotSpot(TM) 64-Bit Server VM (25.202-b08 mixed mode windows-amd64 compressed oops)
# Failed to write core dump. Minidumps are not enabled by default on client versions of Windows
#

---------------  T H R E A D  ---------------

Current thread (0x0000000002d45800):  JavaThread "main" [_thread_in_vm, id=12852, stack(0x0000000002c40000,0x0000000002d40000)]

Stack: [0x0000000002c40000,0x0000000002d40000]
[error occurred during error reporting (printing stack bounds), id 0xc0000005]

Native frames: (J=compiled Java code, j=interpreted, Vv=VM code, C=native code)

Java frames: (J=compiled Java code, j=interpreted, Vv=VM code)
J 660  java.lang.ClassLoader.defineClass1(Ljava/lang/String;[BIILjava/security/ProtectionDomain;Ljava/lang/String;)Ljava/lang/Class; (0 bytes) @ 0x00000000033467df [0x0000000003346740+0x9f]
J 533 C1 java.lang.ClassLoader.defineClass(Ljava/lang/String;[BIILjava/security/ProtectionDomain;)Ljava/lang/Class; (43 bytes) @ 0x000000000330499c [0x00000000033048a0+0xfc]
J 536 C1 java.net.URLClassLoader.defineClass(Ljava/lang/String;Lsun/misc/Resource;)Ljava/lang/Class; (142 bytes) @ 0x0000000003306f4c [0x0000000003306580+0x9cc]
J 397 C1 java.net.URLClassLoader$1.run()Ljava/lang/Class; (63 bytes) @ 0x00000000032c3174 [0x00000000032c30c0+0xb4]
J 396 C1 java.net.URLClassLoader$1.run()Ljava/lang/Object; (5 bytes) @ 0x00000000032c2d94 [0x00000000032c2d60+0x34]
v  ~StubRoutines::call_stub
J 175  java.security.AccessController.doPrivileged(Ljava/security/PrivilegedExceptionAction;Ljava/security/AccessControlContext;)Ljava/lang/Object; (0 bytes) @ 0x00000000031406e6 [0x0000000003140680+0x66]
J 346 C1 java.net.URLClassLoader.findClass(Ljava/lang/String;)Ljava/lang/Class; (47 bytes) @ 0x00000000032aac74 [0x00000000032aabc0+0xb4]
J 234 C1 java.lang.ClassLoader.loadClass(Ljava/lang/String;Z)Ljava/lang/Class; (122 bytes) @ 0x0000000003154fe4 [0x0000000003154ce0+0x304]
J 364 C1 sun.misc.Launcher$AppClassLoader.loadClass(Ljava/lang/String;Z)Ljava/lang/Class; (85 bytes) @ 0x00000000032afcc4 [0x00000000032af9e0+0x2e4]
J 363 C1 java.lang.ClassLoader.loadClass(Ljava/lang/String;)Ljava/lang/Class; (7 bytes) @ 0x00000000032af6a4 [0x00000000032af660+0x44]
j  grails.boot.config.tools.ClassPathScanner.scanUsingPattern(Lorg/springframework/core/io/support/ResourcePatternResolver;Ljava/lang/String;Ljava/lang/ClassLoader;Lgroovy/lang/Closure;Ljava/util/Set;)V+118
j  grails.boot.config.tools.ClassPathScanner.scan(Ljava/lang/ClassLoader;Lorg/springframework/core/io/support/ResourcePatternResolver;Ljava/util/Collection;Lgroovy/lang/Closure;)Ljava/util/Set;+175
j  grails.boot.config.tools.ClassPathScanner.scan(Ljava/lang/Class;Ljava/util/Collection;Lgroovy/lang/Closure;)Ljava/util/Set;+22
j  grails.boot.config.tools.ClassPathScanner.scan(Ljava/lang/Class;Ljava/util/Collection;)Ljava/util/Set;+15
j  grails.boot.config.GrailsAutoConfiguration.classes()Ljava/util/Collection;+37
j  projecto.intellica.hotel.Application.classes()Ljava/util/Collection;+28
j  grails.boot.config.GrailsAutoConfiguration.grailsApplicationPostProcessor()Lgrails/boot/config/GrailsApplicationPostProcessor;+10
j  projecto.intellica.hotel.Application.grailsApplicationPostProcessor()Lgrails/boot/config/GrailsApplicationPostProcessor;+28
v  ~StubRoutines::call_stub
J 2073  sun.reflect.NativeMethodAccessorImpl.invoke0(Ljava/lang/reflect/Method;Ljava/lang/Object;[Ljava/lang/Object;)Ljava/lang/Object; (0 bytes) @ 0x000000000359f23f [0x000000000359f1c0+0x7f]
J 2072 C1 sun.reflect.NativeMethodAccessorImpl.invoke(Ljava/lang/Object;[Ljava/lang/Object;)Ljava/lang/Object; (104 bytes) @ 0x000000000359f99c [0x000000000359f620+0x37c]
J 780 C1 sun.reflect.DelegatingMethodAccessorImpl.invoke(Ljava/lang/Object;[Ljava/lang/Object;)Ljava/lang/Object; (10 bytes) @ 0x000000000337a0a4 [0x000000000337a060+0x44]
J 779 C1 java.lang.reflect.Method.invoke(Ljava/lang/Object;[Ljava/lang/Object;)Ljava/lang/Object; (62 bytes) @ 0x0000000003379cd4 [0x0000000003379be0+0xf4]
J 1922 C1 org.springsource.loaded.ri.ReflectiveInterceptor.jlrMethodInvoke(Ljava/lang/reflect/Method;Ljava/lang/Object;[Ljava/lang/Object;)Ljava/lang/Object; (2214 bytes) @ 0x0000000003550874 [0x000000000354f060+0x1814]
j  org.springframework.beans.factory.support.SimpleInstantiationStrategy.instantiate(Lorg/springframework/beans/factory/support/RootBeanDefinition;Ljava/lang/String;Lorg/springframework/beans/factory/BeanFactory;Ljava/lang/Object;Ljava/lang/reflect/Method;[Ljava/lang/Object;)Ljava/lang/Object;+53
j  org.springframework.beans.factory.support.ConstructorResolver.instantiateUsingFactoryMethod(Ljava/lang/String;Lorg/springframework/beans/factory/support/RootBeanDefinition;[Ljava/lang/Object;)Lorg/springframework/beans/BeanWrapper;+1455
j  org.springframework.beans.factory.support.AbstractAutowireCapableBeanFactory.instantiateUsingFactoryMethod(Ljava/lang/String;Lorg/springframework/beans/factory/support/RootBeanDefinition;[Ljava/lang/Object;)Lorg/springframework/beans/BeanWrapper;+11
j  org.springframework.beans.factory.support.AbstractAutowireCapableBeanFactory.createBeanInstance(Ljava/lang/String;Lorg/springframework/beans/factory/support/RootBeanDefinition;[Ljava/lang/Object;)Lorg/springframework/beans/BeanWrapper;+83
j  org.springframework.beans.factory.support.AbstractAutowireCapableBeanFactory.doCreateBean(Ljava/lang/String;Lorg/springframework/beans/factory/support/RootBeanDefinition;[Ljava/lang/Object;)Ljava/lang/Object;+34
j  org.springframework.beans.factory.support.AbstractAutowireCapableBeanFactory.createBean(Ljava/lang/String;Lorg/springframework/beans/factory/support/RootBeanDefinition;[Ljava/lang/Object;)Ljava/lang/Object;+173
j  org.springframework.beans.factory.support.AbstractBeanFactory$1.getObject()Ljava/lang/Object;+16
j  org.springframework.beans.factory.support.DefaultSingletonBeanRegistry.getSingleton(Ljava/lang/String;Lorg/springframework/beans/factory/ObjectFactory;)Ljava/lang/Object;+132
J 2849 C1 org.springframework.beans.factory.support.AbstractBeanFactory.doGetBean(Ljava/lang/String;Ljava/lang/Class;[Ljava/lang/Object;Z)Ljava/lang/Object; (787 bytes) @ 0x0000000003744274 [0x0000000003743c60+0x614]
J 2851 C1 org.springframework.beans.factory.support.AbstractBeanFactory.getBean(Ljava/lang/String;Ljava/lang/Class;)Ljava/lang/Object; (9 bytes) @ 0x00000000032c1524 [0x00000000032c14e0+0x44]
j  org.springframework.context.support.PostProcessorRegistrationDelegate.invokeBeanFactoryPostProcessors(Lorg/springframework/beans/factory/config/ConfigurableListableBeanFactory;Ljava/util/List;)V+430
j  org.springframework.context.support.AbstractApplicationContext.invokeBeanFactoryPostProcessors(Lorg/springframework/beans/factory/config/ConfigurableListableBeanFactory;)V+5
j  org.springframework.context.support.AbstractApplicationContext.refresh()V+28
j  org.springframework.boot.context.embedded.EmbeddedWebApplicationContext.refresh()V+1
j  org.springframework.boot.SpringApplication.refresh(Lorg/springframework/context/ApplicationContext;)V+11
j  org.springframework.boot.SpringApplication.refreshContext(Lorg/springframework/context/ConfigurableApplicationContext;)V+2
j  org.springframework.boot.SpringApplication.run([Ljava/lang/String;)Lorg/springframework/context/ConfigurableApplicationContext;+91
j  grails.boot.GrailsApp.run([Ljava/lang/String;)Lorg/springframework/context/ConfigurableApplicationContext;+2
j  grails.boot.GrailsApp.run([Ljava/lang/Object;[Ljava/lang/String;)Lorg/springframework/context/ConfigurableApplicationContext;+43
j  grails.boot.GrailsApp.run(Ljava/lang/Object;[Ljava/lang/String;)Lorg/springframework/context/ConfigurableApplicationContext;+9
j  grails.boot.GrailsApp$run.call(Ljava/lang/Object;[Ljava/lang/Object;)Ljava/lang/Object;+18
j  org.codehaus.groovy.runtime.callsite.CallSiteArray.defaultCall(Lorg/codehaus/groovy/runtime/callsite/CallSite;Ljava/lang/Object;[Ljava/lang/Object;)Ljava/lang/Object;+8
j  org.codehaus.groovy.runtime.callsite.AbstractCallSite.call(Ljava/lang/Object;[Ljava/lang/Object;)Ljava/lang/Object;+3
j  org.codehaus.groovy.runtime.callsite.AbstractCallSite.call(Ljava/lang/Object;Ljava/lang/Object;Ljava/lang/Object;)Ljava/lang/Object;+38
j  projecto.intellica.hotel.Application.main([Ljava/lang/String;)V+57
v  ~StubRoutines::call_stub

---------------  P R O C E S S  ---------------

Java Threads: ( => current thread )
  0x0000000016ad1800 JavaThread "background-preinit" [_thread_in_native, id=17884, stack(0x0000000019210000,0x0000000019310000)]
  0x0000000016bf8800 JavaThread "FileSystemWatcher: files=#10 cl=sun.misc.Launcher$AppClassLoader@18b4aac2" daemon [_thread_blocked, id=19452, stack(0x00000000174a0000,0x00000000175a0000)]
  0x0000000016ad5800 JavaThread "Service Thread" daemon [_thread_blocked, id=9624, stack(0x00000000172a0000,0x00000000173a0000)]
  0x00000000169b5000 JavaThread "C1 CompilerThread2" daemon [_thread_in_native, id=6972, stack(0x00000000171a0000,0x00000000172a0000)]
  0x00000000168df000 JavaThread "C2 CompilerThread1" daemon [_thread_blocked, id=18824, stack(0x00000000170a0000,0x00000000171a0000)]
  0x00000000168de800 JavaThread "C2 CompilerThread0" daemon [_thread_blocked, id=12224, stack(0x0000000016fa0000,0x00000000170a0000)]
  0x0000000014d63000 JavaThread "Attach Listener" daemon [_thread_blocked, id=14392, stack(0x00000000162a0000,0x00000000163a0000)]
  0x0000000014d61800 JavaThread "Signal Dispatcher" daemon [_thread_blocked, id=18044, stack(0x00000000161a0000,0x00000000162a0000)]
  0x0000000014d3d800 JavaThread "Finalizer" daemon [_thread_blocked, id=1820, stack(0x0000000015fa0000,0x00000000160a0000)]
  0x0000000014d39800 JavaThread "Reference Handler" daemon [_thread_blocked, id=19772, stack(0x0000000015ea0000,0x0000000015fa0000)]
=>0x0000000002d45800 JavaThread "main" [_thread_in_vm, id=12852, stack(0x0000000002c40000,0x0000000002d40000)]

Other Threads:
  0x0000000014d17800 VMThread [stack: 0x0000000015da0000,0x0000000015ea0000] [id=17024]
  0x0000000016b2d000 WatcherThread [stack: 0x00000000173a0000,0x00000000174a0000] [id=8952]

VM state:not at safepoint (normal execution)

VM Mutex/Monitor currently owned by a thread:  ([mutex/lock_event])
[0x0000000002d52b30] Patching_lock - owner thread: 0x0000000000000000

heap address: 0x00000000d0000000, size: 768 MB, Compressed Oops mode: 32-bit
Narrow klass base: 0x0000000000000000, Narrow klass shift: 3
Compressed class space size: 1073741824 Address: 0x0000000100000000

Heap:
 PSYoungGen      total 229376K, used 151828K [0x00000000f0000000, 0x0000000100000000, 0x0000000100000000)
  eden space 196608K, 75% used [0x00000000f0000000,0x00000000f90c8e28,0x00000000fc000000)
  from space 32768K, 10% used [0x00000000fc000000,0x00000000fc37c360,0x00000000fe000000)
  to   space 20480K, 0% used [0x00000000fec00000,0x00000000fec00000,0x0000000100000000)
 ParOldGen       total 524288K, used 16210K [0x00000000d0000000, 0x00000000f0000000, 0x00000000f0000000)
  object space 524288K, 3% used [0x00000000d0000000,0x00000000d0fd4808,0x00000000f0000000)
 Metaspace       used 25313K, capacity 25910K, committed 25984K, reserved 1073152K
  class space    used 3027K, capacity 3176K, committed 3200K, reserved 1048576K

Card table byte_map: [0x00000000123a0000,0x0000000012530000] byte_map_base: 0x0000000011d20000

Marking Bits: (ParMarkBitMap*) 0x0000000055fd5ce0
 Begin Bits: [0x0000000012a30000, 0x0000000013630000)
 End Bits:   [0x0000000013630000, 0x0000000014230000)

Polling page: 0x0000000002a90000

CodeCache: size=245760Kb used=8147Kb max_used=8147Kb free=237612Kb
 bounds [0x0000000002fe0000, 0x00000000037e0000, 0x0000000011fe0000]
 total_blobs=3695 nmethods=3098 adapters=509
 compilation: enabled

Compilation events (10 events):
Event: 10.716 Thread 0x00000000169b5000 3118       1       java.util.concurrent.locks.ReentrantReadWriteLock$Sync::sharedCount (5 bytes)
Event: 10.717 Thread 0x00000000169b5000 nmethod 3118 0x00000000037ca490 code [0x00000000037ca5e0, 0x00000000037ca6d0]
Event: 10.717 Thread 0x00000000169b5000 3125       1       org.apache.tomcat.util.modeler.FeatureInfo::getType (5 bytes)
Event: 10.717 Thread 0x00000000169b5000 nmethod 3125 0x00000000037ca750 code [0x00000000037ca8a0, 0x00000000037ca9b0]
Event: 10.717 Thread 0x00000000169b5000 3094       1       java.lang.reflect.Method::getMethodAccessor (5 bytes)
Event: 10.717 Thread 0x00000000169b5000 nmethod 3094 0x00000000037caa10 code [0x00000000037cab60, 0x00000000037cac70]
Event: 10.717 Thread 0x00000000169b5000 3126       1       java.util.concurrent.locks.ReentrantReadWriteLock::writeLock (5 bytes)
Event: 10.717 Thread 0x00000000169b5000 nmethod 3126 0x00000000037cacd0 code [0x00000000037cae20, 0x00000000037caf30]
Event: 10.718 Thread 0x00000000169b5000 3127       1       org.apache.tomcat.util.digester.Digester::push (25 bytes)
Event: 10.719 Thread 0x00000000169b5000 nmethod 3127 0x00000000037caf90 code [0x00000000037cb100, 0x00000000037cb368]

GC Heap History (10 events):
Event: 5.953 GC heap before
{Heap before GC invocations=2 (full 0):
 PSYoungGen      total 229376K, used 206171K [0x00000000f0000000, 0x0000000100000000, 0x0000000100000000)
  eden space 196608K, 100% used [0x00000000f0000000,0x00000000fc000000,0x00000000fc000000)
  from space 32768K, 29% used [0x00000000fc000000,0x00000000fc956dc8,0x00000000fe000000)
  to   space 32768K, 0% used [0x00000000fe000000,0x00000000fe000000,0x0000000100000000)
 ParOldGen       total 524288K, used 24K [0x00000000d0000000, 0x00000000f0000000, 0x00000000f0000000)
  object space 524288K, 0% used [0x00000000d0000000,0x00000000d0006000,0x00000000f0000000)
 Metaspace       used 15556K, capacity 15908K, committed 16000K, reserved 1062912K
  class space    used 1795K, capacity 1876K, committed 1920K, reserved 1048576K
Event: 5.970 GC heap after
Heap after GC invocations=2 (full 0):
 PSYoungGen      total 229376K, used 12782K [0x00000000f0000000, 0x0000000100000000, 0x0000000100000000)
  eden space 196608K, 0% used [0x00000000f0000000,0x00000000f0000000,0x00000000fc000000)
  from space 32768K, 39% used [0x00000000fe000000,0x00000000fec7ba10,0x0000000100000000)
  to   space 32768K, 0% used [0x00000000fc000000,0x00000000fc000000,0x00000000fe000000)
 ParOldGen       total 524288K, used 32K [0x00000000d0000000, 0x00000000f0000000, 0x00000000f0000000)
  object space 524288K, 0% used [0x00000000d0000000,0x00000000d0008000,0x00000000f0000000)
 Metaspace       used 15556K, capacity 15908K, committed 16000K, reserved 1062912K
  class space    used 1795K, capacity 1876K, committed 1920K, reserved 1048576K
}
Event: 7.538 GC heap before
{Heap before GC invocations=3 (full 0):
 PSYoungGen      total 229376K, used 209390K [0x00000000f0000000, 0x0000000100000000, 0x0000000100000000)
  eden space 196608K, 100% used [0x00000000f0000000,0x00000000fc000000,0x00000000fc000000)
  from space 32768K, 39% used [0x00000000fe000000,0x00000000fec7ba10,0x0000000100000000)
  to   space 32768K, 0% used [0x00000000fc000000,0x00000000fc000000,0x00000000fe000000)
 ParOldGen       total 524288K, used 32K [0x00000000d0000000, 0x00000000f0000000, 0x00000000f0000000)
  object space 524288K, 0% used [0x00000000d0000000,0x00000000d0008000,0x00000000f0000000)
 Metaspace       used 18386K, capacity 18856K, committed 18944K, reserved 1067008K
  class space    used 2183K, capacity 2298K, committed 2304K, reserved 1048576K
Event: 7.560 GC heap after
Heap after GC invocations=3 (full 0):
 PSYoungGen      total 229376K, used 14221K [0x00000000f0000000, 0x0000000100000000, 0x0000000100000000)
  eden space 196608K, 0% used [0x00000000f0000000,0x00000000f0000000,0x00000000fc000000)
  from space 32768K, 43% used [0x00000000fc000000,0x00000000fcde36f8,0x00000000fe000000)
  to   space 32768K, 0% used [0x00000000fe000000,0x00000000fe000000,0x0000000100000000)
 ParOldGen       total 524288K, used 48K [0x00000000d0000000, 0x00000000f0000000, 0x00000000f0000000)
  object space 524288K, 0% used [0x00000000d0000000,0x00000000d000c000,0x00000000f0000000)
 Metaspace       used 18386K, capacity 18856K, committed 18944K, reserved 1067008K
  class space    used 2183K, capacity 2298K, committed 2304K, reserved 1048576K
}
Event: 8.382 GC heap before
{Heap before GC invocations=4 (full 0):
 PSYoungGen      total 229376K, used 163931K [0x00000000f0000000, 0x0000000100000000, 0x0000000100000000)
  eden space 196608K, 76% used [0x00000000f0000000,0x00000000f9233760,0x00000000fc000000)
  from space 32768K, 43% used [0x00000000fc000000,0x00000000fcde36f8,0x00000000fe000000)
  to   space 32768K, 0% used [0x00000000fe000000,0x00000000fe000000,0x0000000100000000)
 ParOldGen       total 524288K, used 48K [0x00000000d0000000, 0x00000000f0000000, 0x00000000f0000000)
  object space 524288K, 0% used [0x00000000d0000000,0x00000000d000c000,0x00000000f0000000)
 Metaspace       used 20669K, capacity 21112K, committed 21296K, reserved 1069056K
  class space    used 2478K, capacity 2594K, committed 2688K, reserved 1048576K
Event: 8.404 GC heap after
Heap after GC invocations=4 (full 0):
 PSYoungGen      total 229376K, used 16472K [0x00000000f0000000, 0x0000000100000000, 0x0000000100000000)
  eden space 196608K, 0% used [0x00000000f0000000,0x00000000f0000000,0x00000000fc000000)
  from space 32768K, 50% used [0x00000000fe000000,0x00000000ff016270,0x0000000100000000)
  to   space 32768K, 0% used [0x00000000fc000000,0x00000000fc000000,0x00000000fe000000)
 ParOldGen       total 524288K, used 56K [0x00000000d0000000, 0x00000000f0000000, 0x00000000f0000000)
  object space 524288K, 0% used [0x00000000d0000000,0x00000000d000e000,0x00000000f0000000)
 Metaspace       used 20669K, capacity 21112K, committed 21296K, reserved 1069056K
  class space    used 2478K, capacity 2594K, committed 2688K, reserved 1048576K
}
Event: 8.404 GC heap before
{Heap before GC invocations=5 (full 1):
 PSYoungGen      total 229376K, used 16472K [0x00000000f0000000, 0x0000000100000000, 0x0000000100000000)
  eden space 196608K, 0% used [0x00000000f0000000,0x00000000f0000000,0x00000000fc000000)
  from space 32768K, 50% used [0x00000000fe000000,0x00000000ff016270,0x0000000100000000)
  to   space 32768K, 0% used [0x00000000fc000000,0x00000000fc000000,0x00000000fe000000)
 ParOldGen       total 524288K, used 56K [0x00000000d0000000, 0x00000000f0000000, 0x00000000f0000000)
  object space 524288K, 0% used [0x00000000d0000000,0x00000000d000e000,0x00000000f0000000)
 Metaspace       used 20669K, capacity 21112K, committed 21296K, reserved 1069056K
  class space    used 2478K, capacity 2594K, committed 2688K, reserved 1048576K
Event: 8.491 GC heap after
Heap after GC invocations=5 (full 1):
 PSYoungGen      total 229376K, used 0K [0x00000000f0000000, 0x0000000100000000, 0x0000000100000000)
  eden space 196608K, 0% used [0x00000000f0000000,0x00000000f0000000,0x00000000fc000000)
  from space 32768K, 0% used [0x00000000fe000000,0x00000000fe000000,0x0000000100000000)
  to   space 32768K, 0% used [0x00000000fc000000,0x00000000fc000000,0x00000000fe000000)
 ParOldGen       total 524288K, used 16202K [0x00000000d0000000, 0x00000000f0000000, 0x00000000f0000000)
  object space 524288K, 3% used [0x00000000d0000000,0x00000000d0fd2808,0x00000000f0000000)
 Metaspace       used 20669K, capacity 21112K, committed 21296K, reserved 1069056K
  class space    used 2478K, capacity 2594K, committed 2688K, reserved 1048576K
}
Event: 9.616 GC heap before
{Heap before GC invocations=6 (full 1):
 PSYoungGen      total 229376K, used 196608K [0x00000000f0000000, 0x0000000100000000, 0x0000000100000000)
  eden space 196608K, 100% used [0x00000000f0000000,0x00000000fc000000,0x00000000fc000000)
  from space 32768K, 0% used [0x00000000fe000000,0x00000000fe000000,0x0000000100000000)
  to   space 32768K, 0% used [0x00000000fc000000,0x00000000fc000000,0x00000000fe000000)
 ParOldGen       total 524288K, used 16202K [0x00000000d0000000, 0x00000000f0000000, 0x00000000f0000000)
  object space 524288K, 3% used [0x00000000d0000000,0x00000000d0fd2808,0x00000000f0000000)
 Metaspace       used 21844K, capacity 22330K, committed 22448K, reserved 1069056K
  class space    used 2622K, capacity 2733K, committed 2816K, reserved 1048576K
Event: 9.621 GC heap after
Heap after GC invocations=6 (full 1):
 PSYoungGen      total 229376K, used 3568K [0x00000000f0000000, 0x0000000100000000, 0x0000000100000000)
  eden space 196608K, 0% used [0x00000000f0000000,0x00000000f0000000,0x00000000fc000000)
  from space 32768K, 10% used [0x00000000fc000000,0x00000000fc37c360,0x00000000fe000000)
  to   space 20480K, 0% used [0x00000000fec00000,0x00000000fec00000,0x0000000100000000)
 ParOldGen       total 524288K, used 16210K [0x00000000d0000000, 0x00000000f0000000, 0x00000000f0000000)
  object space 524288K, 3% used [0x00000000d0000000,0x00000000d0fd4808,0x00000000f0000000)
 Metaspace       used 21844K, capacity 22330K, committed 22448K, reserved 1069056K
  class space    used 2622K, capacity 2733K, committed 2816K, reserved 1048576K
}

Deoptimization events (0 events):
No events

Classes redefined (0 events):
No events

Internal exceptions (10 events):
Event: 10.094 Thread 0x0000000002d45800 Exception <a 'java/lang/ArrayIndexOutOfBoundsException'> (0x00000000f5cc3548) thrown at [C:\re\workspace\8-2-build-windows-amd64-cygwin\jdk8u202\12323\hotspot\src\share\vm\runtime\sharedRuntime.cpp, line 605]
Event: 10.094 Thread 0x0000000002d45800 Exception <a 'java/lang/ArrayIndexOutOfBoundsException'> (0x00000000f5cc6e48) thrown at [C:\re\workspace\8-2-build-windows-amd64-cygwin\jdk8u202\12323\hotspot\src\share\vm\runtime\sharedRuntime.cpp, line 605]
Event: 10.094 Thread 0x0000000002d45800 Exception <a 'java/lang/ArrayIndexOutOfBoundsException'> (0x00000000f5cc9c68) thrown at [C:\re\workspace\8-2-build-windows-amd64-cygwin\jdk8u202\12323\hotspot\src\share\vm\runtime\sharedRuntime.cpp, line 605]
Event: 10.094 Thread 0x0000000002d45800 Exception <a 'java/lang/ArrayIndexOutOfBoundsException'> (0x00000000f5cccd48) thrown at [C:\re\workspace\8-2-build-windows-amd64-cygwin\jdk8u202\12323\hotspot\src\share\vm\runtime\sharedRuntime.cpp, line 605]
Event: 10.105 Thread 0x0000000002d45800 Exception <a 'java/lang/ClassNotFoundException': grails/boot/config/tools/ClassPathScanner$ApplicationRelativeClassLoaderBeanInfo> (0x00000000f5dc7df0) thrown at [C:\re\workspace\8-2-build-windows-amd64-cygwin\jdk8u202\12323\hotspot\src\share\vm\classfile
Event: 10.107 Thread 0x0000000002d45800 Exception <a 'java/lang/ClassNotFoundException': grails/boot/config/tools/ClassPathScanner$ApplicationRelativeClassLoaderCustomizer> (0x00000000f5df85c8) thrown at [C:\re\workspace\8-2-build-windows-amd64-cygwin\jdk8u202\12323\hotspot\src\share\vm\classfi
Event: 10.111 Thread 0x0000000002d45800 Exception <a 'java/lang/ClassNotFoundException': grails/boot/config/tools/ClassPathScanner$GrailsClasspathIgnoringResourceResolverBeanInfo> (0x00000000f61bc710) thrown at [C:\re\workspace\8-2-build-windows-amd64-cygwin\jdk8u202\12323\hotspot\src\share\vm\
Event: 10.112 Thread 0x0000000002d45800 Exception <a 'java/lang/ClassNotFoundException': org/springframework/core/io/support/PathMatchingResourcePatternResolverBeanInfo> (0x00000000f61ec598) thrown at [C:\re\workspace\8-2-build-windows-amd64-cygwin\jdk8u202\12323\hotspot\src\share\vm\classfile\
Event: 10.114 Thread 0x0000000002d45800 Exception <a 'java/lang/ClassNotFoundException': org/springframework/core/io/support/PathMatchingResourcePatternResolverCustomizer> (0x00000000f621cd68) thrown at [C:\re\workspace\8-2-build-windows-amd64-cygwin\jdk8u202\12323\hotspot\src\share\vm\classfil
Event: 10.115 Thread 0x0000000002d45800 Exception <a 'java/lang/ClassNotFoundException': grails/boot/config/tools/ClassPathScanner$GrailsClasspathIgnoringResourceResolverCustomizer> (0x00000000f625a058) thrown at [C:\re\workspace\8-2-build-windows-amd64-cygwin\jdk8u202\12323\hotspot\src\share\v

Events (10 events):
Event: 10.639 loading class org/apache/tomcat/util/buf/StringUtils$Function
Event: 10.639 loading class org/apache/tomcat/util/buf/StringUtils$Function done
Event: 10.641 loading class org/apache/tomcat/util/buf/StringUtils
Event: 10.641 loading class org/apache/tomcat/util/buf/StringUtils done
Event: 10.671 loading class projecto/intellica/hotel/HospedeController
Event: 10.671 loading class projecto/intellica/hotel/HospedeController done
Event: 10.693 loading class projecto/intellica/hotel/HospedeService
Event: 10.693 loading class projecto/intellica/hotel/HospedeService done
Event: 10.701 loading class projecto/intellica/hotel/MenuController
Event: 10.701 loading class projecto/intellica/hotel/MenuController done


Dynamic libraries:
0x00007ff6b3800000 - 0x00007ff6b3837000 	C:\Program Files\Java\jdk1.8.0_202\bin\java.exe
0x00007ff859e30000 - 0x00007ff85a025000 	C:\WINDOWS\SYSTEM32\ntdll.dll
0x00007ff858e60000 - 0x00007ff858f1d000 	C:\WINDOWS\System32\KERNEL32.DLL
0x00007ff8578d0000 - 0x00007ff857b9d000 	C:\WINDOWS\System32\KERNELBASE.dll
0x00007ff859b10000 - 0x00007ff859bbe000 	C:\WINDOWS\System32\ADVAPI32.dll
0x00007ff859c70000 - 0x00007ff859d0e000 	C:\WINDOWS\System32\msvcrt.dll
0x00007ff858760000 - 0x00007ff8587fc000 	C:\WINDOWS\System32\sechost.dll
0x00007ff858630000 - 0x00007ff858755000 	C:\WINDOWS\System32\RPCRT4.dll
0x00007ff858f20000 - 0x00007ff8590c0000 	C:\WINDOWS\System32\USER32.dll
0x00007ff857640000 - 0x00007ff857662000 	C:\WINDOWS\System32\win32u.dll
0x00007ff859ae0000 - 0x00007ff859b0a000 	C:\WINDOWS\System32\GDI32.dll
0x00007ff857d70000 - 0x00007ff857e7b000 	C:\WINDOWS\System32\gdi32full.dll
0x00007ff8577e0000 - 0x00007ff85787d000 	C:\WINDOWS\System32\msvcp_win.dll
0x00007ff857540000 - 0x00007ff857640000 	C:\WINDOWS\System32\ucrtbase.dll
0x00007ff830280000 - 0x00007ff83051a000 	C:\WINDOWS\WinSxS\amd64_microsoft.windows.common-controls_6595b64144ccf1df_6.0.19041.1110_none_60b5254171f9507e\COMCTL32.dll
0x00007ff858ce0000 - 0x00007ff858d10000 	C:\WINDOWS\System32\IMM32.DLL
0x0000000056060000 - 0x0000000056132000 	C:\Program Files\Java\jdk1.8.0_202\jre\bin\msvcr100.dll
0x00000000557b0000 - 0x0000000056055000 	C:\Program Files\Java\jdk1.8.0_202\jre\bin\server\jvm.dll
0x00007ff858df0000 - 0x00007ff858df8000 	C:\WINDOWS\System32\PSAPI.DLL
0x00007ff83e3a0000 - 0x00007ff83e3c7000 	C:\WINDOWS\SYSTEM32\WINMM.dll
0x00007ff82a0a0000 - 0x00007ff82a0a9000 	C:\WINDOWS\SYSTEM32\WSOCK32.dll
0x00007ff859430000 - 0x00007ff85949b000 	C:\WINDOWS\System32\WS2_32.dll
0x00007ff851ea0000 - 0x00007ff851eaa000 	C:\WINDOWS\SYSTEM32\VERSION.dll
0x00007ff854d30000 - 0x00007ff854d3f000 	C:\Program Files\Java\jdk1.8.0_202\jre\bin\verify.dll
0x00007ff849670000 - 0x00007ff849699000 	C:\Program Files\Java\jdk1.8.0_202\jre\bin\java.dll
0x00007ff843580000 - 0x00007ff8435a3000 	C:\Program Files\Java\jdk1.8.0_202\jre\bin\instrument.dll
0x00007ff848f90000 - 0x00007ff848fa6000 	C:\Program Files\Java\jdk1.8.0_202\jre\bin\zip.dll
0x00007ff857ee0000 - 0x00007ff858624000 	C:\WINDOWS\System32\SHELL32.dll
0x00007ff855640000 - 0x00007ff855dd4000 	C:\WINDOWS\SYSTEM32\windows.storage.dll
0x00007ff859780000 - 0x00007ff859ad4000 	C:\WINDOWS\System32\combase.dll
0x00007ff856ed0000 - 0x00007ff856efc000 	C:\WINDOWS\SYSTEM32\Wldp.dll
0x00007ff859bc0000 - 0x00007ff859c6d000 	C:\WINDOWS\System32\SHCORE.dll
0x00007ff859720000 - 0x00007ff859775000 	C:\WINDOWS\System32\shlwapi.dll
0x00007ff857480000 - 0x00007ff85749f000 	C:\WINDOWS\SYSTEM32\profapi.dll
0x00007ff848960000 - 0x00007ff84897a000 	C:\Program Files\Java\jdk1.8.0_202\jre\bin\net.dll
0x00007ff848d50000 - 0x00007ff848f3c000 	C:\WINDOWS\SYSTEM32\urlmon.dll
0x00007ff856a30000 - 0x00007ff856a3c000 	C:\WINDOWS\SYSTEM32\netutils.dll
0x00007ff848d20000 - 0x00007ff848d48000 	C:\WINDOWS\SYSTEM32\srvcli.dll
0x00007ff848a60000 - 0x00007ff848d11000 	C:\WINDOWS\SYSTEM32\iertutil.dll
0x00007ff856c30000 - 0x00007ff856c9a000 	C:\WINDOWS\system32\mswsock.dll
0x00007ff8485c0000 - 0x00007ff8485d7000 	C:\WINDOWS\system32\napinsp.dll
0x00007ff8435d0000 - 0x00007ff8435eb000 	C:\WINDOWS\system32\pnrpnsp.dll
0x00007ff820550000 - 0x00007ff820565000 	C:\WINDOWS\system32\wshbth.dll
0x00007ff852f80000 - 0x00007ff852f9d000 	C:\WINDOWS\system32\NLAapi.dll
0x00007ff856920000 - 0x00007ff85695b000 	C:\WINDOWS\SYSTEM32\IPHLPAPI.DLL
0x00007ff856960000 - 0x00007ff856a2b000 	C:\WINDOWS\SYSTEM32\DNSAPI.dll
0x00007ff859570000 - 0x00007ff859578000 	C:\WINDOWS\System32\NSI.dll
0x00007ff8485e0000 - 0x00007ff8485f2000 	C:\WINDOWS\System32\winrnr.dll
0x00007ff848a50000 - 0x00007ff848a5a000 	C:\Windows\System32\rasadhlp.dll
0x00007ff849830000 - 0x00007ff8498b0000 	C:\WINDOWS\System32\fwpuclnt.dll
0x00007ff857670000 - 0x00007ff857697000 	C:\WINDOWS\System32\bcrypt.dll
0x00007ff848950000 - 0x00007ff84895d000 	C:\Program Files\Java\jdk1.8.0_202\jre\bin\management.dll

VM Arguments:
jvm_args: -Dendpoints.shutdown.enabled=true -Denv=development -Dfull.stacktrace=false -Dgrails.env=development -Dgrails.full.stacktrace=false -Dinfo.app.grailsVersion=3.3.5 -Dinfo.app.name=PROJECTO-INTELLICA-HOTEL -Dinfo.app.version=0.1 -Djdk.reflect.allowGetCallerClass=true -Drun.active=true -Dserver.port=8092 -Dspring.output.ansi.enabled=always -Dspring.profiles.active -Dspringloaded=inclusions=grails.plugins..*;synchronize=true;allowSplitPackages=true;cacheDir=C:\Users\WILSON\IdeaProjects\PROJECTO-INTELLICA-HOTEL\build\springloaded -Dverbose=false -XX:+TieredCompilation -XX:TieredStopAtLevel=1 -XX:CICompilerCount=3 -javaagent:C:\Users\WILSON\.gradle\caches\modules-2\files-2.1\org.springframework\springloaded\1.2.8.RELEASE\b60bac05b0451cdc1863bfec617f39aa0dcaaa43\springloaded-1.2.8.RELEASE.jar -Xverify:none -Xms768m -Xmx768m -Dfile.encoding=UTF-8 -Duser.country=US -Duser.language=en -Duser.variant 
java_command: projecto.intellica.hotel.Application
java_class_path (initial): C:\Users\WILSON\IdeaProjects\PROJECTO-INTELLICA-HOTEL\src\main\resources;C:\Users\WILSON\IdeaProjects\PROJECTO-INTELLICA-HOTEL\grails-app\views;C:\Users\WILSON\IdeaProjects\PROJECTO-INTELLICA-HOTEL\grails-app\i18n;C:\Users\WILSON\IdeaProjects\PROJECTO-INTELLICA-HOTEL\grails-app\conf;C:\Users\WILSON\IdeaProjects\PROJECTO-INTELLICA-HOTEL\build\classes\main;C:\Users\WILSON\IdeaProjects\PROJECTO-INTELLICA-HOTEL\build\resources\main;C:\Users\WILSON\IdeaProjects\PROJECTO-INTELLICA-HOTEL\gsp-classes;C:\Users\WILSON\IdeaProjects\PROJECTO-INTELLICA-HOTEL\libs\sqljdbc42.jar;C:\Users\WILSON\.gradle\caches\modules-2\files-2.1\org.springframework.boot\spring-boot-starter-logging\1.5.12.RELEASE\88b9a16ff87f0a7faec7848e9a5626ffbbac588f\spring-boot-starter-logging-1.5.12.RELEASE.jar;C:\Users\WILSON\.gradle\caches\modules-2\files-2.1\org.springframework.boot\spring-boot-autoconfigure\1.5.12.RELEASE\932ab2609793ebc00576cbae77085bb83e5c9008\spring-boot-autoconfigure-1.5.12.RELEASE.jar;C:\Users\WILSON\.gradle\caches\modules-2\files-2.1\org.grails\grails-core\3.3.5\8044ecc48da9a8427953ffb1b7fe0a169b5b75eb\grails-core-3.3.5.jar;C:\Users\WILSON\.gradle\caches\modules-2\files-2.1\org.springframework.boot\spring-boot-starter-actuator\1.5.12.RELEASE\492b2762b659ff66970bda22802d06e1b4ce9f5b\spring-boot-starter-actuator-1.5.12.RELEASE.jar;C:\Users\WILSON\.gradle\caches\modules-2\files-2.1\org.springframework.boot\spring-boot-starter-tomcat\1.5.12.RELEASE\a4e81f071d2b5a9c9fb5a219b361b683a8eb3d91\spring-boot-starter-tomcat-1.5.12.RELEASE.jar;C:\Users\WILSON\.gradle\caches\modules-2\files-2.1\org.grails\grails-web-boot\3.3.5\96b9ec5a3904970ecb1dd5d2d783bb54e46339f\grails-web-boot-3.3.5.jar;C:\Users\WILSON\.gradle\caches\modules-2\files-2.1\org.grails\grails-logging\3.3.5\cd27aad74b27447d2aebe1a85b4fbc89af2d3c3d\grails-logging-3.3.5.jar;C:\Users\WILSON\.gradle\caches\modules-2\files-2.1\org.grails\grails-plugin-rest\3.3.5\225fd803f4047cf880ec8c16227f38fa0e53d630\grails
Launcher Type: SUN_STANDARD

Environment Variables:
PATH=C:\Program Files\Common Files\Oracle\Java\javapath;C:\Program Files (x86)\Common Files\Oracle\Java\javapath;C:\WINDOWS\system32;C:\WINDOWS;C:\WINDOWS\System32\Wbem;C:\WINDOWS\System32\WindowsPowerShell\v1.0\;C:\Program Files\Microsoft\Web Platform Installer\;C:\Program Files (x86)\PowerShell\7\;C:\WINDOWS\System32\OpenSSH\;C:\Program Files\Git\cmd;C:\grails-3.3.5\bin;C:\Program Files\Microsoft SQL Server\Client SDK\ODBC\110\Tools\Binn\;C:\Program Files (x86)\Microsoft SQL Server\120\Tools\Binn\;C:\Program Files\Microsoft SQL Server\120\Tools\Binn\;C:\Program Files\Microsoft SQL Server\120\DTS\Binn\;C:\Program Files (x86)\Microsoft SQL Server\120\Tools\Binn\ManagementStudio\;C:\Program Files (x86)\Microsoft SQL Server\120\DTS\Binn\;C:\Users\WILSON\AppData\Local\Microsoft\WindowsApps;C:\Users\WILSON\AppData\Local\Programs\Microsoft VS Code\bin;C:\php-7.4.28-nts-Win32-vc15-x64;
USERNAME=WILSON
OS=Windows_NT
PROCESSOR_IDENTIFIER=Intel64 Family 6 Model 142 Stepping 9, GenuineIntel



---------------  S Y S T E M  ---------------

OS: Windows 10.0 , 64 bit Build 19041 (10.0.19041.1706)

CPU:total 4 (initial active 4) (2 cores per cpu, 2 threads per core) family 6 model 142 stepping 9, cmov, cx8, fxsr, mmx, sse, sse2, sse3, ssse3, sse4.1, sse4.2, popcnt, avx, avx2, aes, clmul, erms, 3dnowpref, lzcnt, ht, tsc, tscinvbit, bmi1, bmi2, adx

Memory: 4k page, physical 3554520k(298036k free), swap 14564568k(16k free)

vm_info: Java HotSpot(TM) 64-Bit Server VM (25.202-b08) for windows-amd64 JRE (1.8.0_202-b08), built on Dec 15 2018 19:54:30 by "java_re" with MS VC++ 10.0 (VS2010)

time: Mon Jul 10 00:08:37 2023
timezone: Dateline Standard Time
elapsed time: 10 seconds (0d 0h 0m 10s)

