#
# There is insufficient memory for the Java Runtime Environment to continue.
# Native memory allocation (malloc) failed to allocate 2568176 bytes for Chunk::new
# Possible reasons:
#   The system is out of physical RAM or swap space
#   The process is running with CompressedOops enabled, and the Java Heap may be blocking the growth of the native heap
# Possible solutions:
#   Reduce memory load on the system
#   Increase physical memory or swap space
#   Check if swap backing store is full
#   Decrease Java heap size (-Xmx/-Xms)
#   Decrease number of Java threads
#   Decrease Java thread stack sizes (-Xss)
#   Set larger code cache with -XX:ReservedCodeCacheSize=
#   JVM is running with Unscaled Compressed Oops mode in which the Java heap is
#     placed in the first 4GB address space. The Java Heap base address is the
#     maximum limit for the native heap growth. Please use -XX:HeapBaseMinAddress
#     to set the Java Heap base and to place the Java Heap above 4GB virtual address.
# This output file may be truncated or incomplete.
#
#  Out of Memory Error (allocation.cpp:389), pid=15140, tid=0x0000000000003e8c
#
# JRE version: Java(TM) SE Runtime Environment (8.0_202-b08) (build 1.8.0_202-b08)
# Java VM: Java HotSpot(TM) 64-Bit Server VM (25.202-b08 mixed mode windows-amd64 compressed oops)
# Failed to write core dump. Minidumps are not enabled by default on client versions of Windows
#

---------------  T H R E A D  ---------------

Current thread (0x000000001592d800):  JavaThread "C2 CompilerThread1" daemon [_thread_in_native, id=16012, stack(0x0000000017070000,0x0000000017170000)]

Stack: [0x0000000017070000,0x0000000017170000]
[error occurred during error reporting (printing stack bounds), id 0xc0000005]

Native frames: (J=compiled Java code, j=interpreted, Vv=VM code, C=native code)


Current CompileTask:
C2:  12565 4456       4       com.sun.beans.TypeResolver::resolve (37 bytes)


---------------  P R O C E S S  ---------------

Java Threads: ( => current thread )
  0x0000000018d5b800 JavaThread "Cache worker for task history cache (C:\Users\WILSON\IdeaProjects\PROJECTO-INTELLICA-HOTEL\.gradle\3.5\taskHistory)" [_thread_blocked, id=15636, stack(0x000000001f720000,0x000000001f820000)]
  0x0000000018d60000 JavaThread "Memory manager" [_thread_blocked, id=12528, stack(0x000000001c890000,0x000000001c990000)]
  0x0000000018d5e000 JavaThread "Cache worker for Artifact transforms cache (C:\Users\WILSON\.gradle\caches\transforms-1)" [_thread_blocked, id=8812, stack(0x000000001c580000,0x000000001c680000)]
  0x0000000018d5b000 JavaThread "File lock request listener" [_thread_in_native, id=17236, stack(0x000000001b2b0000,0x000000001b3b0000)]
  0x0000000018d5e800 JavaThread "Cache worker for file hash cache (C:\Users\WILSON\.gradle\caches\3.5\fileHashes)" [_thread_blocked, id=9508, stack(0x000000001b1b0000,0x000000001b2b0000)]
  0x0000000018de0000 JavaThread "Stdin handler" [_thread_blocked, id=5968, stack(0x000000001b0b0000,0x000000001b1b0000)]
  0x0000000018ddf800 JavaThread "Asynchronous log dispatcher for DefaultDaemonConnection: socket connection from /127.0.0.1:54125 to /127.0.0.1:54126" [_thread_blocked, id=13524, stack(0x000000001afb0000,0x000000001b0b0000)]
  0x0000000018741000 JavaThread "Daemon worker" [_thread_in_native, id=17004, stack(0x000000001aeb0000,0x000000001afb0000)]
  0x0000000018df4800 JavaThread "Cancel handler" [_thread_blocked, id=9328, stack(0x000000001adb0000,0x000000001aeb0000)]
  0x000000001888d000 JavaThread "Handler for socket connection from /127.0.0.1:54125 to /127.0.0.1:54126" [_thread_in_native, id=13628, stack(0x000000001acb0000,0x000000001adb0000)]
  0x0000000018549800 JavaThread "Daemon" [_thread_blocked, id=3796, stack(0x000000001a9b0000,0x000000001aab0000)]
  0x000000001854b000 JavaThread "Daemon periodic checks" [_thread_blocked, id=6792, stack(0x000000001a8b0000,0x000000001a9b0000)]
  0x000000001879f000 JavaThread "Incoming local TCP Connector on port 54125" [_thread_in_native, id=15124, stack(0x000000001a670000,0x000000001a770000)]
  0x000000001896b800 JavaThread "Daemon health stats" [_thread_blocked, id=3572, stack(0x000000001a010000,0x000000001a110000)]
  0x0000000017293800 JavaThread "Service Thread" daemon [_thread_blocked, id=11008, stack(0x0000000017670000,0x0000000017770000)]
  0x0000000015936000 JavaThread "C1 CompilerThread2" daemon [_thread_blocked, id=12788, stack(0x0000000017170000,0x0000000017270000)]
=>0x000000001592d800 JavaThread "C2 CompilerThread1" daemon [_thread_in_native, id=16012, stack(0x0000000017070000,0x0000000017170000)]
  0x0000000015926800 JavaThread "C2 CompilerThread0" daemon [_thread_in_native, id=13428, stack(0x0000000016f70000,0x0000000017070000)]
  0x0000000015924800 JavaThread "Attach Listener" daemon [_thread_blocked, id=10780, stack(0x0000000016e70000,0x0000000016f70000)]
  0x0000000015923000 JavaThread "Signal Dispatcher" daemon [_thread_blocked, id=8712, stack(0x0000000016d70000,0x0000000016e70000)]
  0x000000000324c000 JavaThread "Finalizer" daemon [_thread_blocked, id=14760, stack(0x0000000016b70000,0x0000000016c70000)]
  0x000000001590a000 JavaThread "Reference Handler" daemon [_thread_blocked, id=6936, stack(0x0000000016a70000,0x0000000016b70000)]
  0x000000000314e800 JavaThread "main" [_thread_blocked, id=12476, stack(0x0000000002f50000,0x0000000003050000)]

Other Threads:
  0x00000000158e6800 VMThread [stack: 0x0000000016970000,0x0000000016a70000] [id=10736]
  0x00000000172bc000 WatcherThread [stack: 0x0000000017770000,0x0000000017870000] [id=10556]

VM state:not at safepoint (normal execution)

VM Mutex/Monitor currently owned by a thread: None

heap address: 0x00000000c0000000, size: 1024 MB, Compressed Oops mode: 32-bit
Narrow klass base: 0x0000000000000000, Narrow klass shift: 3
Compressed class space size: 1073741824 Address: 0x0000000100000000

Heap:
 PSYoungGen      total 110080K, used 25724K [0x00000000eab00000, 0x00000000f3b00000, 0x0000000100000000)
  eden space 101888K, 17% used [0x00000000eab00000,0x00000000ebc23128,0x00000000f0e80000)
  from space 8192K, 99% used [0x00000000f0e80000,0x00000000f167c020,0x00000000f1680000)
  to   space 10240K, 0% used [0x00000000f3100000,0x00000000f3100000,0x00000000f3b00000)
 ParOldGen       total 55296K, used 19683K [0x00000000c0000000, 0x00000000c3600000, 0x00000000eab00000)
  object space 55296K, 35% used [0x00000000c0000000,0x00000000c1338c48,0x00000000c3600000)
 Metaspace       used 37860K, capacity 38612K, committed 38784K, reserved 1083392K
  class space    used 5381K, capacity 5648K, committed 5760K, reserved 1048576K

Card table byte_map: [0x0000000012610000,0x0000000012820000] byte_map_base: 0x0000000012010000

Marking Bits: (ParMarkBitMap*) 0x0000000077c95ce0
 Begin Bits: [0x0000000012d80000, 0x0000000013d80000)
 End Bits:   [0x0000000013d80000, 0x0000000014d80000)

Polling page: 0x0000000001710000

CodeCache: size=245760Kb used=14768Kb max_used=14768Kb free=230991Kb
 bounds [0x0000000003250000, 0x00000000040e0000, 0x0000000012250000]
 total_blobs=4847 nmethods=4166 adapters=593
 compilation: enabled

Compilation events (10 events):
Event: 12.554 Thread 0x0000000015936000 4638       3       io.spring.gradle.dependencymanagement.org.codehaus.plexus.util.xml.pull.MXParser::setNameStart (11 bytes)
Event: 12.554 Thread 0x0000000015936000 nmethod 4638 0x000000000371dfd0 code [0x000000000371e140, 0x000000000371e348]
Event: 12.554 Thread 0x0000000015936000 4639       3       io.spring.gradle.dependencymanagement.org.codehaus.plexus.util.xml.pull.MXParser::setName (7 bytes)
Event: 12.555 Thread 0x0000000015936000 nmethod 4639 0x0000000003543250 code [0x00000000035433c0, 0x0000000003543590]
Event: 12.558 Thread 0x0000000015936000 4640       3       io.spring.gradle.dependencymanagement.org.codehaus.plexus.util.xml.pull.MXParser::more (79 bytes)
Event: 12.559 Thread 0x0000000015936000 nmethod 4640 0x00000000038a2310 code [0x00000000038a2480, 0x00000000038a2748]
Event: 12.559 Thread 0x0000000015936000 4641       3       io.spring.gradle.dependencymanagement.org.codehaus.plexus.util.xml.pull.MXParser::newString (11 bytes)
Event: 12.559 Thread 0x0000000015936000 nmethod 4641 0x000000000364a9d0 code [0x000000000364ab40, 0x000000000364ad28]
Event: 12.560 Thread 0x0000000015936000 4642       3       io.spring.gradle.dependencymanagement.org.codehaus.plexus.util.xml.pull.MXParser::isNameChar (63 bytes)
Event: 12.561 Thread 0x0000000015936000 nmethod 4642 0x0000000003703e90 code [0x0000000003704000, 0x0000000003704390]

GC Heap History (10 events):
Event: 8.865 GC heap before
{Heap before GC invocations=11 (full 1):
 PSYoungGen      total 65024K, used 64254K [0x00000000eab00000, 0x00000000f0600000, 0x0000000100000000)
  eden space 58368K, 100% used [0x00000000eab00000,0x00000000ee400000,0x00000000ee400000)
  from space 6656K, 88% used [0x00000000ee400000,0x00000000ee9bfb78,0x00000000eea80000)
  to   space 7168K, 0% used [0x00000000eff00000,0x00000000eff00000,0x00000000f0600000)
 ParOldGen       total 31232K, used 7313K [0x00000000c0000000, 0x00000000c1e80000, 0x00000000eab00000)
  object space 31232K, 23% used [0x00000000c0000000,0x00000000c0724420,0x00000000c1e80000)
 Metaspace       used 29089K, capacity 29570K, committed 29824K, reserved 1075200K
  class space    used 4043K, capacity 4196K, committed 4224K, reserved 1048576K
Event: 8.875 GC heap after
Heap after GC invocations=11 (full 1):
 PSYoungGen      total 83968K, used 6631K [0x00000000eab00000, 0x00000000f0580000, 0x0000000100000000)
  eden space 77312K, 0% used [0x00000000eab00000,0x00000000eab00000,0x00000000ef680000)
  from space 6656K, 99% used [0x00000000eff00000,0x00000000f0579c00,0x00000000f0580000)
  to   space 7680K, 0% used [0x00000000ef680000,0x00000000ef680000,0x00000000efe00000)
 ParOldGen       total 31232K, used 7385K [0x00000000c0000000, 0x00000000c1e80000, 0x00000000eab00000)
  object space 31232K, 23% used [0x00000000c0000000,0x00000000c0736430,0x00000000c1e80000)
 Metaspace       used 29089K, capacity 29570K, committed 29824K, reserved 1075200K
  class space    used 4043K, capacity 4196K, committed 4224K, reserved 1048576K
}
Event: 10.710 GC heap before
{Heap before GC invocations=12 (full 1):
 PSYoungGen      total 83968K, used 83943K [0x00000000eab00000, 0x00000000f0580000, 0x0000000100000000)
  eden space 77312K, 100% used [0x00000000eab00000,0x00000000ef680000,0x00000000ef680000)
  from space 6656K, 99% used [0x00000000eff00000,0x00000000f0579c00,0x00000000f0580000)
  to   space 7680K, 0% used [0x00000000ef680000,0x00000000ef680000,0x00000000efe00000)
 ParOldGen       total 31232K, used 7385K [0x00000000c0000000, 0x00000000c1e80000, 0x00000000eab00000)
  object space 31232K, 23% used [0x00000000c0000000,0x00000000c0736430,0x00000000c1e80000)
 Metaspace       used 33124K, capacity 33586K, committed 33792K, reserved 1079296K
  class space    used 4634K, capacity 4783K, committed 4864K, reserved 1048576K
Event: 10.728 GC heap after
Heap after GC invocations=12 (full 1):
 PSYoungGen      total 84992K, used 5854K [0x00000000eab00000, 0x00000000f1e80000, 0x0000000100000000)
  eden space 77312K, 0% used [0x00000000eab00000,0x00000000eab00000,0x00000000ef680000)
  from space 7680K, 76% used [0x00000000ef680000,0x00000000efc37a68,0x00000000efe00000)
  to   space 8192K, 0% used [0x00000000f1680000,0x00000000f1680000,0x00000000f1e80000)
 ParOldGen       total 31232K, used 11941K [0x00000000c0000000, 0x00000000c1e80000, 0x00000000eab00000)
  object space 31232K, 38% used [0x00000000c0000000,0x00000000c0ba9508,0x00000000c1e80000)
 Metaspace       used 33124K, capacity 33586K, committed 33792K, reserved 1079296K
  class space    used 4634K, capacity 4783K, committed 4864K, reserved 1048576K
}
Event: 11.156 GC heap before
{Heap before GC invocations=13 (full 1):
 PSYoungGen      total 84992K, used 37445K [0x00000000eab00000, 0x00000000f1e80000, 0x0000000100000000)
  eden space 77312K, 40% used [0x00000000eab00000,0x00000000ec9d9ca0,0x00000000ef680000)
  from space 7680K, 76% used [0x00000000ef680000,0x00000000efc37a68,0x00000000efe00000)
  to   space 8192K, 0% used [0x00000000f1680000,0x00000000f1680000,0x00000000f1e80000)
 ParOldGen       total 31232K, used 11941K [0x00000000c0000000, 0x00000000c1e80000, 0x00000000eab00000)
  object space 31232K, 38% used [0x00000000c0000000,0x00000000c0ba9508,0x00000000c1e80000)
 Metaspace       used 34798K, capacity 35322K, committed 35416K, reserved 1079296K
  class space    used 4906K, capacity 5083K, committed 5120K, reserved 1048576K
Event: 11.166 GC heap after
Heap after GC invocations=13 (full 1):
 PSYoungGen      total 110080K, used 2642K [0x00000000eab00000, 0x00000000f2100000, 0x0000000100000000)
  eden space 101888K, 0% used [0x00000000eab00000,0x00000000eab00000,0x00000000f0e80000)
  from space 8192K, 32% used [0x00000000f1680000,0x00000000f1914940,0x00000000f1e80000)
  to   space 8192K, 0% used [0x00000000f0e80000,0x00000000f0e80000,0x00000000f1680000)
 ParOldGen       total 31232K, used 15412K [0x00000000c0000000, 0x00000000c1e80000, 0x00000000eab00000)
  object space 31232K, 49% used [0x00000000c0000000,0x00000000c0f0d3f8,0x00000000c1e80000)
 Metaspace       used 34798K, capacity 35322K, committed 35416K, reserved 1079296K
  class space    used 4906K, capacity 5083K, committed 5120K, reserved 1048576K
}
Event: 11.166 GC heap before
{Heap before GC invocations=14 (full 2):
 PSYoungGen      total 110080K, used 2642K [0x00000000eab00000, 0x00000000f2100000, 0x0000000100000000)
  eden space 101888K, 0% used [0x00000000eab00000,0x00000000eab00000,0x00000000f0e80000)
  from space 8192K, 32% used [0x00000000f1680000,0x00000000f1914940,0x00000000f1e80000)
  to   space 8192K, 0% used [0x00000000f0e80000,0x00000000f0e80000,0x00000000f1680000)
 ParOldGen       total 31232K, used 15412K [0x00000000c0000000, 0x00000000c1e80000, 0x00000000eab00000)
  object space 31232K, 49% used [0x00000000c0000000,0x00000000c0f0d3f8,0x00000000c1e80000)
 Metaspace       used 34798K, capacity 35322K, committed 35416K, reserved 1079296K
  class space    used 4906K, capacity 5083K, committed 5120K, reserved 1048576K
Event: 11.324 GC heap after
Heap after GC invocations=14 (full 2):
 PSYoungGen      total 110080K, used 0K [0x00000000eab00000, 0x00000000f2100000, 0x0000000100000000)
  eden space 101888K, 0% used [0x00000000eab00000,0x00000000eab00000,0x00000000f0e80000)
  from space 8192K, 0% used [0x00000000f1680000,0x00000000f1680000,0x00000000f1e80000)
  to   space 8192K, 0% used [0x00000000f0e80000,0x00000000f0e80000,0x00000000f1680000)
 ParOldGen       total 55296K, used 17316K [0x00000000c0000000, 0x00000000c3600000, 0x00000000eab00000)
  object space 55296K, 31% used [0x00000000c0000000,0x00000000c10e90b0,0x00000000c3600000)
 Metaspace       used 34798K, capacity 35322K, committed 35416K, reserved 1079296K
  class space    used 4906K, capacity 5083K, committed 5120K, reserved 1048576K
}
Event: 12.327 GC heap before
{Heap before GC invocations=15 (full 2):
 PSYoungGen      total 110080K, used 101888K [0x00000000eab00000, 0x00000000f2100000, 0x0000000100000000)
  eden space 101888K, 100% used [0x00000000eab00000,0x00000000f0e80000,0x00000000f0e80000)
  from space 8192K, 0% used [0x00000000f1680000,0x00000000f1680000,0x00000000f1e80000)
  to   space 8192K, 0% used [0x00000000f0e80000,0x00000000f0e80000,0x00000000f1680000)
 ParOldGen       total 55296K, used 17316K [0x00000000c0000000, 0x00000000c3600000, 0x00000000eab00000)
  object space 55296K, 31% used [0x00000000c0000000,0x00000000c10e90b0,0x00000000c3600000)
 Metaspace       used 36930K, capacity 37706K, committed 37888K, reserved 1081344K
  class space    used 5264K, capacity 5518K, committed 5632K, reserved 1048576K
Event: 12.340 GC heap after
Heap after GC invocations=15 (full 2):
 PSYoungGen      total 110080K, used 8176K [0x00000000eab00000, 0x00000000f3b00000, 0x0000000100000000)
  eden space 101888K, 0% used [0x00000000eab00000,0x00000000eab00000,0x00000000f0e80000)
  from space 8192K, 99% used [0x00000000f0e80000,0x00000000f167c020,0x00000000f1680000)
  to   space 10240K, 0% used [0x00000000f3100000,0x00000000f3100000,0x00000000f3b00000)
 ParOldGen       total 55296K, used 19683K [0x00000000c0000000, 0x00000000c3600000, 0x00000000eab00000)
  object space 55296K, 35% used [0x00000000c0000000,0x00000000c1338c48,0x00000000c3600000)
 Metaspace       used 36930K, capacity 37706K, committed 37888K, reserved 1081344K
  class space    used 5264K, capacity 5518K, committed 5632K, reserved 1048576K
}

Deoptimization events (10 events):
Event: 12.528 Thread 0x0000000018741000 Uncommon trap: reason=class_check action=maybe_recompile pc=0x0000000003b27dd0 method=java.util.regex.Matcher.getTextLength()I @ 4
Event: 12.528 Thread 0x0000000018741000 Uncommon trap: reason=class_check action=maybe_recompile pc=0x0000000003cd79dc method=java.util.regex.Matcher.search(I)Z @ 86
Event: 12.528 Thread 0x0000000018741000 Uncommon trap: reason=class_check action=maybe_recompile pc=0x0000000003c4469c method=java.util.regex.Pattern$Slice.match(Ljava/util/regex/Matcher;ILjava/lang/CharSequence;)Z @ 49
Event: 12.528 Thread 0x0000000018741000 Uncommon trap: reason=class_check action=maybe_recompile pc=0x0000000003c4469c method=java.util.regex.Pattern$Slice.match(Ljava/util/regex/Matcher;ILjava/lang/CharSequence;)Z @ 49
Event: 12.528 Thread 0x0000000018741000 Uncommon trap: reason=class_check action=maybe_recompile pc=0x0000000003c4469c method=java.util.regex.Pattern$Slice.match(Ljava/util/regex/Matcher;ILjava/lang/CharSequence;)Z @ 49
Event: 12.528 Thread 0x0000000018741000 Uncommon trap: reason=class_check action=maybe_recompile pc=0x0000000003c4469c method=java.util.regex.Pattern$Slice.match(Ljava/util/regex/Matcher;ILjava/lang/CharSequence;)Z @ 49
Event: 12.528 Thread 0x0000000018741000 Uncommon trap: reason=class_check action=maybe_recompile pc=0x0000000003a7a294 method=java.util.regex.Pattern$BmpCharProperty.match(Ljava/util/regex/Matcher;ILjava/lang/CharSequence;)Z @ 11
Event: 12.528 Thread 0x0000000018741000 Uncommon trap: reason=class_check action=maybe_recompile pc=0x0000000003a7a294 method=java.util.regex.Pattern$BmpCharProperty.match(Ljava/util/regex/Matcher;ILjava/lang/CharSequence;)Z @ 11
Event: 12.528 Thread 0x0000000018741000 Uncommon trap: reason=class_check action=maybe_recompile pc=0x0000000003a7a294 method=java.util.regex.Pattern$BmpCharProperty.match(Ljava/util/regex/Matcher;ILjava/lang/CharSequence;)Z @ 11
Event: 12.528 Thread 0x0000000018741000 Uncommon trap: reason=class_check action=maybe_recompile pc=0x0000000003a7a294 method=java.util.regex.Pattern$BmpCharProperty.match(Ljava/util/regex/Matcher;ILjava/lang/CharSequence;)Z @ 11

Classes redefined (0 events):
No events

Internal exceptions (10 events):
Event: 12.291 Thread 0x0000000018741000 Exception <a 'java/lang/ClassNotFoundException': org/gradle/api/internal/file/collections/DefaultConfigurableFileCollectionBeanInfo> (0x00000000f0bd62c8) thrown at [C:\re\workspace\8-2-build-windows-amd64-cygwin\jdk8u202\12323\hotspot\src\share\vm\classfi
Event: 12.292 Thread 0x0000000018741000 Exception <a 'java/lang/ClassNotFoundException': org/gradle/api/internal/file/collections/DefaultConfigurableFileCollectionCustomizer> (0x00000000f0c179a0) thrown at [C:\re\workspace\8-2-build-windows-amd64-cygwin\jdk8u202\12323\hotspot\src\share\vm\class
Event: 12.300 Thread 0x0000000018741000 Exception <a 'java/lang/ClassNotFoundException': org/gradle/api/tasks/bundling/Jar_DecoratedBeanInfo> (0x00000000f0cde838) thrown at [C:\re\workspace\8-2-build-windows-amd64-cygwin\jdk8u202\12323\hotspot\src\share\vm\classfile\systemDictionary.cpp, line 2
Event: 12.301 Thread 0x0000000018741000 Exception <a 'java/lang/ClassNotFoundException': org/gradle/api/tasks/bundling/Jar_DecoratedCustomizer> (0x00000000f0d1c538) thrown at [C:\re\workspace\8-2-build-windows-amd64-cygwin\jdk8u202\12323\hotspot\src\share\vm\classfile\systemDictionary.cpp, line
Event: 12.343 Thread 0x0000000018741000 Exception <a 'java/lang/ClassNotFoundException': org/gradle/api/reporting/ReportingExtension_DecoratedBeanInfo> (0x00000000eab4e198) thrown at [C:\re\workspace\8-2-build-windows-amd64-cygwin\jdk8u202\12323\hotspot\src\share\vm\classfile\systemDictionary.c
Event: 12.344 Thread 0x0000000018741000 Exception <a 'java/lang/ClassNotFoundException': org/gradle/api/reporting/ReportingExtensionBeanInfo> (0x00000000eab8aba8) thrown at [C:\re\workspace\8-2-build-windows-amd64-cygwin\jdk8u202\12323\hotspot\src\share\vm\classfile\systemDictionary.cpp, line 2
Event: 12.345 Thread 0x0000000018741000 Exception <a 'java/lang/ClassNotFoundException': org/gradle/api/reporting/ReportingExtensionCustomizer> (0x00000000eabc8640) thrown at [C:\re\workspace\8-2-build-windows-amd64-cygwin\jdk8u202\12323\hotspot\src\share\vm\classfile\systemDictionary.cpp, line
Event: 12.347 Thread 0x0000000018741000 Exception <a 'java/lang/ClassNotFoundException': org/gradle/api/reporting/ReportingExtension_DecoratedCustomizer> (0x00000000eac10dc8) thrown at [C:\re\workspace\8-2-build-windows-amd64-cygwin\jdk8u202\12323\hotspot\src\share\vm\classfile\systemDictionary
Event: 12.359 Thread 0x0000000018741000 Exception <a 'java/lang/ClassNotFoundException': org/gradle/api/internal/file/collections/DefaultConfigurableFileTreeBeanInfo> (0x00000000eac90100) thrown at [C:\re\workspace\8-2-build-windows-amd64-cygwin\jdk8u202\12323\hotspot\src\share\vm\classfile\sys
Event: 12.360 Thread 0x0000000018741000 Exception <a 'java/lang/ClassNotFoundException': org/gradle/api/internal/file/collections/DefaultConfigurableFileTreeCustomizer> (0x00000000eaca6360) thrown at [C:\re\workspace\8-2-build-windows-amd64-cygwin\jdk8u202\12323\hotspot\src\share\vm\classfile\s

Events (10 events):
Event: 12.558 loading class io/spring/gradle/dependencymanagement/org/apache/maven/model/Parent
Event: 12.559 loading class io/spring/gradle/dependencymanagement/org/apache/maven/model/Parent done
Event: 12.560 loading class io/spring/gradle/dependencymanagement/org/apache/maven/model/Organization
Event: 12.560 loading class io/spring/gradle/dependencymanagement/org/apache/maven/model/Organization done
Event: 12.561 loading class io/spring/gradle/dependencymanagement/org/apache/maven/model/DependencyManagement
Event: 12.561 loading class io/spring/gradle/dependencymanagement/org/apache/maven/model/DependencyManagement done
Event: 12.562 loading class io/spring/gradle/dependencymanagement/org/apache/maven/model/Dependency
Event: 12.562 loading class io/spring/gradle/dependencymanagement/org/apache/maven/model/Dependency done
Event: 12.563 loading class io/spring/gradle/dependencymanagement/org/apache/maven/model/Exclusion
Event: 12.563 loading class io/spring/gradle/dependencymanagement/org/apache/maven/model/Exclusion done


Dynamic libraries:
0x00007ff60a7e0000 - 0x00007ff60a817000 	C:\Program Files\Java\jdk1.8.0_202\bin\java.exe
0x00007ffcdf7d0000 - 0x00007ffcdf9c5000 	C:\WINDOWS\SYSTEM32\ntdll.dll
0x00007ffcddf80000 - 0x00007ffcde03d000 	C:\WINDOWS\System32\KERNEL32.DLL
0x00007ffcdd380000 - 0x00007ffcdd64d000 	C:\WINDOWS\System32\KERNELBASE.dll
0x00007ffcde400000 - 0x00007ffcde4ae000 	C:\WINDOWS\System32\ADVAPI32.dll
0x00007ffcde0d0000 - 0x00007ffcde16e000 	C:\WINDOWS\System32\msvcrt.dll
0x00007ffcde360000 - 0x00007ffcde3fc000 	C:\WINDOWS\System32\sechost.dll
0x00007ffcddd00000 - 0x00007ffcdde25000 	C:\WINDOWS\System32\RPCRT4.dll
0x00007ffcdf5f0000 - 0x00007ffcdf790000 	C:\WINDOWS\System32\USER32.dll
0x00007ffcdd6c0000 - 0x00007ffcdd6e2000 	C:\WINDOWS\System32\win32u.dll
0x00007ffcde810000 - 0x00007ffcde83a000 	C:\WINDOWS\System32\GDI32.dll
0x00007ffcdd270000 - 0x00007ffcdd37b000 	C:\WINDOWS\System32\gdi32full.dll
0x00007ffcdcee0000 - 0x00007ffcdcf7d000 	C:\WINDOWS\System32\msvcp_win.dll
0x00007ffcdd0e0000 - 0x00007ffcdd1e0000 	C:\WINDOWS\System32\ucrtbase.dll
0x00007ffcdc2f0000 - 0x00007ffcdc58a000 	C:\WINDOWS\WinSxS\amd64_microsoft.windows.common-controls_6595b64144ccf1df_6.0.19041.1110_none_60b5254171f9507e\COMCTL32.dll
0x00007ffcddf50000 - 0x00007ffcddf80000 	C:\WINDOWS\System32\IMM32.DLL
0x0000000056f80000 - 0x0000000057052000 	C:\Program Files\Java\jdk1.8.0_202\jre\bin\msvcr100.dll
0x0000000077470000 - 0x0000000077d15000 	C:\Program Files\Java\jdk1.8.0_202\jre\bin\server\jvm.dll
0x00007ffcde580000 - 0x00007ffcde588000 	C:\WINDOWS\System32\PSAPI.DLL
0x00007ffcc1130000 - 0x00007ffcc1157000 	C:\WINDOWS\SYSTEM32\WINMM.dll
0x00007ffcafa20000 - 0x00007ffcafa29000 	C:\WINDOWS\SYSTEM32\WSOCK32.dll
0x00007ffcda1e0000 - 0x00007ffcda1ea000 	C:\WINDOWS\SYSTEM32\VERSION.dll
0x00007ffcdf580000 - 0x00007ffcdf5eb000 	C:\WINDOWS\System32\WS2_32.dll
0x00007ffcda2d0000 - 0x00007ffcda2df000 	C:\Program Files\Java\jdk1.8.0_202\jre\bin\verify.dll
0x00007ffcaecb0000 - 0x00007ffcaecd9000 	C:\Program Files\Java\jdk1.8.0_202\jre\bin\java.dll
0x00007ffcaec90000 - 0x00007ffcaeca6000 	C:\Program Files\Java\jdk1.8.0_202\jre\bin\zip.dll
0x00007ffcdedd0000 - 0x00007ffcdf514000 	C:\WINDOWS\System32\SHELL32.dll
0x00007ffcda300000 - 0x00007ffcdaa94000 	C:\WINDOWS\SYSTEM32\windows.storage.dll
0x00007ffcde8c0000 - 0x00007ffcdec14000 	C:\WINDOWS\System32\combase.dll
0x00007ffcdc250000 - 0x00007ffcdc27c000 	C:\WINDOWS\SYSTEM32\Wldp.dll
0x00007ffcde2b0000 - 0x00007ffcde35d000 	C:\WINDOWS\System32\SHCORE.dll
0x00007ffcde250000 - 0x00007ffcde2a5000 	C:\WINDOWS\System32\shlwapi.dll
0x00007ffcdce20000 - 0x00007ffcdce3f000 	C:\WINDOWS\SYSTEM32\profapi.dll
0x00007ffcda250000 - 0x00007ffcda26a000 	C:\Program Files\Java\jdk1.8.0_202\jre\bin\net.dll
0x00007ffcced80000 - 0x00007ffccef6c000 	C:\WINDOWS\SYSTEM32\urlmon.dll
0x00007ffcceac0000 - 0x00007ffcced71000 	C:\WINDOWS\SYSTEM32\iertutil.dll
0x00007ffccea90000 - 0x00007ffcceab8000 	C:\WINDOWS\SYSTEM32\srvcli.dll
0x00007ffcdbdb0000 - 0x00007ffcdbdbc000 	C:\WINDOWS\SYSTEM32\netutils.dll
0x00007ffcdbfb0000 - 0x00007ffcdc01a000 	C:\WINDOWS\system32\mswsock.dll
0x00007ffccf620000 - 0x00007ffccf632000 	C:\Program Files\Java\jdk1.8.0_202\jre\bin\nio.dll
0x00007ffca50a0000 - 0x00007ffca50be000 	C:\Users\WILSON\.gradle\native\25\windows-amd64\native-platform.dll
0x00007ffcdcc00000 - 0x00007ffcdcc18000 	C:\WINDOWS\SYSTEM32\CRYPTSP.dll
0x00007ffcdb950000 - 0x00007ffcdb984000 	C:\WINDOWS\system32\rsaenh.dll
0x00007ffcdd7f0000 - 0x00007ffcdd817000 	C:\WINDOWS\System32\bcrypt.dll
0x00007ffcdcde0000 - 0x00007ffcdce0e000 	C:\WINDOWS\SYSTEM32\USERENV.dll
0x00007ffcdd1e0000 - 0x00007ffcdd262000 	C:\WINDOWS\System32\bcryptprimitives.dll
0x00007ffcdc240000 - 0x00007ffcdc24c000 	C:\WINDOWS\SYSTEM32\CRYPTBASE.dll
0x00007ffcdbca0000 - 0x00007ffcdbcdb000 	C:\WINDOWS\SYSTEM32\IPHLPAPI.DLL
0x00007ffcde750000 - 0x00007ffcde758000 	C:\WINDOWS\System32\NSI.dll
0x00007ffcd03a0000 - 0x00007ffcd03b7000 	C:\WINDOWS\SYSTEM32\dhcpcsvc6.DLL
0x00007ffcd08b0000 - 0x00007ffcd08cd000 	C:\WINDOWS\SYSTEM32\dhcpcsvc.DLL
0x00007ffcdbce0000 - 0x00007ffcdbdab000 	C:\WINDOWS\SYSTEM32\DNSAPI.dll
0x00007ffccf730000 - 0x00007ffccf73d000 	C:\Program Files\Java\jdk1.8.0_202\jre\bin\management.dll

VM Arguments:
jvm_args: -XX:MaxPermSize=256m -XX:+HeapDumpOnOutOfMemoryError -Xmx1024m -Dfile.encoding=UTF-8 -Duser.country=US -Duser.language=en -Duser.variant 
java_command: org.gradle.launcher.daemon.bootstrap.GradleDaemon 3.5
java_class_path (initial): C:\Users\WILSON\.gradle\wrapper\dists\gradle-3.5-all\exhrs6ca08n232b14ue48lbye\gradle-3.5\lib\gradle-launcher-3.5.jar
Launcher Type: SUN_STANDARD

Environment Variables:
PATH=C:\Program Files\Common Files\Oracle\Java\javapath;C:\Program Files (x86)\Common Files\Oracle\Java\javapath;C:\WINDOWS\system32;C:\WINDOWS;C:\WINDOWS\System32\Wbem;C:\WINDOWS\System32\WindowsPowerShell\v1.0\;C:\Program Files\Microsoft\Web Platform Installer\;C:\Program Files (x86)\PowerShell\7\;C:\WINDOWS\System32\OpenSSH\;C:\Program Files\Git\cmd;C:\grails-3.3.5\bin;C:\Program Files\Microsoft SQL Server\Client SDK\ODBC\110\Tools\Binn\;C:\Program Files (x86)\Microsoft SQL Server\120\Tools\Binn\;C:\Program Files\Microsoft SQL Server\120\Tools\Binn\;C:\Program Files\Microsoft SQL Server\120\DTS\Binn\;C:\Program Files (x86)\Microsoft SQL Server\120\Tools\Binn\ManagementStudio\;C:\Program Files (x86)\Microsoft SQL Server\120\DTS\Binn\;C:\Users\WILSON\AppData\Local\Microsoft\WindowsApps;C:\Users\WILSON\AppData\Local\Programs\Microsoft VS Code\bin;C:\php-7.4.28-nts-Win32-vc15-x64;
USERNAME=WILSON
OS=Windows_NT
PROCESSOR_IDENTIFIER=Intel64 Family 6 Model 142 Stepping 9, GenuineIntel



---------------  S Y S T E M  ---------------

OS: Windows 10.0 , 64 bit Build 19041 (10.0.19041.1706)

CPU:total 4 (initial active 4) (2 cores per cpu, 2 threads per core) family 6 model 142 stepping 9, cmov, cx8, fxsr, mmx, sse, sse2, sse3, ssse3, sse4.1, sse4.2, popcnt, avx, avx2, aes, clmul, erms, 3dnowpref, lzcnt, ht, tsc, tscinvbit, bmi1, bmi2, adx

Memory: 4k page, physical 3554520k(315104k free), swap 14564568k(5540k free)

vm_info: Java HotSpot(TM) 64-Bit Server VM (25.202-b08) for windows-amd64 JRE (1.8.0_202-b08), built on Dec 15 2018 19:54:30 by "java_re" with MS VC++ 10.0 (VS2010)

time: Thu Jul 27 16:53:37 2023
timezone: South Africa Standard Time
elapsed time: 12 seconds (0d 0h 0m 12s)

